#
# There is insufficient memory for the Java Runtime Environment to continue.
# Native memory allocation (mmap) failed to map 275775488 bytes for G1 virtual space
# Possible reasons:
#   The system is out of physical RAM or swap space
#   The process is running with CompressedOops enabled, and the Java Heap may be blocking the growth of the native heap
# Possible solutions:
#   Reduce memory load on the system
#   Increase physical memory or swap space
#   Check if swap backing store is full
#   Decrease Java heap size (-Xmx/-Xms)
#   Decrease number of Java threads
#   Decrease Java thread stack sizes (-Xss)
#   Set larger code cache with -XX:ReservedCodeCacheSize=
#   JVM is running with Unscaled Compressed Oops mode in which the Java heap is
#     placed in the first 4GB address space. The Java Heap base address is the
#     maximum limit for the native heap growth. Please use -XX:HeapBaseMinAddress
#     to set the Java Heap base and to place the Java Heap above 4GB virtual address.
# This output file may be truncated or incomplete.
#
#  Out of Memory Error (./open/src/hotspot/os/windows/os_windows.cpp:3472), pid=20004, tid=14544
#
# JRE version: Java(TM) SE Runtime Environment (15.0.1+9) (build 15.0.1+9-18)
# Java VM: Java HotSpot(TM) 64-Bit Server VM (15.0.1+9-18, mixed mode, sharing, tiered, compressed oops, g1 gc, windows-amd64)
# No core dump will be written. Minidumps are not enabled by default on client versions of Windows
#

---------------  S U M M A R Y ------------

Command Line: --add-opens=java.base/java.util=ALL-UNNAMED --add-opens=java.base/java.lang=ALL-UNNAMED --add-opens=java.base/java.lang.invoke=ALL-UNNAMED --add-opens=java.prefs/java.util.prefs=ALL-UNNAMED -Xmx2048m -Dfile.encoding=windows-1252 -Duser.country=US -Duser.language=en -Duser.variant org.gradle.launcher.daemon.bootstrap.GradleDaemon 6.5

Host: Intel(R) Core(TM) i5-1035G1 CPU @ 1.00GHz, 8 cores, 7G,  Windows 10 , 64 bit Build 19041 (10.0.19041.546)
Time: Tue Dec 22 10:50:20 2020 SE Asia Standard Time elapsed time: 14.891539 seconds (0d 0h 0m 14s)

---------------  T H R E A D  ---------------

Current thread (0x000001ac7ac29720):  VMThread "VM Thread" [stack: 0x00000096dd400000,0x00000096dd500000] [id=14544]

Stack: [0x00000096dd400000,0x00000096dd500000]
[error occurred during error reporting (printing stack bounds), id 0xc0000005, EXCEPTION_ACCESS_VIOLATION (0xc0000005) at pc=0x000001ac642f1267]

Native frames: (J=compiled Java code, j=interpreted, Vv=VM code, C=native code)
V  [jvm.dll+0x62ae9a]
V  [jvm.dll+0x781389]
V  [jvm.dll+0x782ae3]
V  [jvm.dll+0x7830a5]
V  [jvm.dll+0x78305b]
V  [jvm.dll+0x62a2b9]
V  [jvm.dll+0x62aa88]
C  [ntdll.dll+0xa10ff]
C  [ntdll.dll+0x4b474]
C  [ntdll.dll+0x9fc2e]
C  0x000001ac642f1267

VM_Operation (0x00000096e01f9010): G1CollectForAllocation, mode: safepoint, requested by thread 0x000001ac7f9b9f00


---------------  P R O C E S S  ---------------

Threads class SMR info:
_java_thread_list=0x000001ac7f71c020, length=148, elements={
0x000001ac5c0aca70, 0x000001ac7ac2eed0, 0x000001ac7ac319c0, 0x000001ac7ac4b250,
0x000001ac7ac4cc20, 0x000001ac7ac4d5e0, 0x000001ac7ac50af0, 0x000001ac7ac54aa0,
0x000001ac7ac683a0, 0x000001ac7b690b00, 0x000001ac7b6c2580, 0x000001ac7ca82610,
0x000001ac7cac0490, 0x000001ac7c31eea0, 0x000001ac7c704320, 0x000001ac7c705410,
0x000001ac7d630e90, 0x000001ac7d07bd80, 0x000001ac7d6765b0, 0x000001ac7cfcf8a0,
0x000001ac7d6cea30, 0x000001ac7d6cc3b0, 0x000001ac7d6cef00, 0x000001ac7d6cf3d0,
0x000001ac7d6cbee0, 0x000001ac7d6ce090, 0x000001ac7dbff650, 0x000001ac7dc00990,
0x000001ac7dbfe7e0, 0x000001ac7dbfc160, 0x000001ac7dbfc630, 0x000001ac7dbfd4a0,
0x000001ac7f9bbbe0, 0x000001ac7f9b9f00, 0x000001ac7f9bd8c0, 0x000001ac7f9b6a10,
0x000001ac7f9bc580, 0x000001ac7f9b9a30, 0x000001ac7f9bcf20, 0x000001ac7f9bd3f0,
0x000001ac7f9bc0b0, 0x000001ac7f9b6070, 0x000001ac7f9bb710, 0x000001ac7f9b6540,
0x000001ac7f9b8bc0, 0x000001ac7f9b6ee0, 0x000001ac7f9bca50, 0x000001ac7f9bad70,
0x000001ac7f9ba3d0, 0x000001ac7f9b86f0, 0x000001ac7f9b73b0, 0x000001ac7f9b9560,
0x000001ac7f9b7880, 0x000001ac7f9b7d50, 0x000001ac7f9ba8a0, 0x000001ac7f9b8220,
0x000001ac7f9b9090, 0x000001ac7f9bb240, 0x000001ac00ed7e30, 0x000001ac00eda980,
0x000001ac00ed4e10, 0x000001ac00edb320, 0x000001ac00ed6fc0, 0x000001ac00ed6af0,
0x000001ac00ed52e0, 0x000001ac00ed7960, 0x000001ac00ed6620, 0x000001ac00ed4470,
0x000001ac00edae50, 0x000001ac00ed9170, 0x000001ac00ed4940, 0x000001ac00edb7f0,
0x000001ac00ed8300, 0x000001ac00ed3fa0, 0x000001ac00ed7490, 0x000001ac00ed57b0,
0x000001ac00ed9640, 0x000001ac00ed5c80, 0x000001ac00ed6150, 0x000001ac00ed87d0,
0x000001ac00ed9b10, 0x000001ac00ed8ca0, 0x000001ac00ed9fe0, 0x000001ac00eda4b0,
0x000001ac0096d7c0, 0x000001ac0096ac70, 0x000001ac00969e00, 0x000001ac00970310,
0x000001ac0096f970, 0x000001ac0096b140, 0x000001ac0096d2f0, 0x000001ac00969930,
0x000001ac0096a2d0, 0x000001ac00968ac0, 0x000001ac0096b610, 0x000001ac0096bae0,
0x000001ac00968f90, 0x000001ac0096dc90, 0x000001ac00969460, 0x000001ac0096fe40,
0x000001ac0096c950, 0x000001ac0096a7a0, 0x000001ac0096bfb0, 0x000001ac0096c480,
0x000001ac0096ce20, 0x000001ac0096e160, 0x000001ac0096e630, 0x000001ac0096eb00,
0x000001ac0096efd0, 0x000001ac0096f4a0, 0x000001ac00f0cab0, 0x000001ac00f0b2a0,
0x000001ac00f0d920, 0x000001ac00f095c0, 0x000001ac00f0a430, 0x000001ac00f0a900,
0x000001ac00f0add0, 0x000001ac00f09a90, 0x000001ac00f0e2c0, 0x000001ac00f09f60,
0x000001ac00f08280, 0x000001ac00f08750, 0x000001ac00f08c20, 0x000001ac00f0b770,
0x000001ac00f0bc40, 0x000001ac00f090f0, 0x000001ac00f0ec60, 0x000001ac00f0c110,
0x000001ac00f0d450, 0x000001ac00f0c5e0, 0x000001ac00f0cf80, 0x000001ac00f0ddf0,
0x000001ac00f0e790, 0x000001ac7dcb2d60, 0x000001ac7dcb3230, 0x000001ac7dcb3700,
0x000001ac7dcb6250, 0x000001ac7dcb8da0, 0x000001ac7dcb6bf0, 0x000001ac7dcb4570,
0x000001ac7dcb2890, 0x000001ac7dcb88d0, 0x000001ac7dcb58b0, 0x000001ac029905b0,
0x000001ac00d0f250, 0x000001ac00d0fbf0, 0x000001ac04cd5fc0, 0x000001ac04cd5620
}

Java Threads: ( => current thread )
  0x000001ac5c0aca70 JavaThread "main" [_thread_blocked, id=18648, stack(0x00000096dce00000,0x00000096dcf00000)]
  0x000001ac7ac2eed0 JavaThread "Reference Handler" daemon [_thread_blocked, id=15876, stack(0x00000096dd500000,0x00000096dd600000)]
  0x000001ac7ac319c0 JavaThread "Finalizer" daemon [_thread_blocked, id=1552, stack(0x00000096dd600000,0x00000096dd700000)]
  0x000001ac7ac4b250 JavaThread "Signal Dispatcher" daemon [_thread_blocked, id=17460, stack(0x00000096dd700000,0x00000096dd800000)]
  0x000001ac7ac4cc20 JavaThread "Attach Listener" daemon [_thread_blocked, id=5496, stack(0x00000096dd800000,0x00000096dd900000)]
  0x000001ac7ac4d5e0 JavaThread "Service Thread" daemon [_thread_blocked, id=18176, stack(0x00000096dd900000,0x00000096dda00000)]
  0x000001ac7ac50af0 JavaThread "C2 CompilerThread0" daemon [_thread_blocked, id=15672, stack(0x00000096dda00000,0x00000096ddb00000)]
  0x000001ac7ac54aa0 JavaThread "C1 CompilerThread0" daemon [_thread_blocked, id=16244, stack(0x00000096ddb00000,0x00000096ddc00000)]
  0x000001ac7ac683a0 JavaThread "Sweeper thread" daemon [_thread_blocked, id=20256, stack(0x00000096ddc00000,0x00000096ddd00000)]
  0x000001ac7b690b00 JavaThread "Common-Cleaner" daemon [_thread_blocked, id=19988, stack(0x00000096ddd00000,0x00000096dde00000)]
  0x000001ac7b6c2580 JavaThread "Notification Thread" daemon [_thread_blocked, id=15152, stack(0x00000096dde00000,0x00000096ddf00000)]
  0x000001ac7ca82610 JavaThread "Daemon health stats" [_thread_blocked, id=17948, stack(0x00000096de400000,0x00000096de500000)]
  0x000001ac7cac0490 JavaThread "Incoming local TCP Connector on port 55041" [_thread_in_native, id=2568, stack(0x00000096de700000,0x00000096de800000)]
  0x000001ac7c31eea0 JavaThread "Daemon periodic checks" [_thread_blocked, id=15780, stack(0x00000096de800000,0x00000096de900000)]
  0x000001ac7c704320 JavaThread "Daemon" [_thread_blocked, id=5672, stack(0x00000096de900000,0x00000096dea00000)]
  0x000001ac7c705410 JavaThread "Handler for socket connection from /127.0.0.1:55041 to /127.0.0.1:55042" [_thread_in_native, id=19672, stack(0x00000096dea00000,0x00000096deb00000)]
  0x000001ac7d630e90 JavaThread "Cancel handler" [_thread_blocked, id=13504, stack(0x00000096de300000,0x00000096de400000)]
  0x000001ac7d07bd80 JavaThread "Daemon worker" [_thread_blocked, id=11092, stack(0x00000096deb00000,0x00000096dec00000)]
  0x000001ac7d6765b0 JavaThread "Asynchronous log dispatcher for DefaultDaemonConnection: socket connection from /127.0.0.1:55041 to /127.0.0.1:55042" [_thread_blocked, id=19668, stack(0x00000096dec00000,0x00000096ded00000)]
  0x000001ac7cfcf8a0 JavaThread "Stdin handler" [_thread_blocked, id=12888, stack(0x00000096ded00000,0x00000096dee00000)]
  0x000001ac7d6cea30 JavaThread "Thread-8" [_thread_blocked, id=20124, stack(0x00000096dee00000,0x00000096def00000)]
  0x000001ac7d6cc3b0 JavaThread "Cache worker for journal cache (C:\Users\crims\.gradle\caches\journal-1)" [_thread_blocked, id=20088, stack(0x00000096def00000,0x00000096df000000)]
  0x000001ac7d6cef00 JavaThread "File lock request listener" [_thread_in_native, id=18608, stack(0x00000096df000000,0x00000096df100000)]
  0x000001ac7d6cf3d0 JavaThread "Cache worker for file hash cache (C:\Users\crims\.gradle\caches\6.5\fileHashes)" [_thread_blocked, id=6864, stack(0x00000096df100000,0x00000096df200000)]
  0x000001ac7d6cbee0 JavaThread "Cache worker for file hash cache (D:\CDTH18PMA\AndroidPeoject\.gradle\6.5\fileHashes)" [_thread_blocked, id=17152, stack(0x00000096df200000,0x00000096df300000)]
  0x000001ac7d6ce090 JavaThread "Cache worker for checksums cache (D:\CDTH18PMA\AndroidPeoject\.gradle\checksums)" [_thread_blocked, id=12728, stack(0x00000096df400000,0x00000096df500000)]
  0x000001ac7dbff650 JavaThread "Cache worker for cache directory md-supplier (C:\Users\crims\.gradle\caches\6.5\md-supplier)" [_thread_blocked, id=5244, stack(0x00000096dfa00000,0x00000096dfb00000)]
  0x000001ac7dc00990 JavaThread "Cache worker for cache directory md-rule (C:\Users\crims\.gradle\caches\6.5\md-rule)" [_thread_blocked, id=9504, stack(0x00000096dfb00000,0x00000096dfc00000)]
  0x000001ac7dbfe7e0 JavaThread "Cache worker for execution history cache (C:\Users\crims\.gradle\caches\6.5\executionHistory)" [_thread_blocked, id=2704, stack(0x00000096dfc00000,0x00000096dfd00000)]
  0x000001ac7dbfc160 JavaThread "jar transforms" [_thread_blocked, id=4048, stack(0x00000096dfd00000,0x00000096dfe00000)]
  0x000001ac7dbfc630 JavaThread "Cache worker for file content cache (C:\Users\crims\.gradle\caches\6.5\fileContent)" [_thread_blocked, id=7588, stack(0x00000096dfe00000,0x00000096dff00000)]
  0x000001ac7dbfd4a0 JavaThread "Build operations" [_thread_blocked, id=2044, stack(0x00000096dff00000,0x00000096e0000000)]
  0x000001ac7f9bbbe0 JavaThread "Build operations Thread 2" [_thread_blocked, id=2552, stack(0x00000096e0000000,0x00000096e0100000)]
  0x000001ac7f9b9f00 JavaThread "Build operations Thread 3" [_thread_blocked, id=20280, stack(0x00000096e0100000,0x00000096e0200000)]
  0x000001ac7f9bd8c0 JavaThread "Build operations Thread 4" [_thread_blocked, id=19052, stack(0x00000096e0200000,0x00000096e0300000)]
  0x000001ac7f9b6a10 JavaThread "Build operations Thread 5" [_thread_blocked, id=15796, stack(0x00000096e0300000,0x00000096e0400000)]
  0x000001ac7f9bc580 JavaThread "Build operations Thread 6" [_thread_blocked, id=10032, stack(0x00000096e0400000,0x00000096e0500000)]
  0x000001ac7f9b9a30 JavaThread "Build operations Thread 7" [_thread_blocked, id=4948, stack(0x00000096e0500000,0x00000096e0600000)]
  0x000001ac7f9bcf20 JavaThread "Build operations Thread 8" [_thread_blocked, id=4584, stack(0x00000096e0600000,0x00000096e0700000)]
  0x000001ac7f9bd3f0 JavaThread "jar transforms Thread 2" [_thread_blocked, id=936, stack(0x00000096e0700000,0x00000096e0800000)]
  0x000001ac7f9bc0b0 JavaThread "jar transforms Thread 3" [_thread_blocked, id=18320, stack(0x00000096e0800000,0x00000096e0900000)]
  0x000001ac7f9b6070 JavaThread "jar transforms Thread 4" [_thread_blocked, id=17620, stack(0x00000096e0900000,0x00000096e0a00000)]
  0x000001ac7f9bb710 JavaThread "jar transforms Thread 5" [_thread_blocked, id=20176, stack(0x00000096e0a00000,0x00000096e0b00000)]
  0x000001ac7f9b6540 JavaThread "jar transforms Thread 6" [_thread_blocked, id=19100, stack(0x00000096e0b00000,0x00000096e0c00000)]
  0x000001ac7f9b8bc0 JavaThread "jar transforms Thread 7" [_thread_blocked, id=11476, stack(0x00000096e0c00000,0x00000096e0d00000)]
  0x000001ac7f9b6ee0 JavaThread "jar transforms Thread 8" [_thread_blocked, id=15792, stack(0x00000096e0d00000,0x00000096e0e00000)]
  0x000001ac7f9bca50 JavaThread "jar transforms Thread 9" [_thread_blocked, id=15776, stack(0x00000096e0e00000,0x00000096e0f00000)]
  0x000001ac7f9bad70 JavaThread "jar transforms Thread 10" [_thread_blocked, id=2616, stack(0x00000096e0f00000,0x00000096e1000000)]
  0x000001ac7f9ba3d0 JavaThread "jar transforms Thread 11" [_thread_blocked, id=20248, stack(0x00000096e1000000,0x00000096e1100000)]
  0x000001ac7f9b86f0 JavaThread "jar transforms Thread 12" [_thread_blocked, id=7464, stack(0x00000096e1100000,0x00000096e1200000)]
  0x000001ac7f9b73b0 JavaThread "jar transforms Thread 13" [_thread_blocked, id=20104, stack(0x00000096e1200000,0x00000096e1300000)]
  0x000001ac7f9b9560 JavaThread "jar transforms Thread 14" [_thread_blocked, id=9436, stack(0x00000096e1300000,0x00000096e1400000)]
  0x000001ac7f9b7880 JavaThread "jar transforms Thread 15" [_thread_blocked, id=13648, stack(0x00000096e1400000,0x00000096e1500000)]
  0x000001ac7f9b7d50 JavaThread "jar transforms Thread 16" [_thread_blocked, id=16220, stack(0x00000096e1500000,0x00000096e1600000)]
  0x000001ac7f9ba8a0 JavaThread "jar transforms Thread 17" [_thread_blocked, id=13224, stack(0x00000096e1600000,0x00000096e1700000)]
  0x000001ac7f9b8220 JavaThread "jar transforms Thread 18" [_thread_blocked, id=13240, stack(0x00000096e1700000,0x00000096e1800000)]
  0x000001ac7f9b9090 JavaThread "jar transforms Thread 19" [_thread_blocked, id=20172, stack(0x00000096e1800000,0x00000096e1900000)]
  0x000001ac7f9bb240 JavaThread "jar transforms Thread 20" [_thread_blocked, id=3152, stack(0x00000096e1900000,0x00000096e1a00000)]
  0x000001ac00ed7e30 JavaThread "jar transforms Thread 21" [_thread_blocked, id=17804, stack(0x00000096e1a00000,0x00000096e1b00000)]
  0x000001ac00eda980 JavaThread "jar transforms Thread 22" [_thread_blocked, id=10548, stack(0x00000096e1b00000,0x00000096e1c00000)]
  0x000001ac00ed4e10 JavaThread "jar transforms Thread 23" [_thread_blocked, id=17492, stack(0x00000096e1c00000,0x00000096e1d00000)]
  0x000001ac00edb320 JavaThread "jar transforms Thread 24" [_thread_blocked, id=15864, stack(0x00000096e1d00000,0x00000096e1e00000)]
  0x000001ac00ed6fc0 JavaThread "jar transforms Thread 25" [_thread_blocked, id=18308, stack(0x00000096e1e00000,0x00000096e1f00000)]
  0x000001ac00ed6af0 JavaThread "jar transforms Thread 26" [_thread_blocked, id=16896, stack(0x00000096e1f00000,0x00000096e2000000)]
  0x000001ac00ed52e0 JavaThread "jar transforms Thread 27" [_thread_blocked, id=19524, stack(0x00000096e2000000,0x00000096e2100000)]
  0x000001ac00ed7960 JavaThread "jar transforms Thread 28" [_thread_blocked, id=12732, stack(0x00000096e2100000,0x00000096e2200000)]
  0x000001ac00ed6620 JavaThread "jar transforms Thread 29" [_thread_blocked, id=16620, stack(0x00000096e2200000,0x00000096e2300000)]
  0x000001ac00ed4470 JavaThread "jar transforms Thread 30" [_thread_blocked, id=16292, stack(0x00000096e2300000,0x00000096e2400000)]
  0x000001ac00edae50 JavaThread "jar transforms Thread 31" [_thread_blocked, id=13468, stack(0x00000096e2400000,0x00000096e2500000)]
  0x000001ac00ed9170 JavaThread "jar transforms Thread 32" [_thread_blocked, id=16508, stack(0x00000096e2500000,0x00000096e2600000)]
  0x000001ac00ed4940 JavaThread "jar transforms Thread 33" [_thread_blocked, id=2524, stack(0x00000096e2600000,0x00000096e2700000)]
  0x000001ac00edb7f0 JavaThread "jar transforms Thread 34" [_thread_blocked, id=19076, stack(0x00000096e2700000,0x00000096e2800000)]
  0x000001ac00ed8300 JavaThread "jar transforms Thread 35" [_thread_blocked, id=13416, stack(0x00000096e2800000,0x00000096e2900000)]
  0x000001ac00ed3fa0 JavaThread "jar transforms Thread 36" [_thread_blocked, id=17740, stack(0x00000096e2900000,0x00000096e2a00000)]
  0x000001ac00ed7490 JavaThread "jar transforms Thread 37" [_thread_blocked, id=20444, stack(0x00000096e2a00000,0x00000096e2b00000)]
  0x000001ac00ed57b0 JavaThread "jar transforms Thread 38" [_thread_blocked, id=14952, stack(0x00000096e2b00000,0x00000096e2c00000)]
  0x000001ac00ed9640 JavaThread "jar transforms Thread 39" [_thread_blocked, id=12936, stack(0x00000096e2c00000,0x00000096e2d00000)]
  0x000001ac00ed5c80 JavaThread "jar transforms Thread 40" [_thread_blocked, id=17060, stack(0x00000096e2d00000,0x00000096e2e00000)]
  0x000001ac00ed6150 JavaThread "jar transforms Thread 41" [_thread_blocked, id=5184, stack(0x00000096e2e00000,0x00000096e2f00000)]
  0x000001ac00ed87d0 JavaThread "jar transforms Thread 42" [_thread_blocked, id=16984, stack(0x00000096e2f00000,0x00000096e3000000)]
  0x000001ac00ed9b10 JavaThread "jar transforms Thread 43" [_thread_blocked, id=20460, stack(0x00000096e3000000,0x00000096e3100000)]
  0x000001ac00ed8ca0 JavaThread "jar transforms Thread 44" [_thread_blocked, id=18464, stack(0x00000096e3100000,0x00000096e3200000)]
  0x000001ac00ed9fe0 JavaThread "jar transforms Thread 45" [_thread_blocked, id=17504, stack(0x00000096e3200000,0x00000096e3300000)]
  0x000001ac00eda4b0 JavaThread "jar transforms Thread 46" [_thread_blocked, id=15732, stack(0x00000096e3300000,0x00000096e3400000)]
  0x000001ac0096d7c0 JavaThread "jar transforms Thread 47" [_thread_blocked, id=16780, stack(0x00000096e3400000,0x00000096e3500000)]
  0x000001ac0096ac70 JavaThread "jar transforms Thread 48" [_thread_blocked, id=17332, stack(0x00000096e3500000,0x00000096e3600000)]
  0x000001ac00969e00 JavaThread "jar transforms Thread 49" [_thread_blocked, id=7272, stack(0x00000096e3600000,0x00000096e3700000)]
  0x000001ac00970310 JavaThread "jar transforms Thread 50" [_thread_blocked, id=16732, stack(0x00000096e3700000,0x00000096e3800000)]
  0x000001ac0096f970 JavaThread "jar transforms Thread 51" [_thread_blocked, id=8008, stack(0x00000096e3800000,0x00000096e3900000)]
  0x000001ac0096b140 JavaThread "jar transforms Thread 52" [_thread_blocked, id=4600, stack(0x00000096e3900000,0x00000096e3a00000)]
  0x000001ac0096d2f0 JavaThread "jar transforms Thread 53" [_thread_blocked, id=20436, stack(0x00000096e3a00000,0x00000096e3b00000)]
  0x000001ac00969930 JavaThread "jar transforms Thread 54" [_thread_blocked, id=7604, stack(0x00000096e3b00000,0x00000096e3c00000)]
  0x000001ac0096a2d0 JavaThread "jar transforms Thread 55" [_thread_blocked, id=14320, stack(0x00000096e3c00000,0x00000096e3d00000)]
  0x000001ac00968ac0 JavaThread "jar transforms Thread 56" [_thread_blocked, id=7600, stack(0x00000096e3d00000,0x00000096e3e00000)]
  0x000001ac0096b610 JavaThread "jar transforms Thread 57" [_thread_blocked, id=20100, stack(0x00000096e3e00000,0x00000096e3f00000)]
  0x000001ac0096bae0 JavaThread "jar transforms Thread 58" [_thread_blocked, id=16996, stack(0x00000096e3f00000,0x00000096e4000000)]
  0x000001ac00968f90 JavaThread "jar transforms Thread 59" [_thread_blocked, id=9080, stack(0x00000096e4000000,0x00000096e4100000)]
  0x000001ac0096dc90 JavaThread "jar transforms Thread 60" [_thread_blocked, id=12676, stack(0x00000096e4100000,0x00000096e4200000)]
  0x000001ac00969460 JavaThread "jar transforms Thread 61" [_thread_blocked, id=12328, stack(0x00000096e4200000,0x00000096e4300000)]
  0x000001ac0096fe40 JavaThread "jar transforms Thread 62" [_thread_blocked, id=17148, stack(0x00000096e4300000,0x00000096e4400000)]
  0x000001ac0096c950 JavaThread "jar transforms Thread 63" [_thread_blocked, id=19892, stack(0x00000096e4400000,0x00000096e4500000)]
  0x000001ac0096a7a0 JavaThread "jar transforms Thread 64" [_thread_blocked, id=16608, stack(0x00000096e4500000,0x00000096e4600000)]
  0x000001ac0096bfb0 JavaThread "jar transforms Thread 65" [_thread_blocked, id=18812, stack(0x00000096e4600000,0x00000096e4700000)]
  0x000001ac0096c480 JavaThread "jar transforms Thread 66" [_thread_blocked, id=15248, stack(0x00000096e4700000,0x00000096e4800000)]
  0x000001ac0096ce20 JavaThread "jar transforms Thread 67" [_thread_blocked, id=19352, stack(0x00000096e4800000,0x00000096e4900000)]
  0x000001ac0096e160 JavaThread "jar transforms Thread 68" [_thread_blocked, id=16824, stack(0x00000096e4900000,0x00000096e4a00000)]
  0x000001ac0096e630 JavaThread "jar transforms Thread 69" [_thread_blocked, id=260, stack(0x00000096e4a00000,0x00000096e4b00000)]
  0x000001ac0096eb00 JavaThread "jar transforms Thread 70" [_thread_blocked, id=18708, stack(0x00000096e4b00000,0x00000096e4c00000)]
  0x000001ac0096efd0 JavaThread "jar transforms Thread 71" [_thread_blocked, id=19852, stack(0x00000096e4c00000,0x00000096e4d00000)]
  0x000001ac0096f4a0 JavaThread "jar transforms Thread 72" [_thread_blocked, id=18380, stack(0x00000096e4d00000,0x00000096e4e00000)]
  0x000001ac00f0cab0 JavaThread "jar transforms Thread 73" [_thread_blocked, id=19268, stack(0x00000096e4e00000,0x00000096e4f00000)]
  0x000001ac00f0b2a0 JavaThread "jar transforms Thread 74" [_thread_blocked, id=1344, stack(0x00000096e4f00000,0x00000096e5000000)]
  0x000001ac00f0d920 JavaThread "jar transforms Thread 75" [_thread_blocked, id=20044, stack(0x00000096e5000000,0x00000096e5100000)]
  0x000001ac00f095c0 JavaThread "jar transforms Thread 76" [_thread_blocked, id=12432, stack(0x00000096e5100000,0x00000096e5200000)]
  0x000001ac00f0a430 JavaThread "jar transforms Thread 77" [_thread_blocked, id=15432, stack(0x00000096e5200000,0x00000096e5300000)]
  0x000001ac00f0a900 JavaThread "jar transforms Thread 78" [_thread_blocked, id=3980, stack(0x00000096e5300000,0x00000096e5400000)]
  0x000001ac00f0add0 JavaThread "jar transforms Thread 79" [_thread_blocked, id=19576, stack(0x00000096e5400000,0x00000096e5500000)]
  0x000001ac00f09a90 JavaThread "jar transforms Thread 80" [_thread_blocked, id=17464, stack(0x00000096e5500000,0x00000096e5600000)]
  0x000001ac00f0e2c0 JavaThread "jar transforms Thread 81" [_thread_blocked, id=18384, stack(0x00000096e5600000,0x00000096e5700000)]
  0x000001ac00f09f60 JavaThread "jar transforms Thread 82" [_thread_blocked, id=17392, stack(0x00000096e5700000,0x00000096e5800000)]
  0x000001ac00f08280 JavaThread "jar transforms Thread 83" [_thread_blocked, id=17228, stack(0x00000096e5800000,0x00000096e5900000)]
  0x000001ac00f08750 JavaThread "jar transforms Thread 84" [_thread_blocked, id=19996, stack(0x00000096e5900000,0x00000096e5a00000)]
  0x000001ac00f08c20 JavaThread "jar transforms Thread 85" [_thread_blocked, id=17196, stack(0x00000096e5a00000,0x00000096e5b00000)]
  0x000001ac00f0b770 JavaThread "jar transforms Thread 86" [_thread_blocked, id=10988, stack(0x00000096e5b00000,0x00000096e5c00000)]
  0x000001ac00f0bc40 JavaThread "jar transforms Thread 87" [_thread_blocked, id=16560, stack(0x00000096e5c00000,0x00000096e5d00000)]
  0x000001ac00f090f0 JavaThread "jar transforms Thread 88" [_thread_blocked, id=15712, stack(0x00000096e5d00000,0x00000096e5e00000)]
  0x000001ac00f0ec60 JavaThread "jar transforms Thread 89" [_thread_blocked, id=16816, stack(0x00000096e5e00000,0x00000096e5f00000)]
  0x000001ac00f0c110 JavaThread "jar transforms Thread 90" [_thread_blocked, id=16804, stack(0x00000096e5f00000,0x00000096e6000000)]
  0x000001ac00f0d450 JavaThread "jar transforms Thread 91" [_thread_blocked, id=17708, stack(0x00000096e6000000,0x00000096e6100000)]
  0x000001ac00f0c5e0 JavaThread "jar transforms Thread 92" [_thread_blocked, id=9624, stack(0x00000096e6100000,0x00000096e6200000)]
  0x000001ac00f0cf80 JavaThread "jar transforms Thread 93" [_thread_blocked, id=832, stack(0x00000096e6200000,0x00000096e6300000)]
  0x000001ac00f0ddf0 JavaThread "jar transforms Thread 94" [_thread_blocked, id=12740, stack(0x00000096e6300000,0x00000096e6400000)]
  0x000001ac00f0e790 JavaThread "Cache worker for Build Output Cleanup Cache (D:\CDTH18PMA\AndroidPeoject\.gradle\buildOutputCleanup)" [_thread_blocked, id=18492, stack(0x00000096e6400000,0x00000096e6500000)]
  0x000001ac7dcb2d60 JavaThread "Memory manager" [_thread_blocked, id=18612, stack(0x00000096e6500000,0x00000096e6600000)]
  0x000001ac7dcb3230 JavaThread "Cache worker for file content cache (D:\CDTH18PMA\AndroidPeoject\.gradle\6.5\fileContent)" [_thread_blocked, id=11276, stack(0x00000096e6600000,0x00000096e6700000)]
  0x000001ac7dcb3700 JavaThread "Execution worker for ':'" [_thread_blocked, id=16696, stack(0x00000096e6700000,0x00000096e6800000)]
  0x000001ac7dcb6250 JavaThread "Execution worker for ':' Thread 2" [_thread_blocked, id=17564, stack(0x00000096e6800000,0x00000096e6900000)]
  0x000001ac7dcb8da0 JavaThread "Execution worker for ':' Thread 3" [_thread_blocked, id=20452, stack(0x00000096e6900000,0x00000096e6a00000)]
  0x000001ac7dcb6bf0 JavaThread "Execution worker for ':' Thread 4" [_thread_blocked, id=8780, stack(0x00000096e6a00000,0x00000096e6b00000)]
  0x000001ac7dcb4570 JavaThread "Execution worker for ':' Thread 5" [_thread_blocked, id=16892, stack(0x00000096e6b00000,0x00000096e6c00000)]
  0x000001ac7dcb2890 JavaThread "Execution worker for ':' Thread 6" [_thread_blocked, id=16648, stack(0x00000096e6c00000,0x00000096e6d00000)]
  0x000001ac7dcb88d0 JavaThread "Execution worker for ':' Thread 7" [_thread_blocked, id=18508, stack(0x00000096e6d00000,0x00000096e6e00000)]
  0x000001ac7dcb58b0 JavaThread "Cache worker for execution history cache (D:\CDTH18PMA\AndroidPeoject\.gradle\6.5\executionHistory)" [_thread_blocked, id=13116, stack(0x00000096e6e00000,0x00000096e6f00000)]
  0x000001ac029905b0 JavaThread "WorkerExecutor Queue" [_thread_blocked, id=13044, stack(0x00000096e7300000,0x00000096e7400000)]
  0x000001ac00d0f250 JavaThread "pool-2-thread-1" [_thread_blocked, id=13308, stack(0x00000096e7400000,0x00000096e7500000)]
  0x000001ac00d0fbf0 JavaThread "stderr" [_thread_in_native, id=19432, stack(0x00000096e7500000,0x00000096e7600000)]
  0x000001ac04cd5fc0 JavaThread "stdout" [_thread_in_native, id=20484, stack(0x00000096e7600000,0x00000096e7700000)]
  0x000001ac04cd5620 JavaThread "WorkerExecutor Queue Thread 2" [_thread_blocked, id=20528, stack(0x00000096de000000,0x00000096de100000)]

Other Threads:
=>0x000001ac7ac29720 VMThread "VM Thread" [stack: 0x00000096dd400000,0x00000096dd500000] [id=14544]
  0x000001ac7b713ba0 WatcherThread [stack: 0x00000096ddf00000,0x00000096de000000] [id=3108]
  0x000001ac5c0eeca0 GCTaskThread "GC Thread#0" [stack: 0x00000096dcf00000,0x00000096dd000000] [id=15768]
  0x000001ac7b992540 GCTaskThread "GC Thread#1" [stack: 0x00000096de100000,0x00000096de200000] [id=7912]
  0x000001ac7b98ef10 GCTaskThread "GC Thread#2" [stack: 0x00000096de200000,0x00000096de300000] [id=19112]
  0x000001ac7b990ef0 GCTaskThread "GC Thread#3" [stack: 0x00000096df500000,0x00000096df600000] [id=19544]
  0x000001ac7b98fbd0 GCTaskThread "GC Thread#4" [stack: 0x00000096df600000,0x00000096df700000] [id=17272]
  0x000001ac7b98ff00 GCTaskThread "GC Thread#5" [stack: 0x00000096df700000,0x00000096df800000] [id=20284]
  0x000001ac7b990560 GCTaskThread "GC Thread#6" [stack: 0x00000096df800000,0x00000096df900000] [id=17436]
  0x000001ac7b991220 GCTaskThread "GC Thread#7" [stack: 0x00000096df900000,0x00000096dfa00000] [id=11576]
  0x000001ac5c100d10 ConcurrentGCThread "G1 Main Marker" [stack: 0x00000096dd000000,0x00000096dd100000] [id=18908]
  0x000001ac5c101fb0 ConcurrentGCThread "G1 Conc#0" [stack: 0x00000096dd100000,0x00000096dd200000] [id=19720]
  0x000001ac7b991550 ConcurrentGCThread "G1 Conc#1" [stack: 0x00000096df300000,0x00000096df400000] [id=16516]
  0x000001ac5c18bde0 ConcurrentGCThread "G1 Refine#0" [stack: 0x00000096dd200000,0x00000096dd300000] [id=17312]
  0x000001ac036fee50 ConcurrentGCThread "G1 Refine#1" [stack: 0x00000096e6f00000,0x00000096e7000000] [id=20092]
  0x000001ac036fcff0 ConcurrentGCThread "G1 Refine#2" [stack: 0x00000096e7000000,0x00000096e7100000] [id=6472]
  0x000001ac036fe430 ConcurrentGCThread "G1 Refine#3" [stack: 0x00000096e7100000,0x00000096e7200000] [id=20264]
  0x000001ac036fe790 ConcurrentGCThread "G1 Refine#4" [stack: 0x00000096e7200000,0x00000096e7300000] [id=8360]
  0x000001ac7f66de00 ConcurrentGCThread "G1 Refine#5" [stack: 0x00000096e7700000,0x00000096e7800000] [id=20556]
  0x000001ac5c18c8f0 ConcurrentGCThread "G1 Young RemSet Sampling" [stack: 0x00000096dd300000,0x00000096dd400000] [id=1488]

Threads with active compile tasks:
C2 CompilerThread0    14906 10495 %     4       com.android.tools.r8.z.a.a.f::a @ 2463 (3630 bytes)
C1 CompilerThread0    14907 12448 %     3       com.android.tools.r8.ir.conversion.K::a @ 711 (951 bytes)

VM state: at safepoint (normal execution)

VM Mutex/Monitor currently owned by a thread:  ([mutex/lock_event])
[0x000001ac5c0a9ec0] Threads_lock - owner thread: 0x000001ac7ac29720
[0x000001ac5c0a89f0] Heap_lock - owner thread: 0x000001ac7f9b9f00

Heap address: 0x0000000080000000, size: 2048 MB, Compressed Oops mode: 32-bit
CDS archive(s) mapped at: [0x0000000800000000-0x0000000800b50000-0x0000000800b50000), size 11862016, SharedBaseAddress: 0x0000000800000000, ArchiveRelocationMode: 0.
Compressed class space mapped at: 0x0000000800b50000-0x0000000840b50000, size: 1073741824
Narrow klass base: 0x0000000800000000, Narrow klass shift: 3, Narrow klass range: 0x100000000

GC Precious Log:
 CPUs: 8 total, 8 available
 Memory: 7959M
 Large Page Support: Disabled
 NUMA Support: Disabled
 Compressed Oops: Enabled (32-bit)
 Heap Region Size: 1M
 Heap Min Capacity: 8M
 Heap Initial Capacity: 126M
 Heap Max Capacity: 2G
 Pre-touch: Disabled
 Parallel Workers: 8
 Concurrent Workers: 2
 Concurrent Refinement Workers: 8
 Periodic GC: Disabled

Heap:
 garbage-first heap   total 538624K, used 128157K [0x0000000080000000, 0x0000000100000000)
  region size 1024K, 4 young (4096K), 4 survivors (4096K)
 Metaspace       used 81859K, capacity 83110K, committed 83320K, reserved 1122304K
  class space    used 10994K, capacity 11334K, committed 11392K, reserved 1048576K

Heap Regions: E=young(eden), S=young(survivor), O=old, HS=humongous(starts), HC=humongous(continues), CS=collection set, F=free, OA=open archive, CA=closed archive, TAMS=top-at-mark-start (previous, next)
|   0|0x0000000080000000, 0x0000000080100000, 0x0000000080100000|100%| O|  |TAMS 0x0000000080100000, 0x0000000080000000| Untracked 
|   1|0x0000000080100000, 0x0000000080200000, 0x0000000080200000|100%| O|  |TAMS 0x0000000080200000, 0x0000000080100000| Untracked 
|   2|0x0000000080200000, 0x0000000080300000, 0x0000000080300000|100%| O|  |TAMS 0x0000000080300000, 0x0000000080200000| Untracked 
|   3|0x0000000080300000, 0x0000000080400000, 0x0000000080400000|100%|HS|  |TAMS 0x0000000080400000, 0x0000000080300000| Complete 
|   4|0x0000000080400000, 0x0000000080500000, 0x0000000080500000|100%|HC|  |TAMS 0x0000000080500000, 0x0000000080400000| Complete 
|   5|0x0000000080500000, 0x0000000080600000, 0x0000000080600000|100%|HC|  |TAMS 0x0000000080600000, 0x0000000080500000| Complete 
|   6|0x0000000080600000, 0x0000000080700000, 0x0000000080700000|100%| O|  |TAMS 0x0000000080700000, 0x0000000080600000| Untracked 
|   7|0x0000000080700000, 0x0000000080800000, 0x0000000080800000|100%| O|  |TAMS 0x0000000080800000, 0x0000000080700000| Untracked 
|   8|0x0000000080800000, 0x0000000080900000, 0x0000000080900000|100%| O|  |TAMS 0x0000000080900000, 0x0000000080800000| Untracked 
|   9|0x0000000080900000, 0x0000000080a00000, 0x0000000080a00000|100%| O|  |TAMS 0x0000000080a00000, 0x0000000080900000| Untracked 
|  10|0x0000000080a00000, 0x0000000080b00000, 0x0000000080b00000|100%| O|  |TAMS 0x0000000080b00000, 0x0000000080a00000| Untracked 
|  11|0x0000000080b00000, 0x0000000080c00000, 0x0000000080c00000|100%| O|  |TAMS 0x0000000080c00000, 0x0000000080b00000| Untracked 
|  12|0x0000000080c00000, 0x0000000080d00000, 0x0000000080d00000|100%| O|  |TAMS 0x0000000080d00000, 0x0000000080c00000| Untracked 
|  13|0x0000000080d00000, 0x0000000080e00000, 0x0000000080e00000|100%| O|  |TAMS 0x0000000080e00000, 0x0000000080d00000| Untracked 
|  14|0x0000000080e00000, 0x0000000080f00000, 0x0000000080f00000|100%| O|  |TAMS 0x0000000080f00000, 0x0000000080e00000| Untracked 
|  15|0x0000000080f00000, 0x0000000081000000, 0x0000000081000000|100%| O|  |TAMS 0x0000000081000000, 0x0000000080f00000| Untracked 
|  16|0x0000000081000000, 0x0000000081100000, 0x0000000081100000|100%| O|  |TAMS 0x0000000081100000, 0x0000000081000000| Untracked 
|  17|0x0000000081100000, 0x0000000081200000, 0x0000000081200000|100%| O|  |TAMS 0x0000000081200000, 0x0000000081100000| Untracked 
|  18|0x0000000081200000, 0x0000000081300000, 0x0000000081300000|100%| O|  |TAMS 0x0000000081300000, 0x0000000081200000| Untracked 
|  19|0x0000000081300000, 0x0000000081400000, 0x0000000081400000|100%| O|  |TAMS 0x0000000081400000, 0x0000000081300000| Untracked 
|  20|0x0000000081400000, 0x0000000081500000, 0x0000000081500000|100%| O|  |TAMS 0x0000000081500000, 0x0000000081400000| Untracked 
|  21|0x0000000081500000, 0x0000000081600000, 0x0000000081600000|100%| O|  |TAMS 0x0000000081600000, 0x0000000081500000| Untracked 
|  22|0x0000000081600000, 0x0000000081700000, 0x0000000081700000|100%|HS|  |TAMS 0x0000000081700000, 0x0000000081600000| Complete 
|  23|0x0000000081700000, 0x0000000081800000, 0x0000000081800000|100%|HS|  |TAMS 0x0000000081800000, 0x0000000081700000| Complete 
|  24|0x0000000081800000, 0x0000000081900000, 0x0000000081900000|100%|HC|  |TAMS 0x0000000081900000, 0x0000000081800000| Complete 
|  25|0x0000000081900000, 0x0000000081a00000, 0x0000000081a00000|100%| O|  |TAMS 0x0000000081a00000, 0x0000000081900000| Untracked 
|  26|0x0000000081a00000, 0x0000000081b00000, 0x0000000081b00000|100%| O|  |TAMS 0x0000000081b00000, 0x0000000081a00000| Untracked 
|  27|0x0000000081b00000, 0x0000000081c00000, 0x0000000081c00000|100%| O|  |TAMS 0x0000000081c00000, 0x0000000081b00000| Untracked 
|  28|0x0000000081c00000, 0x0000000081d00000, 0x0000000081d00000|100%| O|  |TAMS 0x0000000081d00000, 0x0000000081c00000| Untracked 
|  29|0x0000000081d00000, 0x0000000081e00000, 0x0000000081e00000|100%| O|  |TAMS 0x0000000081e00000, 0x0000000081d00000| Untracked 
|  30|0x0000000081e00000, 0x0000000081f00000, 0x0000000081f00000|100%| O|  |TAMS 0x0000000081f00000, 0x0000000081e00000| Untracked 
|  31|0x0000000081f00000, 0x0000000082000000, 0x0000000082000000|100%| O|  |TAMS 0x0000000082000000, 0x0000000081f00000| Untracked 
|  32|0x0000000082000000, 0x0000000082100000, 0x0000000082100000|100%| O|  |TAMS 0x0000000082100000, 0x0000000082000000| Untracked 
|  33|0x0000000082100000, 0x0000000082200000, 0x0000000082200000|100%| O|  |TAMS 0x0000000082200000, 0x0000000082100000| Untracked 
|  34|0x0000000082200000, 0x0000000082300000, 0x0000000082300000|100%| O|  |TAMS 0x0000000082300000, 0x0000000082200000| Untracked 
|  35|0x0000000082300000, 0x0000000082400000, 0x0000000082400000|100%| O|  |TAMS 0x0000000082400000, 0x0000000082300000| Untracked 
|  36|0x0000000082400000, 0x0000000082500000, 0x0000000082500000|100%| O|  |TAMS 0x0000000082500000, 0x0000000082400000| Untracked 
|  37|0x0000000082500000, 0x0000000082600000, 0x0000000082600000|100%| O|  |TAMS 0x0000000082600000, 0x0000000082500000| Untracked 
|  38|0x0000000082600000, 0x0000000082700000, 0x0000000082700000|100%| O|  |TAMS 0x0000000082700000, 0x0000000082600000| Untracked 
|  39|0x0000000082700000, 0x0000000082800000, 0x0000000082800000|100%| O|  |TAMS 0x0000000082800000, 0x0000000082700000| Untracked 
|  40|0x0000000082800000, 0x0000000082900000, 0x0000000082900000|100%| O|  |TAMS 0x0000000082900000, 0x0000000082800000| Untracked 
|  41|0x0000000082900000, 0x0000000082a00000, 0x0000000082a00000|100%| O|  |TAMS 0x0000000082a00000, 0x0000000082900000| Untracked 
|  42|0x0000000082a00000, 0x0000000082b00000, 0x0000000082b00000|100%| O|  |TAMS 0x0000000082b00000, 0x0000000082a00000| Untracked 
|  43|0x0000000082b00000, 0x0000000082c00000, 0x0000000082c00000|100%| O|  |TAMS 0x0000000082c00000, 0x0000000082b00000| Untracked 
|  44|0x0000000082c00000, 0x0000000082d00000, 0x0000000082d00000|100%| O|  |TAMS 0x0000000082d00000, 0x0000000082c00000| Untracked 
|  45|0x0000000082d00000, 0x0000000082e00000, 0x0000000082e00000|100%| O|  |TAMS 0x0000000082e00000, 0x0000000082d00000| Untracked 
|  46|0x0000000082e00000, 0x0000000082f00000, 0x0000000082f00000|100%| O|  |TAMS 0x0000000082f00000, 0x0000000082e00000| Untracked 
|  47|0x0000000082f00000, 0x0000000083000000, 0x0000000083000000|100%| O|  |TAMS 0x0000000083000000, 0x0000000082f00000| Untracked 
|  48|0x0000000083000000, 0x0000000083100000, 0x0000000083100000|100%| O|  |TAMS 0x0000000083100000, 0x0000000083000000| Untracked 
|  49|0x0000000083100000, 0x0000000083200000, 0x0000000083200000|100%| O|  |TAMS 0x0000000083200000, 0x0000000083100000| Untracked 
|  50|0x0000000083200000, 0x0000000083300000, 0x0000000083300000|100%| O|  |TAMS 0x0000000083300000, 0x0000000083200000| Untracked 
|  51|0x0000000083300000, 0x0000000083400000, 0x0000000083400000|100%| O|  |TAMS 0x0000000083400000, 0x0000000083300000| Untracked 
|  52|0x0000000083400000, 0x0000000083500000, 0x0000000083500000|100%| O|  |TAMS 0x0000000083500000, 0x0000000083400000| Untracked 
|  53|0x0000000083500000, 0x0000000083600000, 0x0000000083600000|100%| O|  |TAMS 0x0000000083600000, 0x0000000083500000| Untracked 
|  54|0x0000000083600000, 0x0000000083700000, 0x0000000083700000|100%| O|  |TAMS 0x0000000083700000, 0x0000000083600000| Untracked 
|  55|0x0000000083700000, 0x0000000083800000, 0x0000000083800000|100%| O|  |TAMS 0x0000000083800000, 0x0000000083700000| Untracked 
|  56|0x0000000083800000, 0x0000000083900000, 0x0000000083900000|100%| O|  |TAMS 0x0000000083900000, 0x0000000083800000| Untracked 
|  57|0x0000000083900000, 0x0000000083a00000, 0x0000000083a00000|100%| O|  |TAMS 0x0000000083a00000, 0x0000000083900000| Untracked 
|  58|0x0000000083a00000, 0x0000000083b00000, 0x0000000083b00000|100%| O|  |TAMS 0x0000000083b00000, 0x0000000083a00000| Untracked 
|  59|0x0000000083b00000, 0x0000000083c00000, 0x0000000083c00000|100%| O|  |TAMS 0x0000000083c00000, 0x0000000083b00000| Untracked 
|  60|0x0000000083c00000, 0x0000000083d00000, 0x0000000083d00000|100%| O|  |TAMS 0x0000000083d00000, 0x0000000083c00000| Untracked 
|  61|0x0000000083d00000, 0x0000000083e00000, 0x0000000083e00000|100%| O|  |TAMS 0x0000000083e00000, 0x0000000083d00000| Untracked 
|  62|0x0000000083e00000, 0x0000000083f00000, 0x0000000083f00000|100%| O|  |TAMS 0x0000000083f00000, 0x0000000083e00000| Untracked 
|  63|0x0000000083f00000, 0x0000000084000000, 0x0000000084000000|100%| O|  |TAMS 0x0000000084000000, 0x0000000083f00000| Untracked 
|  64|0x0000000084000000, 0x0000000084100000, 0x0000000084100000|100%| O|  |TAMS 0x0000000084100000, 0x0000000084000000| Untracked 
|  65|0x0000000084100000, 0x0000000084200000, 0x0000000084200000|100%| O|  |TAMS 0x0000000084200000, 0x0000000084100000| Untracked 
|  66|0x0000000084200000, 0x0000000084300000, 0x0000000084300000|100%| O|  |TAMS 0x0000000084300000, 0x0000000084200000| Untracked 
|  67|0x0000000084300000, 0x0000000084400000, 0x0000000084400000|100%| O|  |TAMS 0x0000000084400000, 0x0000000084300000| Untracked 
|  68|0x0000000084400000, 0x0000000084500000, 0x0000000084500000|100%| O|  |TAMS 0x0000000084500000, 0x0000000084400000| Untracked 
|  69|0x0000000084500000, 0x0000000084600000, 0x0000000084600000|100%| O|  |TAMS 0x0000000084600000, 0x0000000084500000| Untracked 
|  70|0x0000000084600000, 0x0000000084700000, 0x0000000084700000|100%| O|  |TAMS 0x0000000084700000, 0x0000000084600000| Untracked 
|  71|0x0000000084700000, 0x0000000084800000, 0x0000000084800000|100%| O|  |TAMS 0x0000000084800000, 0x0000000084700000| Untracked 
|  72|0x0000000084800000, 0x0000000084900000, 0x0000000084900000|100%| O|  |TAMS 0x0000000084900000, 0x0000000084800000| Untracked 
|  73|0x0000000084900000, 0x0000000084a00000, 0x0000000084a00000|100%| O|  |TAMS 0x0000000084a00000, 0x0000000084900000| Untracked 
|  74|0x0000000084a00000, 0x0000000084b00000, 0x0000000084b00000|100%| O|  |TAMS 0x0000000084b00000, 0x0000000084a00000| Untracked 
|  75|0x0000000084b00000, 0x0000000084c00000, 0x0000000084c00000|100%| O|  |TAMS 0x0000000084c00000, 0x0000000084b00000| Untracked 
|  76|0x0000000084c00000, 0x0000000084d00000, 0x0000000084d00000|100%| O|  |TAMS 0x0000000084d00000, 0x0000000084c00000| Untracked 
|  77|0x0000000084d00000, 0x0000000084e00000, 0x0000000084e00000|100%| O|  |TAMS 0x0000000084e00000, 0x0000000084d00000| Untracked 
|  78|0x0000000084e00000, 0x0000000084f00000, 0x0000000084f00000|100%| O|  |TAMS 0x0000000084f00000, 0x0000000084e00000| Untracked 
|  79|0x0000000084f00000, 0x0000000085000000, 0x0000000085000000|100%| O|  |TAMS 0x0000000085000000, 0x0000000084f00000| Untracked 
|  80|0x0000000085000000, 0x0000000085100000, 0x0000000085100000|100%| O|  |TAMS 0x0000000085100000, 0x0000000085000000| Untracked 
|  81|0x0000000085100000, 0x0000000085200000, 0x0000000085200000|100%| O|  |TAMS 0x0000000085200000, 0x0000000085100000| Untracked 
|  82|0x0000000085200000, 0x0000000085300000, 0x0000000085300000|100%| O|  |TAMS 0x0000000085300000, 0x0000000085200000| Untracked 
|  83|0x0000000085300000, 0x0000000085400000, 0x0000000085400000|100%| O|  |TAMS 0x0000000085400000, 0x0000000085300000| Untracked 
|  84|0x0000000085400000, 0x0000000085500000, 0x0000000085500000|100%| O|  |TAMS 0x0000000085500000, 0x0000000085400000| Untracked 
|  85|0x0000000085500000, 0x0000000085600000, 0x0000000085600000|100%| O|  |TAMS 0x0000000085600000, 0x0000000085500000| Untracked 
|  86|0x0000000085600000, 0x0000000085700000, 0x0000000085700000|100%| O|  |TAMS 0x0000000085700000, 0x0000000085600000| Untracked 
|  87|0x0000000085700000, 0x0000000085800000, 0x0000000085800000|100%| O|  |TAMS 0x0000000085800000, 0x0000000085700000| Untracked 
|  88|0x0000000085800000, 0x0000000085900000, 0x0000000085900000|100%| O|  |TAMS 0x0000000085900000, 0x0000000085800000| Untracked 
|  89|0x0000000085900000, 0x0000000085a00000, 0x0000000085a00000|100%| O|  |TAMS 0x0000000085a00000, 0x0000000085900000| Untracked 
|  90|0x0000000085a00000, 0x0000000085b00000, 0x0000000085b00000|100%| O|  |TAMS 0x0000000085b00000, 0x0000000085a00000| Untracked 
|  91|0x0000000085b00000, 0x0000000085c00000, 0x0000000085c00000|100%| O|  |TAMS 0x0000000085c00000, 0x0000000085b00000| Untracked 
|  92|0x0000000085c00000, 0x0000000085d00000, 0x0000000085d00000|100%| O|  |TAMS 0x0000000085d00000, 0x0000000085c00000| Untracked 
|  93|0x0000000085d00000, 0x0000000085e00000, 0x0000000085e00000|100%| O|  |TAMS 0x0000000085e00000, 0x0000000085d00000| Untracked 
|  94|0x0000000085e00000, 0x0000000085f00000, 0x0000000085f00000|100%| O|  |TAMS 0x0000000085f00000, 0x0000000085e00000| Untracked 
|  95|0x0000000085f00000, 0x0000000086000000, 0x0000000086000000|100%| O|  |TAMS 0x0000000086000000, 0x0000000085f00000| Untracked 
|  96|0x0000000086000000, 0x0000000086100000, 0x0000000086100000|100%| O|  |TAMS 0x0000000086100000, 0x0000000086000000| Untracked 
|  97|0x0000000086100000, 0x0000000086200000, 0x0000000086200000|100%| O|  |TAMS 0x0000000086200000, 0x0000000086100000| Untracked 
|  98|0x0000000086200000, 0x0000000086300000, 0x0000000086300000|100%| O|  |TAMS 0x0000000086300000, 0x0000000086200000| Untracked 
|  99|0x0000000086300000, 0x0000000086400000, 0x0000000086400000|100%| O|  |TAMS 0x0000000086400000, 0x0000000086300000| Untracked 
| 100|0x0000000086400000, 0x0000000086500000, 0x0000000086500000|100%| O|  |TAMS 0x0000000086500000, 0x0000000086400000| Untracked 
| 101|0x0000000086500000, 0x0000000086600000, 0x0000000086600000|100%| O|  |TAMS 0x0000000086600000, 0x0000000086500000| Untracked 
| 102|0x0000000086600000, 0x0000000086700000, 0x0000000086700000|100%| O|  |TAMS 0x0000000086700000, 0x0000000086600000| Untracked 
| 103|0x0000000086700000, 0x0000000086800000, 0x0000000086800000|100%| O|  |TAMS 0x0000000086800000, 0x0000000086700000| Untracked 
| 104|0x0000000086800000, 0x0000000086900000, 0x0000000086900000|100%| O|  |TAMS 0x0000000086900000, 0x0000000086800000| Untracked 
| 105|0x0000000086900000, 0x0000000086a00000, 0x0000000086a00000|100%| O|  |TAMS 0x0000000086a00000, 0x0000000086900000| Untracked 
| 106|0x0000000086a00000, 0x0000000086b00000, 0x0000000086b00000|100%| O|  |TAMS 0x0000000086b00000, 0x0000000086a00000| Untracked 
| 107|0x0000000086b00000, 0x0000000086c00000, 0x0000000086c00000|100%| O|  |TAMS 0x0000000086c00000, 0x0000000086b00000| Untracked 
| 108|0x0000000086c00000, 0x0000000086d00000, 0x0000000086d00000|100%| O|  |TAMS 0x0000000086d00000, 0x0000000086c00000| Untracked 
| 109|0x0000000086d00000, 0x0000000086e00000, 0x0000000086e00000|100%| O|  |TAMS 0x0000000086e00000, 0x0000000086d00000| Untracked 
| 110|0x0000000086e00000, 0x0000000086f00000, 0x0000000086f00000|100%| O|  |TAMS 0x0000000086f00000, 0x0000000086e00000| Untracked 
| 111|0x0000000086f00000, 0x0000000087000000, 0x0000000087000000|100%| O|  |TAMS 0x0000000087000000, 0x0000000086f00000| Untracked 
| 112|0x0000000087000000, 0x0000000087100000, 0x0000000087100000|100%| O|  |TAMS 0x0000000087100000, 0x0000000087000000| Untracked 
| 113|0x0000000087100000, 0x0000000087200000, 0x0000000087200000|100%| O|  |TAMS 0x0000000087200000, 0x0000000087100000| Untracked 
| 114|0x0000000087200000, 0x0000000087300000, 0x0000000087300000|100%| O|  |TAMS 0x0000000087300000, 0x0000000087200000| Untracked 
| 115|0x0000000087300000, 0x0000000087400000, 0x0000000087400000|100%| O|  |TAMS 0x0000000087400000, 0x0000000087300000| Untracked 
| 116|0x0000000087400000, 0x0000000087500000, 0x0000000087500000|100%| O|  |TAMS 0x0000000087500000, 0x0000000087400000| Untracked 
| 117|0x0000000087500000, 0x0000000087600000, 0x0000000087600000|100%| O|  |TAMS 0x0000000087600000, 0x0000000087500000| Untracked 
| 118|0x0000000087600000, 0x0000000087700000, 0x0000000087700000|100%| O|  |TAMS 0x0000000087700000, 0x0000000087600000| Untracked 
| 119|0x0000000087700000, 0x0000000087800000, 0x0000000087800000|100%| O|  |TAMS 0x0000000087800000, 0x0000000087700000| Untracked 
| 120|0x0000000087800000, 0x0000000087900000, 0x0000000087900000|100%| O|  |TAMS 0x0000000087900000, 0x0000000087800000| Untracked 
| 121|0x0000000087900000, 0x0000000087993000, 0x0000000087a00000| 57%| O|  |TAMS 0x0000000087993000, 0x0000000087900000| Untracked 
| 122|0x0000000087a00000, 0x0000000087a00000, 0x0000000087b00000|  0%| F|  |TAMS 0x0000000087a00000, 0x0000000087a00000| Untracked 
| 123|0x0000000087b00000, 0x0000000087b00000, 0x0000000087c00000|  0%| F|  |TAMS 0x0000000087b00000, 0x0000000087b00000| Untracked 
| 124|0x0000000087c00000, 0x0000000087c00000, 0x0000000087d00000|  0%| F|  |TAMS 0x0000000087c00000, 0x0000000087c00000| Untracked 
| 125|0x0000000087d00000, 0x0000000087d00000, 0x0000000087e00000|  0%| F|  |TAMS 0x0000000087d00000, 0x0000000087d00000| Untracked 
| 126|0x0000000087e00000, 0x0000000087e00000, 0x0000000087f00000|  0%| F|  |TAMS 0x0000000087e00000, 0x0000000087e00000| Untracked 
| 127|0x0000000087f00000, 0x0000000087f00000, 0x0000000088000000|  0%| F|  |TAMS 0x0000000087f00000, 0x0000000087f00000| Untracked 
| 128|0x0000000088000000, 0x0000000088000000, 0x0000000088100000|  0%| F|  |TAMS 0x0000000088000000, 0x0000000088000000| Untracked 
| 129|0x0000000088100000, 0x0000000088100000, 0x0000000088200000|  0%| F|  |TAMS 0x0000000088100000, 0x0000000088100000| Untracked 
| 130|0x0000000088200000, 0x0000000088200000, 0x0000000088300000|  0%| F|  |TAMS 0x0000000088200000, 0x0000000088200000| Untracked 
| 131|0x0000000088300000, 0x0000000088300000, 0x0000000088400000|  0%| F|  |TAMS 0x0000000088300000, 0x0000000088300000| Untracked 
| 132|0x0000000088400000, 0x0000000088400000, 0x0000000088500000|  0%| F|  |TAMS 0x0000000088400000, 0x0000000088400000| Untracked 
| 133|0x0000000088500000, 0x0000000088500000, 0x0000000088600000|  0%| F|  |TAMS 0x0000000088500000, 0x0000000088500000| Untracked 
| 134|0x0000000088600000, 0x0000000088600000, 0x0000000088700000|  0%| F|  |TAMS 0x0000000088600000, 0x0000000088600000| Untracked 
| 135|0x0000000088700000, 0x0000000088700000, 0x0000000088800000|  0%| F|  |TAMS 0x0000000088700000, 0x0000000088700000| Untracked 
| 136|0x0000000088800000, 0x0000000088800000, 0x0000000088900000|  0%| F|  |TAMS 0x0000000088800000, 0x0000000088800000| Untracked 
| 137|0x0000000088900000, 0x0000000088900000, 0x0000000088a00000|  0%| F|  |TAMS 0x0000000088900000, 0x0000000088900000| Untracked 
| 138|0x0000000088a00000, 0x0000000088a00000, 0x0000000088b00000|  0%| F|  |TAMS 0x0000000088a00000, 0x0000000088a00000| Untracked 
| 139|0x0000000088b00000, 0x0000000088b00000, 0x0000000088c00000|  0%| F|  |TAMS 0x0000000088b00000, 0x0000000088b00000| Untracked 
| 140|0x0000000088c00000, 0x0000000088c00000, 0x0000000088d00000|  0%| F|  |TAMS 0x0000000088c00000, 0x0000000088c00000| Untracked 
| 141|0x0000000088d00000, 0x0000000088d00000, 0x0000000088e00000|  0%| F|  |TAMS 0x0000000088d00000, 0x0000000088d00000| Untracked 
| 142|0x0000000088e00000, 0x0000000088e00000, 0x0000000088f00000|  0%| F|  |TAMS 0x0000000088e00000, 0x0000000088e00000| Untracked 
| 143|0x0000000088f00000, 0x0000000088f00000, 0x0000000089000000|  0%| F|  |TAMS 0x0000000088f00000, 0x0000000088f00000| Untracked 
| 144|0x0000000089000000, 0x0000000089000000, 0x0000000089100000|  0%| F|  |TAMS 0x0000000089000000, 0x0000000089000000| Untracked 
| 145|0x0000000089100000, 0x0000000089100000, 0x0000000089200000|  0%| F|  |TAMS 0x0000000089100000, 0x0000000089100000| Untracked 
| 146|0x0000000089200000, 0x0000000089200000, 0x0000000089300000|  0%| F|  |TAMS 0x0000000089200000, 0x0000000089200000| Untracked 
| 147|0x0000000089300000, 0x0000000089300000, 0x0000000089400000|  0%| F|  |TAMS 0x0000000089300000, 0x0000000089300000| Untracked 
| 148|0x0000000089400000, 0x0000000089400000, 0x0000000089500000|  0%| F|  |TAMS 0x0000000089400000, 0x0000000089400000| Untracked 
| 149|0x0000000089500000, 0x0000000089500000, 0x0000000089600000|  0%| F|  |TAMS 0x0000000089500000, 0x0000000089500000| Untracked 
| 150|0x0000000089600000, 0x0000000089600000, 0x0000000089700000|  0%| F|  |TAMS 0x0000000089600000, 0x0000000089600000| Untracked 
| 151|0x0000000089700000, 0x0000000089700000, 0x0000000089800000|  0%| F|  |TAMS 0x0000000089700000, 0x0000000089700000| Untracked 
| 152|0x0000000089800000, 0x0000000089800000, 0x0000000089900000|  0%| F|  |TAMS 0x0000000089800000, 0x0000000089800000| Untracked 
| 153|0x0000000089900000, 0x0000000089900000, 0x0000000089a00000|  0%| F|  |TAMS 0x0000000089900000, 0x0000000089900000| Untracked 
| 154|0x0000000089a00000, 0x0000000089a00000, 0x0000000089b00000|  0%| F|  |TAMS 0x0000000089a00000, 0x0000000089a00000| Untracked 
| 155|0x0000000089b00000, 0x0000000089b00000, 0x0000000089c00000|  0%| F|  |TAMS 0x0000000089b00000, 0x0000000089b00000| Untracked 
| 156|0x0000000089c00000, 0x0000000089c00000, 0x0000000089d00000|  0%| F|  |TAMS 0x0000000089c00000, 0x0000000089c00000| Untracked 
| 157|0x0000000089d00000, 0x0000000089d00000, 0x0000000089e00000|  0%| F|  |TAMS 0x0000000089d00000, 0x0000000089d00000| Untracked 
| 158|0x0000000089e00000, 0x0000000089e00000, 0x0000000089f00000|  0%| F|  |TAMS 0x0000000089e00000, 0x0000000089e00000| Untracked 
| 159|0x0000000089f00000, 0x0000000089f00000, 0x000000008a000000|  0%| F|  |TAMS 0x0000000089f00000, 0x0000000089f00000| Untracked 
| 160|0x000000008a000000, 0x000000008a000000, 0x000000008a100000|  0%| F|  |TAMS 0x000000008a000000, 0x000000008a000000| Untracked 
| 161|0x000000008a100000, 0x000000008a100000, 0x000000008a200000|  0%| F|  |TAMS 0x000000008a100000, 0x000000008a100000| Untracked 
| 162|0x000000008a200000, 0x000000008a200000, 0x000000008a300000|  0%| F|  |TAMS 0x000000008a200000, 0x000000008a200000| Untracked 
| 163|0x000000008a300000, 0x000000008a300000, 0x000000008a400000|  0%| F|  |TAMS 0x000000008a300000, 0x000000008a300000| Untracked 
| 164|0x000000008a400000, 0x000000008a400000, 0x000000008a500000|  0%| F|  |TAMS 0x000000008a400000, 0x000000008a400000| Untracked 
| 165|0x000000008a500000, 0x000000008a500000, 0x000000008a600000|  0%| F|  |TAMS 0x000000008a500000, 0x000000008a500000| Untracked 
| 166|0x000000008a600000, 0x000000008a600000, 0x000000008a700000|  0%| F|  |TAMS 0x000000008a600000, 0x000000008a600000| Untracked 
| 167|0x000000008a700000, 0x000000008a700000, 0x000000008a800000|  0%| F|  |TAMS 0x000000008a700000, 0x000000008a700000| Untracked 
| 168|0x000000008a800000, 0x000000008a800000, 0x000000008a900000|  0%| F|  |TAMS 0x000000008a800000, 0x000000008a800000| Untracked 
| 169|0x000000008a900000, 0x000000008a900000, 0x000000008aa00000|  0%| F|  |TAMS 0x000000008a900000, 0x000000008a900000| Untracked 
| 170|0x000000008aa00000, 0x000000008aa00000, 0x000000008ab00000|  0%| F|  |TAMS 0x000000008aa00000, 0x000000008aa00000| Untracked 
| 171|0x000000008ab00000, 0x000000008ab94650, 0x000000008ac00000| 57%| S|CS|TAMS 0x000000008ab00000, 0x000000008ab00000| Complete 
| 172|0x000000008ac00000, 0x000000008ad00000, 0x000000008ad00000|100%| S|CS|TAMS 0x000000008ac00000, 0x000000008ac00000| Complete 
| 173|0x000000008ad00000, 0x000000008ae00000, 0x000000008ae00000|100%| S|CS|TAMS 0x000000008ad00000, 0x000000008ad00000| Complete 
| 174|0x000000008ae00000, 0x000000008af00000, 0x000000008af00000|100%| S|CS|TAMS 0x000000008ae00000, 0x000000008ae00000| Complete 
| 175|0x000000008af00000, 0x000000008af00000, 0x000000008b000000|  0%| F|  |TAMS 0x000000008af00000, 0x000000008af00000| Untracked 
| 176|0x000000008b000000, 0x000000008b000000, 0x000000008b100000|  0%| F|  |TAMS 0x000000008b000000, 0x000000008b000000| Untracked 
| 177|0x000000008b100000, 0x000000008b100000, 0x000000008b200000|  0%| F|  |TAMS 0x000000008b100000, 0x000000008b100000| Untracked 
| 178|0x000000008b200000, 0x000000008b200000, 0x000000008b300000|  0%| F|  |TAMS 0x000000008b200000, 0x000000008b200000| Untracked 
| 179|0x000000008b300000, 0x000000008b300000, 0x000000008b400000|  0%| F|  |TAMS 0x000000008b300000, 0x000000008b300000| Untracked 
| 180|0x000000008b400000, 0x000000008b400000, 0x000000008b500000|  0%| F|  |TAMS 0x000000008b400000, 0x000000008b400000| Untracked 
| 181|0x000000008b500000, 0x000000008b500000, 0x000000008b600000|  0%| F|  |TAMS 0x000000008b500000, 0x000000008b500000| Untracked 
| 182|0x000000008b600000, 0x000000008b600000, 0x000000008b700000|  0%| F|  |TAMS 0x000000008b600000, 0x000000008b600000| Untracked 
| 183|0x000000008b700000, 0x000000008b700000, 0x000000008b800000|  0%| F|  |TAMS 0x000000008b700000, 0x000000008b700000| Untracked 
| 184|0x000000008b800000, 0x000000008b800000, 0x000000008b900000|  0%| F|  |TAMS 0x000000008b800000, 0x000000008b800000| Untracked 
| 185|0x000000008b900000, 0x000000008b900000, 0x000000008ba00000|  0%| F|  |TAMS 0x000000008b900000, 0x000000008b900000| Untracked 
| 186|0x000000008ba00000, 0x000000008ba00000, 0x000000008bb00000|  0%| F|  |TAMS 0x000000008ba00000, 0x000000008ba00000| Untracked 
| 187|0x000000008bb00000, 0x000000008bb00000, 0x000000008bc00000|  0%| F|  |TAMS 0x000000008bb00000, 0x000000008bb00000| Untracked 
| 188|0x000000008bc00000, 0x000000008bc00000, 0x000000008bd00000|  0%| F|  |TAMS 0x000000008bc00000, 0x000000008bc00000| Untracked 
| 189|0x000000008bd00000, 0x000000008bd00000, 0x000000008be00000|  0%| F|  |TAMS 0x000000008bd00000, 0x000000008bd00000| Untracked 
| 190|0x000000008be00000, 0x000000008be00000, 0x000000008bf00000|  0%| F|  |TAMS 0x000000008be00000, 0x000000008be00000| Untracked 
| 191|0x000000008bf00000, 0x000000008bf00000, 0x000000008c000000|  0%| F|  |TAMS 0x000000008bf00000, 0x000000008bf00000| Untracked 
| 192|0x000000008c000000, 0x000000008c000000, 0x000000008c100000|  0%| F|  |TAMS 0x000000008c000000, 0x000000008c000000| Untracked 
| 193|0x000000008c100000, 0x000000008c100000, 0x000000008c200000|  0%| F|  |TAMS 0x000000008c100000, 0x000000008c100000| Untracked 
| 194|0x000000008c200000, 0x000000008c200000, 0x000000008c300000|  0%| F|  |TAMS 0x000000008c200000, 0x000000008c200000| Untracked 
| 195|0x000000008c300000, 0x000000008c300000, 0x000000008c400000|  0%| F|  |TAMS 0x000000008c300000, 0x000000008c300000| Untracked 
| 196|0x000000008c400000, 0x000000008c400000, 0x000000008c500000|  0%| F|  |TAMS 0x000000008c400000, 0x000000008c400000| Untracked 
| 197|0x000000008c500000, 0x000000008c500000, 0x000000008c600000|  0%| F|  |TAMS 0x000000008c500000, 0x000000008c500000| Untracked 
| 198|0x000000008c600000, 0x000000008c600000, 0x000000008c700000|  0%| F|  |TAMS 0x000000008c600000, 0x000000008c600000| Untracked 
| 199|0x000000008c700000, 0x000000008c700000, 0x000000008c800000|  0%| F|  |TAMS 0x000000008c700000, 0x000000008c700000| Untracked 
| 200|0x000000008c800000, 0x000000008c800000, 0x000000008c900000|  0%| F|  |TAMS 0x000000008c800000, 0x000000008c800000| Untracked 
| 201|0x000000008c900000, 0x000000008c900000, 0x000000008ca00000|  0%| F|  |TAMS 0x000000008c900000, 0x000000008c900000| Untracked 
| 202|0x000000008ca00000, 0x000000008ca00000, 0x000000008cb00000|  0%| F|  |TAMS 0x000000008ca00000, 0x000000008ca00000| Untracked 
| 203|0x000000008cb00000, 0x000000008cb00000, 0x000000008cc00000|  0%| F|  |TAMS 0x000000008cb00000, 0x000000008cb00000| Untracked 
| 204|0x000000008cc00000, 0x000000008cc00000, 0x000000008cd00000|  0%| F|  |TAMS 0x000000008cc00000, 0x000000008cc00000| Untracked 
| 205|0x000000008cd00000, 0x000000008cd00000, 0x000000008ce00000|  0%| F|  |TAMS 0x000000008cd00000, 0x000000008cd00000| Untracked 
| 206|0x000000008ce00000, 0x000000008ce00000, 0x000000008cf00000|  0%| F|  |TAMS 0x000000008ce00000, 0x000000008ce00000| Untracked 
| 207|0x000000008cf00000, 0x000000008cf00000, 0x000000008d000000|  0%| F|  |TAMS 0x000000008cf00000, 0x000000008cf00000| Untracked 
| 208|0x000000008d000000, 0x000000008d000000, 0x000000008d100000|  0%| F|  |TAMS 0x000000008d000000, 0x000000008d000000| Untracked 
| 209|0x000000008d100000, 0x000000008d100000, 0x000000008d200000|  0%| F|  |TAMS 0x000000008d100000, 0x000000008d100000| Untracked 
| 210|0x000000008d200000, 0x000000008d200000, 0x000000008d300000|  0%| F|  |TAMS 0x000000008d200000, 0x000000008d200000| Untracked 
| 211|0x000000008d300000, 0x000000008d300000, 0x000000008d400000|  0%| F|  |TAMS 0x000000008d300000, 0x000000008d300000| Untracked 
| 212|0x000000008d400000, 0x000000008d400000, 0x000000008d500000|  0%| F|  |TAMS 0x000000008d400000, 0x000000008d400000| Untracked 
| 213|0x000000008d500000, 0x000000008d500000, 0x000000008d600000|  0%| F|  |TAMS 0x000000008d500000, 0x000000008d500000| Untracked 
| 214|0x000000008d600000, 0x000000008d600000, 0x000000008d700000|  0%| F|  |TAMS 0x000000008d600000, 0x000000008d600000| Untracked 
| 215|0x000000008d700000, 0x000000008d700000, 0x000000008d800000|  0%| F|  |TAMS 0x000000008d700000, 0x000000008d700000| Untracked 
| 216|0x000000008d800000, 0x000000008d800000, 0x000000008d900000|  0%| F|  |TAMS 0x000000008d800000, 0x000000008d800000| Untracked 
| 217|0x000000008d900000, 0x000000008d900000, 0x000000008da00000|  0%| F|  |TAMS 0x000000008d900000, 0x000000008d900000| Untracked 
| 218|0x000000008da00000, 0x000000008da00000, 0x000000008db00000|  0%| F|  |TAMS 0x000000008da00000, 0x000000008da00000| Untracked 
| 219|0x000000008db00000, 0x000000008db00000, 0x000000008dc00000|  0%| F|  |TAMS 0x000000008db00000, 0x000000008db00000| Untracked 
| 220|0x000000008dc00000, 0x000000008dc00000, 0x000000008dd00000|  0%| F|  |TAMS 0x000000008dc00000, 0x000000008dc00000| Untracked 
| 221|0x000000008dd00000, 0x000000008dd00000, 0x000000008de00000|  0%| F|  |TAMS 0x000000008dd00000, 0x000000008dd00000| Untracked 
| 222|0x000000008de00000, 0x000000008de00000, 0x000000008df00000|  0%| F|  |TAMS 0x000000008de00000, 0x000000008de00000| Untracked 
| 223|0x000000008df00000, 0x000000008df00000, 0x000000008e000000|  0%| F|  |TAMS 0x000000008df00000, 0x000000008df00000| Untracked 
| 224|0x000000008e000000, 0x000000008e000000, 0x000000008e100000|  0%| F|  |TAMS 0x000000008e000000, 0x000000008e000000| Untracked 
| 225|0x000000008e100000, 0x000000008e100000, 0x000000008e200000|  0%| F|  |TAMS 0x000000008e100000, 0x000000008e100000| Untracked 
| 226|0x000000008e200000, 0x000000008e200000, 0x000000008e300000|  0%| F|  |TAMS 0x000000008e200000, 0x000000008e200000| Untracked 
| 227|0x000000008e300000, 0x000000008e300000, 0x000000008e400000|  0%| F|  |TAMS 0x000000008e300000, 0x000000008e300000| Untracked 
| 228|0x000000008e400000, 0x000000008e400000, 0x000000008e500000|  0%| F|  |TAMS 0x000000008e400000, 0x000000008e400000| Untracked 
| 229|0x000000008e500000, 0x000000008e500000, 0x000000008e600000|  0%| F|  |TAMS 0x000000008e500000, 0x000000008e500000| Untracked 
| 230|0x000000008e600000, 0x000000008e600000, 0x000000008e700000|  0%| F|  |TAMS 0x000000008e600000, 0x000000008e600000| Untracked 
| 231|0x000000008e700000, 0x000000008e700000, 0x000000008e800000|  0%| F|  |TAMS 0x000000008e700000, 0x000000008e700000| Untracked 
| 232|0x000000008e800000, 0x000000008e800000, 0x000000008e900000|  0%| F|  |TAMS 0x000000008e800000, 0x000000008e800000| Untracked 
| 233|0x000000008e900000, 0x000000008e900000, 0x000000008ea00000|  0%| F|  |TAMS 0x000000008e900000, 0x000000008e900000| Untracked 
| 234|0x000000008ea00000, 0x000000008ea00000, 0x000000008eb00000|  0%| F|  |TAMS 0x000000008ea00000, 0x000000008ea00000| Untracked 
| 235|0x000000008eb00000, 0x000000008eb00000, 0x000000008ec00000|  0%| F|  |TAMS 0x000000008eb00000, 0x000000008eb00000| Untracked 
| 236|0x000000008ec00000, 0x000000008ec00000, 0x000000008ed00000|  0%| F|  |TAMS 0x000000008ec00000, 0x000000008ec00000| Untracked 
| 237|0x000000008ed00000, 0x000000008ed00000, 0x000000008ee00000|  0%| F|  |TAMS 0x000000008ed00000, 0x000000008ed00000| Untracked 
| 238|0x000000008ee00000, 0x000000008ee00000, 0x000000008ef00000|  0%| F|  |TAMS 0x000000008ee00000, 0x000000008ee00000| Untracked 
| 239|0x000000008ef00000, 0x000000008ef00000, 0x000000008f000000|  0%| F|  |TAMS 0x000000008ef00000, 0x000000008ef00000| Untracked 
| 240|0x000000008f000000, 0x000000008f000000, 0x000000008f100000|  0%| F|  |TAMS 0x000000008f000000, 0x000000008f000000| Untracked 
| 241|0x000000008f100000, 0x000000008f100000, 0x000000008f200000|  0%| F|  |TAMS 0x000000008f100000, 0x000000008f100000| Untracked 
| 242|0x000000008f200000, 0x000000008f200000, 0x000000008f300000|  0%| F|  |TAMS 0x000000008f200000, 0x000000008f200000| Untracked 
| 243|0x000000008f300000, 0x000000008f300000, 0x000000008f400000|  0%| F|  |TAMS 0x000000008f300000, 0x000000008f300000| Untracked 
| 244|0x000000008f400000, 0x000000008f400000, 0x000000008f500000|  0%| F|  |TAMS 0x000000008f400000, 0x000000008f400000| Untracked 
| 245|0x000000008f500000, 0x000000008f500000, 0x000000008f600000|  0%| F|  |TAMS 0x000000008f500000, 0x000000008f500000| Untracked 
| 246|0x000000008f600000, 0x000000008f600000, 0x000000008f700000|  0%| F|  |TAMS 0x000000008f600000, 0x000000008f600000| Untracked 
| 247|0x000000008f700000, 0x000000008f700000, 0x000000008f800000|  0%| F|  |TAMS 0x000000008f700000, 0x000000008f700000| Untracked 
| 248|0x000000008f800000, 0x000000008f800000, 0x000000008f900000|  0%| F|  |TAMS 0x000000008f800000, 0x000000008f800000| Untracked 
| 249|0x000000008f900000, 0x000000008f900000, 0x000000008fa00000|  0%| F|  |TAMS 0x000000008f900000, 0x000000008f900000| Untracked 
| 250|0x000000008fa00000, 0x000000008fa00000, 0x000000008fb00000|  0%| F|  |TAMS 0x000000008fa00000, 0x000000008fa00000| Untracked 
| 251|0x000000008fb00000, 0x000000008fb00000, 0x000000008fc00000|  0%| F|  |TAMS 0x000000008fb00000, 0x000000008fb00000| Untracked 
| 252|0x000000008fc00000, 0x000000008fc00000, 0x000000008fd00000|  0%| F|  |TAMS 0x000000008fc00000, 0x000000008fc00000| Untracked 
| 253|0x000000008fd00000, 0x000000008fd00000, 0x000000008fe00000|  0%| F|  |TAMS 0x000000008fd00000, 0x000000008fd00000| Untracked 
| 254|0x000000008fe00000, 0x000000008fe00000, 0x000000008ff00000|  0%| F|  |TAMS 0x000000008fe00000, 0x000000008fe00000| Untracked 
| 255|0x000000008ff00000, 0x000000008ff00000, 0x0000000090000000|  0%| F|  |TAMS 0x000000008ff00000, 0x000000008ff00000| Untracked 
| 256|0x0000000090000000, 0x0000000090000000, 0x0000000090100000|  0%| F|  |TAMS 0x0000000090000000, 0x0000000090000000| Untracked 
| 257|0x0000000090100000, 0x0000000090100000, 0x0000000090200000|  0%| F|  |TAMS 0x0000000090100000, 0x0000000090100000| Untracked 
| 258|0x0000000090200000, 0x0000000090200000, 0x0000000090300000|  0%| F|  |TAMS 0x0000000090200000, 0x0000000090200000| Untracked 
| 259|0x0000000090300000, 0x0000000090300000, 0x0000000090400000|  0%| F|  |TAMS 0x0000000090300000, 0x0000000090300000| Untracked 
| 260|0x0000000090400000, 0x0000000090400000, 0x0000000090500000|  0%| F|  |TAMS 0x0000000090400000, 0x0000000090400000| Untracked 
| 261|0x0000000090500000, 0x0000000090500000, 0x0000000090600000|  0%| F|  |TAMS 0x0000000090500000, 0x0000000090500000| Untracked 
| 262|0x0000000090600000, 0x0000000090600000, 0x0000000090700000|  0%| F|  |TAMS 0x0000000090600000, 0x0000000090600000| Untracked 

Card table byte_map: [0x000001ac73a20000,0x000001ac73e20000] _byte_map_base: 0x000001ac73620000

Marking Bits (Prev, Next): (CMBitMap*) 0x000001ac5c0f03f0, (CMBitMap*) 0x000001ac5c0f03b0
 Prev Bits: [0x000001ac76220000, 0x000001ac78220000)
 Next Bits: [0x000001ac74220000, 0x000001ac76220000)

Polling page: 0x000001ac5a0a0000

Metaspace:

Usage:
  Non-class:     70.09 MB capacity,    69.20 MB ( 99%) used,   792.81 KB (  1%) free+waste,   117.62 KB ( <1%) overhead. 
      Class:     11.07 MB capacity,    10.74 MB ( 97%) used,   292.37 KB (  3%) free+waste,    47.44 KB ( <1%) overhead. 
       Both:     81.16 MB capacity,    79.94 MB ( 98%) used,     1.06 MB (  1%) free+waste,   165.06 KB ( <1%) overhead. 

Virtual space:
  Non-class space:       72.00 MB reserved,      70.24 MB ( 98%) committed 
      Class space:        1.00 GB reserved,      11.12 MB (  1%) committed 
             Both:        1.07 GB reserved,      81.37 MB (  7%) committed 

Chunk freelists:
   Non-Class:  88.00 KB
       Class:  26.00 KB
        Both:  114.00 KB

MaxMetaspaceSize: 17179869184.00 GB
CompressedClassSpaceSize: 1.00 GB

CodeHeap 'non-profiled nmethods': size=120000Kb used=4896Kb max_used=5168Kb free=115103Kb
 bounds [0x000001ac6bdc0000, 0x000001ac6c2e0000, 0x000001ac732f0000]
CodeHeap 'profiled nmethods': size=120000Kb used=22864Kb max_used=22864Kb free=97135Kb
 bounds [0x000001ac64890000, 0x000001ac65f40000, 0x000001ac6bdc0000]
CodeHeap 'non-nmethods': size=5760Kb used=2413Kb max_used=2470Kb free=3346Kb
 bounds [0x000001ac642f0000, 0x000001ac64570000, 0x000001ac64890000]
 total_blobs=11357 nmethods=10460 adapters=807
 compilation: enabled
              stopped_count=0, restarted_count=0
 full_count=0

Compilation events (20 events):
Event: 14.852 Thread 0x000001ac7ac54aa0 nmethod 12426 0x000001ac65995810 code [0x000001ac659959c0, 0x000001ac65995d38]
Event: 14.852 Thread 0x000001ac7ac54aa0 12393 %     3       com.android.tools.r8.s.c.d0::a @ 29 (908 bytes)
Event: 14.861 Thread 0x000001ac7ac54aa0 nmethod 12393% 0x000001ac65f1be10 code [0x000001ac65f1ca00, 0x000001ac65f24068]
Event: 14.861 Thread 0x000001ac7ac54aa0 12440 %     3       com.android.tools.r8.ir.regalloc.b::d @ 30 (103 bytes)
Event: 14.862 Thread 0x000001ac7ac54aa0 nmethod 12440% 0x000001ac651a5890 code [0x000001ac651a5ae0, 0x000001ac651a6768]
Event: 14.862 Thread 0x000001ac7ac54aa0 12427 %     3       com.android.tools.r8.s.b.q1::g0 @ 10 (38 bytes)
Event: 14.862 Thread 0x000001ac7ac54aa0 nmethod 12427% 0x000001ac64fc1610 code [0x000001ac64fc1820, 0x000001ac64fc2048]
Event: 14.863 Thread 0x000001ac7ac54aa0 12434       3       com.android.tools.r8.s.b.o::f (38 bytes)
Event: 14.863 Thread 0x000001ac7ac54aa0 nmethod 12434 0x000001ac652e4b90 code [0x000001ac652e4dc0, 0x000001ac652e5818]
Event: 14.864 Thread 0x000001ac7ac54aa0 12442       3       com.android.tools.r8.s.a.h.e::a (45 bytes)
Event: 14.864 Thread 0x000001ac7ac54aa0 nmethod 12442 0x000001ac6501c490 code [0x000001ac6501c6e0, 0x000001ac6501d118]
Event: 14.865 Thread 0x000001ac7ac54aa0 12423       3       com.android.tools.r8.q.a.a.b.X::forEach (37 bytes)
Event: 14.865 Thread 0x000001ac7ac54aa0 nmethod 12423 0x000001ac65203010 code [0x000001ac652031e0, 0x000001ac65203648]
Event: 14.865 Thread 0x000001ac7ac54aa0 12446 %     3       com.android.tools.r8.ir.regalloc.a::b @ 850 (1365 bytes)
Event: 14.876 Thread 0x000001ac7ac54aa0 nmethod 12446% 0x000001ac65f26c90 code [0x000001ac65f27940, 0x000001ac65f31418]
Event: 14.876 Thread 0x000001ac7ac54aa0 12452       3       java.util.HashMap$HashIterator::<init> (79 bytes)
Event: 14.876 Thread 0x000001ac7ac54aa0 nmethod 12452 0x000001ac6529f210 code [0x000001ac6529f3c0, 0x000001ac6529f7d8]
Event: 14.876 Thread 0x000001ac7ac54aa0 12454 %     3       java.util.TreeMap::put @ 123 (221 bytes)
Event: 14.877 Thread 0x000001ac7ac54aa0 nmethod 12454% 0x000001ac649e4810 code [0x000001ac649e4a60, 0x000001ac649e5728]
Event: 14.877 Thread 0x000001ac7ac54aa0 12448 %     3       com.android.tools.r8.ir.conversion.K::a @ 711 (951 bytes)

GC Heap History (20 events):
Event: 11.933 GC heap after
{Heap after GC invocations=39 (full 0):
 garbage-first heap   total 152576K, used 76543K [0x0000000080000000, 0x0000000100000000)
  region size 1024K, 4 young (4096K), 4 survivors (4096K)
 Metaspace       used 71280K, capacity 72451K, committed 72696K, reserved 1112064K
  class space    used 9340K, capacity 9661K, committed 9728K, reserved 1048576K
}
Event: 12.270 GC heap before
{Heap before GC invocations=40 (full 0):
 garbage-first heap   total 152576K, used 115455K [0x0000000080000000, 0x0000000100000000)
  region size 1024K, 44 young (45056K), 4 survivors (4096K)
 Metaspace       used 71527K, capacity 72683K, committed 72952K, reserved 1112064K
  class space    used 9369K, capacity 9695K, committed 9728K, reserved 1048576K
}
Event: 12.275 GC heap after
{Heap after GC invocations=41 (full 0):
 garbage-first heap   total 152576K, used 77775K [0x0000000080000000, 0x0000000100000000)
  region size 1024K, 5 young (5120K), 5 survivors (5120K)
 Metaspace       used 71527K, capacity 72683K, committed 72952K, reserved 1112064K
  class space    used 9369K, capacity 9695K, committed 9728K, reserved 1048576K
}
Event: 12.285 GC heap before
{Heap before GC invocations=41 (full 0):
 garbage-first heap   total 152576K, used 79823K [0x0000000080000000, 0x0000000100000000)
  region size 1024K, 7 young (7168K), 5 survivors (5120K)
 Metaspace       used 71527K, capacity 72683K, committed 72952K, reserved 1112064K
  class space    used 9369K, capacity 9695K, committed 9728K, reserved 1048576K
}
Event: 12.293 GC heap after
{Heap after GC invocations=42 (full 0):
 garbage-first heap   total 183296K, used 71302K [0x0000000080000000, 0x0000000100000000)
  region size 1024K, 1 young (1024K), 1 survivors (1024K)
 Metaspace       used 71527K, capacity 72683K, committed 72952K, reserved 1112064K
  class space    used 9369K, capacity 9695K, committed 9728K, reserved 1048576K
}
Event: 12.492 GC heap before
{Heap before GC invocations=42 (full 0):
 garbage-first heap   total 183296K, used 137862K [0x0000000080000000, 0x0000000100000000)
  region size 1024K, 67 young (68608K), 1 survivors (1024K)
 Metaspace       used 72512K, capacity 73745K, committed 73848K, reserved 1114112K
  class space    used 9527K, capacity 9856K, committed 9856K, reserved 1048576K
}
Event: 12.497 GC heap after
{Heap after GC invocations=43 (full 0):
 garbage-first heap   total 183296K, used 84177K [0x0000000080000000, 0x0000000100000000)
  region size 1024K, 9 young (9216K), 9 survivors (9216K)
 Metaspace       used 72512K, capacity 73745K, committed 73848K, reserved 1114112K
  class space    used 9527K, capacity 9856K, committed 9856K, reserved 1048576K
}
Event: 12.674 GC heap before
{Heap before GC invocations=43 (full 0):
 garbage-first heap   total 183296K, used 138449K [0x0000000080000000, 0x0000000100000000)
  region size 1024K, 63 young (64512K), 9 survivors (9216K)
 Metaspace       used 74696K, capacity 75891K, committed 76024K, reserved 1116160K
  class space    used 9878K, capacity 10187K, committed 10240K, reserved 1048576K
}
Event: 12.681 GC heap after
{Heap after GC invocations=44 (full 0):
 garbage-first heap   total 183296K, used 91725K [0x0000000080000000, 0x0000000100000000)
  region size 1024K, 8 young (8192K), 8 survivors (8192K)
 Metaspace       used 74696K, capacity 75891K, committed 76024K, reserved 1116160K
  class space    used 9878K, capacity 10187K, committed 10240K, reserved 1048576K
}
Event: 12.813 GC heap before
{Heap before GC invocations=44 (full 0):
 garbage-first heap   total 183296K, used 140877K [0x0000000080000000, 0x0000000100000000)
  region size 1024K, 56 young (57344K), 8 survivors (8192K)
 Metaspace       used 75430K, capacity 76634K, committed 76920K, reserved 1116160K
  class space    used 9967K, capacity 10285K, committed 10368K, reserved 1048576K
}
Event: 12.828 GC heap after
{Heap after GC invocations=45 (full 0):
 garbage-first heap   total 183296K, used 101878K [0x0000000080000000, 0x0000000100000000)
  region size 1024K, 7 young (7168K), 7 survivors (7168K)
 Metaspace       used 75430K, capacity 76634K, committed 76920K, reserved 1116160K
  class space    used 9967K, capacity 10285K, committed 10368K, reserved 1048576K
}
Event: 12.980 GC heap before
{Heap before GC invocations=45 (full 0):
 garbage-first heap   total 224256K, used 141814K [0x0000000080000000, 0x0000000100000000)
  region size 1024K, 47 young (48128K), 7 survivors (7168K)
 Metaspace       used 75859K, capacity 77082K, committed 77176K, reserved 1116160K
  class space    used 10022K, capacity 10349K, committed 10368K, reserved 1048576K
}
Event: 12.997 GC heap after
{Heap after GC invocations=46 (full 0):
 garbage-first heap   total 269312K, used 109568K [0x0000000080000000, 0x0000000100000000)
  region size 1024K, 6 young (6144K), 6 survivors (6144K)
 Metaspace       used 75859K, capacity 77082K, committed 77176K, reserved 1116160K
  class space    used 10022K, capacity 10349K, committed 10368K, reserved 1048576K
}
Event: 13.411 GC heap before
{Heap before GC invocations=47 (full 0):
 garbage-first heap   total 269312K, used 199680K [0x0000000080000000, 0x0000000100000000)
  region size 1024K, 94 young (96256K), 6 survivors (6144K)
 Metaspace       used 77533K, capacity 78774K, committed 78840K, reserved 1118208K
  class space    used 10369K, capacity 10721K, committed 10752K, reserved 1048576K
}
Event: 13.514 GC heap after
{Heap after GC invocations=48 (full 0):
 garbage-first heap   total 269312K, used 124127K [0x0000000080000000, 0x0000000100000000)
  region size 1024K, 12 young (12288K), 12 survivors (12288K)
 Metaspace       used 77533K, capacity 78774K, committed 78840K, reserved 1118208K
  class space    used 10369K, capacity 10721K, committed 10752K, reserved 1048576K
}
Event: 13.968 GC heap before
{Heap before GC invocations=48 (full 0):
 garbage-first heap   total 269312K, used 200927K [0x0000000080000000, 0x0000000100000000)
  region size 1024K, 88 young (90112K), 12 survivors (12288K)
 Metaspace       used 81250K, capacity 82533K, committed 82808K, reserved 1120256K
  class space    used 10983K, capacity 11355K, committed 11392K, reserved 1048576K
}
Event: 13.987 GC heap after
{Heap after GC invocations=49 (full 0):
 garbage-first heap   total 269312K, used 127345K [0x0000000080000000, 0x0000000100000000)
  region size 1024K, 3 young (3072K), 3 survivors (3072K)
 Metaspace       used 81250K, capacity 82533K, committed 82808K, reserved 1120256K
  class space    used 10983K, capacity 11355K, committed 11392K, reserved 1048576K
}
Event: 14.229 GC heap before
{Heap before GC invocations=49 (full 0):
 garbage-first heap   total 269312K, used 208241K [0x0000000080000000, 0x0000000100000000)
  region size 1024K, 82 young (83968K), 3 survivors (3072K)
 Metaspace       used 81589K, capacity 82856K, committed 83064K, reserved 1120256K
  class space    used 10998K, capacity 11356K, committed 11392K, reserved 1048576K
}
Event: 14.236 GC heap after
{Heap after GC invocations=50 (full 0):
 garbage-first heap   total 269312K, used 128212K [0x0000000080000000, 0x0000000100000000)
  region size 1024K, 4 young (4096K), 4 survivors (4096K)
 Metaspace       used 81589K, capacity 82856K, committed 83064K, reserved 1120256K
  class space    used 10998K, capacity 11356K, committed 11392K, reserved 1048576K
}
Event: 14.878 GC heap before
{Heap before GC invocations=51 (full 0):
 garbage-first heap   total 269312K, used 214228K [0x0000000080000000, 0x0000000100000000)
  region size 1024K, 88 young (90112K), 4 survivors (4096K)
 Metaspace       used 81859K, capacity 83110K, committed 83320K, reserved 1122304K
  class space    used 10994K, capacity 11334K, committed 11392K, reserved 1048576K
}

Deoptimization events (20 events):
Event: 14.857 Thread 0x000001ac7f9b9a30 DEOPT UNPACKING pc=0x000001ac6433f6cf sp=0x00000096e05f93e0 mode 0
Event: 14.857 Thread 0x000001ac7f9bbbe0 DEOPT UNPACKING pc=0x000001ac6433f6cf sp=0x00000096e00f86b0 mode 0
Event: 14.857 Thread 0x000001ac7f9bbbe0 DEOPT PACKING pc=0x000001ac657394b2 sp=0x00000096e00f91f0
Event: 14.857 Thread 0x000001ac7f9bbbe0 DEOPT UNPACKING pc=0x000001ac6433f6cf sp=0x00000096e00f86a0 mode 0
Event: 14.858 Thread 0x000001ac7f9bbbe0 DEOPT PACKING pc=0x000001ac65098363 sp=0x00000096e00f9350
Event: 14.858 Thread 0x000001ac7f9bbbe0 DEOPT UNPACKING pc=0x000001ac6433f6cf sp=0x00000096e00f8820 mode 0
Event: 14.860 Thread 0x000001ac7f9b9a30 DEOPT PACKING pc=0x000001ac65767931 sp=0x00000096e05fa130
Event: 14.860 Thread 0x000001ac7f9b9a30 DEOPT UNPACKING pc=0x000001ac6433f6cf sp=0x00000096e05f95d8 mode 0
Event: 14.861 Thread 0x000001ac7f9bd8c0 DEOPT PACKING pc=0x000001ac65e19873 sp=0x00000096e02f9a40
Event: 14.861 Thread 0x000001ac7f9bd8c0 DEOPT UNPACKING pc=0x000001ac6433f6cf sp=0x00000096e02f9200 mode 0
Event: 14.864 Thread 0x000001ac7f9bbbe0 DEOPT PACKING pc=0x000001ac65ec493c sp=0x00000096e00f97b0
Event: 14.864 Thread 0x000001ac7f9bbbe0 DEOPT UNPACKING pc=0x000001ac6433f6cf sp=0x00000096e00f8f40 mode 0
Event: 14.867 Thread 0x000001ac7f9bbbe0 DEOPT PACKING pc=0x000001ac6568b5a8 sp=0x00000096e00f97c0
Event: 14.867 Thread 0x000001ac7f9bbbe0 DEOPT UNPACKING pc=0x000001ac6433f6cf sp=0x00000096e00f8cc8 mode 0
Event: 14.873 Thread 0x000001ac7f9bbbe0 DEOPT PACKING pc=0x000001ac6570ff75 sp=0x00000096e00f9780
Event: 14.873 Thread 0x000001ac7f9bbbe0 DEOPT UNPACKING pc=0x000001ac6433f6cf sp=0x00000096e00f8d68 mode 0
Event: 14.877 Thread 0x000001ac7f9bcf20 DEOPT PACKING pc=0x000001ac65098363 sp=0x00000096e06f9a90
Event: 14.877 Thread 0x000001ac7f9bcf20 DEOPT UNPACKING pc=0x000001ac6433f6cf sp=0x00000096e06f8f60 mode 0
Event: 14.878 Thread 0x000001ac7f9b6a10 DEOPT PACKING pc=0x000001ac64c4ae9f sp=0x00000096e03f9e40
Event: 14.878 Thread 0x000001ac7f9b6a10 DEOPT UNPACKING pc=0x000001ac6433f6cf sp=0x00000096e03f92a8 mode 0

Classes unloaded (20 events):
Event: 14.485 Thread 0x000001ac7ac29720 Unloading class 0x0000000801502040 'java/lang/invoke/LambdaForm$DMH+0x0000000801502040'
Event: 14.485 Thread 0x000001ac7ac29720 Unloading class 0x0000000801502c40 'java/lang/invoke/LambdaForm$DMH+0x0000000801502c40'
Event: 14.485 Thread 0x000001ac7ac29720 Unloading class 0x0000000801503040 'java/lang/invoke/LambdaForm$DMH+0x0000000801503040'
Event: 14.485 Thread 0x000001ac7ac29720 Unloading class 0x0000000801502840 'java/lang/invoke/LambdaForm$DMH+0x0000000801502840'
Event: 14.485 Thread 0x000001ac7ac29720 Unloading class 0x0000000801503c40 'java/lang/invoke/LambdaForm$DMH+0x0000000801503c40'
Event: 14.485 Thread 0x000001ac7ac29720 Unloading class 0x0000000801503840 'java/lang/invoke/LambdaForm$DMH+0x0000000801503840'
Event: 14.485 Thread 0x000001ac7ac29720 Unloading class 0x0000000801504440 'java/lang/invoke/LambdaForm$DMH+0x0000000801504440'
Event: 14.485 Thread 0x000001ac7ac29720 Unloading class 0x0000000801504040 'java/lang/invoke/LambdaForm$DMH+0x0000000801504040'
Event: 14.485 Thread 0x000001ac7ac29720 Unloading class 0x0000000801504840 'java/lang/invoke/LambdaForm$DMH+0x0000000801504840'
Event: 14.485 Thread 0x000001ac7ac29720 Unloading class 0x0000000801506440 'java/lang/invoke/LambdaForm$DMH+0x0000000801506440'
Event: 14.485 Thread 0x000001ac7ac29720 Unloading class 0x0000000801505840 'java/lang/invoke/LambdaForm$DMH+0x0000000801505840'
Event: 14.485 Thread 0x000001ac7ac29720 Unloading class 0x0000000801505040 'java/lang/invoke/LambdaForm$DMH+0x0000000801505040'
Event: 14.485 Thread 0x000001ac7ac29720 Unloading class 0x0000000801505c40 'java/lang/invoke/LambdaForm$DMH+0x0000000801505c40'
Event: 14.485 Thread 0x000001ac7ac29720 Unloading class 0x0000000801506040 'java/lang/invoke/LambdaForm$DMH+0x0000000801506040'
Event: 14.485 Thread 0x000001ac7ac29720 Unloading class 0x0000000801506840 'java/lang/invoke/LambdaForm$DMH+0x0000000801506840'
Event: 14.485 Thread 0x000001ac7ac29720 Unloading class 0x0000000801507440 'java/lang/invoke/LambdaForm$DMH+0x0000000801507440'
Event: 14.485 Thread 0x000001ac7ac29720 Unloading class 0x0000000801501040 'java/lang/invoke/LambdaForm$DMH+0x0000000801501040'
Event: 14.485 Thread 0x000001ac7ac29720 Unloading class 0x0000000801500c40 'java/lang/invoke/LambdaForm$DMH+0x0000000801500c40'
Event: 14.485 Thread 0x000001ac7ac29720 Unloading class 0x0000000801500840 'java/lang/invoke/LambdaForm$DMH+0x0000000801500840'
Event: 14.485 Thread 0x000001ac7ac29720 Unloading class 0x0000000801500440 'java/lang/invoke/LambdaForm$DMH+0x0000000801500440'

Classes redefined (0 events):
No events

Internal exceptions (20 events):
Event: 13.562 Thread 0x000001ac7f9bbbe0 Exception <a 'java/lang/NoSuchMethodError'{0x00000000901f6430}: 'java.lang.Object java.lang.invoke.DirectMethodHandle$Holder.invokeVirtual(java.lang.Object, java.lang.Object, int, java.lang.Object)'> (0x00000000901f6430) 
thrown [./open/src/hotspot/share/interpreter/linkResolver.cpp, line 782]
Event: 13.562 Thread 0x000001ac7f9bc580 Exception <a 'java/lang/NoSuchMethodError'{0x00000000906ff128}: 'java.lang.Object java.lang.invoke.DirectMethodHandle$Holder.invokeVirtual(java.lang.Object, java.lang.Object, int, java.lang.Object)'> (0x00000000906ff128) 
thrown [./open/src/hotspot/share/interpreter/linkResolver.cpp, line 782]
Event: 13.562 Thread 0x000001ac7f9b9a30 Exception <a 'java/lang/NoSuchMethodError'{0x00000000900043a0}: 'java.lang.Object java.lang.invoke.DirectMethodHandle$Holder.invokeVirtual(java.lang.Object, java.lang.Object, int, java.lang.Object)'> (0x00000000900043a0) 
thrown [./open/src/hotspot/share/interpreter/linkResolver.cpp, line 782]
Event: 13.562 Thread 0x000001ac7f9b6a10 Exception <a 'java/lang/NoSuchMethodError'{0x00000000905ae0e8}: 'java.lang.Object java.lang.invoke.DirectMethodHandle$Holder.invokeVirtual(java.lang.Object, java.lang.Object, int, java.lang.Object)'> (0x00000000905ae0e8) 
thrown [./open/src/hotspot/share/interpreter/linkResolver.cpp, line 782]
Event: 13.562 Thread 0x000001ac7f9bcf20 Exception <a 'java/lang/NoSuchMethodError'{0x000000009060a2a8}: 'java.lang.Object java.lang.invoke.DirectMethodHandle$Holder.invokeVirtual(java.lang.Object, java.lang.Object, int, java.lang.Object)'> (0x000000009060a2a8) 
thrown [./open/src/hotspot/share/interpreter/linkResolver.cpp, line 782]
Event: 13.562 Thread 0x000001ac7f9bd8c0 Exception <a 'java/lang/NoSuchMethodError'{0x0000000090659c08}: 'java.lang.Object java.lang.invoke.DirectMethodHandle$Holder.invokeVirtual(java.lang.Object, java.lang.Object, int, java.lang.Object)'> (0x0000000090659c08) 
thrown [./open/src/hotspot/share/interpreter/linkResolver.cpp, line 782]
Event: 13.587 Thread 0x000001ac7f9b9f00 Exception <a 'java/lang/NoSuchMethodError'{0x000000008ff95668}: 'void java.lang.invoke.DirectMethodHandle$Holder.invokeVirtual(java.lang.Object, java.lang.Object, int, java.lang.Object)'> (0x000000008ff95668) 
thrown [./open/src/hotspot/share/interpreter/linkResolver.cpp, line 782]
Event: 13.587 Thread 0x000001ac7f9bd8c0 Exception <a 'java/lang/NoSuchMethodError'{0x000000008ff0c688}: 'void java.lang.invoke.DirectMethodHandle$Holder.invokeVirtual(java.lang.Object, java.lang.Object, int, java.lang.Object)'> (0x000000008ff0c688) 
thrown [./open/src/hotspot/share/interpreter/linkResolver.cpp, line 782]
Event: 13.587 Thread 0x000001ac7f9b9a30 Exception <a 'java/lang/NoSuchMethodError'{0x000000008ff77398}: 'void java.lang.invoke.DirectMethodHandle$Holder.invokeVirtual(java.lang.Object, java.lang.Object, int, java.lang.Object)'> (0x000000008ff77398) 
thrown [./open/src/hotspot/share/interpreter/linkResolver.cpp, line 782]
Event: 13.587 Thread 0x000001ac7f9bc580 Exception <a 'java/lang/NoSuchMethodError'{0x00000000900da090}: 'void java.lang.invoke.DirectMethodHandle$Holder.invokeVirtual(java.lang.Object, java.lang.Object, int, java.lang.Object)'> (0x00000000900da090) 
thrown [./open/src/hotspot/share/interpreter/linkResolver.cpp, line 782]
Event: 13.588 Thread 0x000001ac7dbfd4a0 Exception <a 'java/lang/NoSuchMethodError'{0x00000000900a8760}: 'void java.lang.invoke.DirectMethodHandle$Holder.invokeVirtual(java.lang.Object, java.lang.Object, int, java.lang.Object)'> (0x00000000900a8760) 
thrown [./open/src/hotspot/share/interpreter/linkResolver.cpp, line 782]
Event: 13.588 Thread 0x000001ac7f9bbbe0 Exception <a 'java/lang/NoSuchMethodError'{0x000000008ff2ff18}: 'void java.lang.invoke.DirectMethodHandle$Holder.invokeVirtual(java.lang.Object, java.lang.Object, int, java.lang.Object)'> (0x000000008ff2ff18) 
thrown [./open/src/hotspot/share/interpreter/linkResolver.cpp, line 782]
Event: 13.629 Thread 0x000001ac7f9b9a30 Exception <a 'java/lang/NoSuchMethodError'{0x000000008fcfc0d0}: 'int java.lang.invoke.DirectMethodHandle$Holder.invokeSpecial(java.lang.Object, java.lang.Object, java.lang.Object, int)'> (0x000000008fcfc0d0) 
thrown [./open/src/hotspot/share/interpreter/linkResolver.cpp, line 782]
Event: 13.629 Thread 0x000001ac7f9bcf20 Exception <a 'java/lang/NoSuchMethodError'{0x000000008fcc8890}: 'int java.lang.invoke.DirectMethodHandle$Holder.invokeSpecial(java.lang.Object, java.lang.Object, java.lang.Object, int)'> (0x000000008fcc8890) 
thrown [./open/src/hotspot/share/interpreter/linkResolver.cpp, line 782]
Event: 13.634 Thread 0x000001ac7f9b6a10 Exception <a 'java/lang/NoSuchMethodError'{0x000000008fc1c600}: 'int java.lang.invoke.DirectMethodHandle$Holder.invokeSpecial(java.lang.Object, java.lang.Object, java.lang.Object, int, java.lang.Object)'> (0x000000008fc1c600) 
thrown [./open/src/hotspot/share/interpreter/linkResolver.cpp, line 782]
Event: 13.634 Thread 0x000001ac7f9b9a30 Exception <a 'java/lang/NoSuchMethodError'{0x000000008fb42a58}: 'int java.lang.invoke.DirectMethodHandle$Holder.invokeSpecial(java.lang.Object, java.lang.Object, java.lang.Object, int, java.lang.Object)'> (0x000000008fb42a58) 
thrown [./open/src/hotspot/share/interpreter/linkResolver.cpp, line 782]
Event: 13.634 Thread 0x000001ac7dbfd4a0 Exception <a 'java/lang/NoSuchMethodError'{0x000000008fe6ead8}: 'int java.lang.invoke.DirectMethodHandle$Holder.invokeSpecial(java.lang.Object, java.lang.Object, java.lang.Object, int, java.lang.Object)'> (0x000000008fe6ead8) 
thrown [./open/src/hotspot/share/interpreter/linkResolver.cpp, line 782]
Event: 13.780 Thread 0x000001ac7f9bc580 Exception <a 'java/lang/NoSuchMethodError'{0x000000008e969610}: 'int java.lang.invoke.DirectMethodHandle$Holder.invokeStatic(java.lang.Object, java.lang.Object, int)'> (0x000000008e969610) 
thrown [./open/src/hotspot/share/interpreter/linkResolver.cpp, line 782]
Event: 13.785 Thread 0x000001ac7f9bbbe0 Exception <a 'java/lang/NoSuchMethodError'{0x000000008e9d5230}: 'java.lang.Object java.lang.invoke.DirectMethodHandle$Holder.invokeInterface(java.lang.Object, java.lang.Object, int)'> (0x000000008e9d5230) 
thrown [./open/src/hotspot/share/interpreter/linkResolver.cpp, line 782]
Event: 14.374 Thread 0x000001ac7f9bbbe0 Exception <a 'java/lang/NoSuchMethodError'{0x000000008fb694f8}: 'int java.lang.invoke.DirectMethodHandle$Holder.invokeInterface(java.lang.Object, java.lang.Object, int)'> (0x000000008fb694f8) 
thrown [./open/src/hotspot/share/interpreter/linkResolver.cpp, line 782]

Events (20 events):
Event: 14.559 Executing coalesced safepoint VM operation: ICBufferFull
Event: 14.559 Executing coalesced safepoint VM operation: ICBufferFull done
Event: 14.559 Executing coalesced safepoint VM operation: ICBufferFull
Event: 14.559 Executing coalesced safepoint VM operation: ICBufferFull done
Event: 14.559 Executing coalesced safepoint VM operation: ICBufferFull
Event: 14.559 Executing coalesced safepoint VM operation: ICBufferFull done
Event: 14.559 Executing coalesced safepoint VM operation: ICBufferFull
Event: 14.559 Executing coalesced safepoint VM operation: ICBufferFull done
Event: 14.559 Executing coalesced safepoint VM operation: ICBufferFull
Event: 14.559 Executing coalesced safepoint VM operation: ICBufferFull done
Event: 14.567 Executing VM operation: ICBufferFull done
Event: 14.600 Executing VM operation: ICBufferFull
Event: 14.605 Executing coalesced safepoint VM operation: ICBufferFull
Event: 14.605 Executing coalesced safepoint VM operation: ICBufferFull done
Event: 14.618 Executing VM operation: ICBufferFull done
Event: 14.677 Executing VM operation: G1Concurrent
Event: 14.691 Executing VM operation: G1Concurrent done
Event: 14.851 Executing VM operation: ICBufferFull
Event: 14.856 Executing VM operation: ICBufferFull done
Event: 14.878 Executing VM operation: G1CollectForAllocation


Dynamic libraries:
0x00007ff6cf360000 - 0x00007ff6cf36f000 	C:\Program Files\Java\jdk-15.0.1\bin\java.exe
0x00007fff94ef0000 - 0x00007fff950e6000 	C:\Windows\SYSTEM32\ntdll.dll
0x00007fff94d20000 - 0x00007fff94ddd000 	C:\Windows\System32\KERNEL32.DLL
0x00007fff92c80000 - 0x00007fff92f48000 	C:\Windows\System32\KERNELBASE.dll
0x00007fff926e0000 - 0x00007fff927e0000 	C:\Windows\System32\ucrtbase.dll
0x00007fff61150000 - 0x00007fff61169000 	C:\Program Files\Java\jdk-15.0.1\bin\VCRUNTIME140.dll
0x00007fff61130000 - 0x00007fff61148000 	C:\Program Files\Java\jdk-15.0.1\bin\jli.dll
0x00007fff94b60000 - 0x00007fff94c0c000 	C:\Windows\System32\ADVAPI32.dll
0x00007fff93c40000 - 0x00007fff93cde000 	C:\Windows\System32\msvcrt.dll
0x00007fff93e80000 - 0x00007fff93f1b000 	C:\Windows\System32\sechost.dll
0x00007fff93fd0000 - 0x00007fff940f4000 	C:\Windows\System32\RPCRT4.dll
0x00007fff93ce0000 - 0x00007fff93e80000 	C:\Windows\System32\USER32.dll
0x00007fff92630000 - 0x00007fff92652000 	C:\Windows\System32\win32u.dll
0x00007fff7cf90000 - 0x00007fff7d22b000 	C:\Windows\WinSxS\amd64_microsoft.windows.common-controls_6595b64144ccf1df_6.0.19041.488_none_ca04af081b815d21\COMCTL32.dll
0x00007fff94ce0000 - 0x00007fff94d0a000 	C:\Windows\System32\GDI32.dll
0x00007fff927e0000 - 0x00007fff928e9000 	C:\Windows\System32\gdi32full.dll
0x00007fff928f0000 - 0x00007fff9298d000 	C:\Windows\System32\msvcp_win.dll
0x00007fff8afe0000 - 0x00007fff8afea000 	C:\Windows\SYSTEM32\VERSION.dll
0x00007fff94760000 - 0x00007fff94790000 	C:\Windows\System32\IMM32.DLL
0x00007fff6e800000 - 0x00007fff6e80c000 	C:\Program Files\Java\jdk-15.0.1\bin\vcruntime140_1.dll
0x00007fff61090000 - 0x00007fff61121000 	C:\Program Files\Java\jdk-15.0.1\bin\msvcp140.dll
0x00007fff46610000 - 0x00007fff4716e000 	C:\Program Files\Java\jdk-15.0.1\bin\server\jvm.dll
0x00007fff94920000 - 0x00007fff94928000 	C:\Windows\System32\PSAPI.DLL
0x00007fff903b0000 - 0x00007fff903d7000 	C:\Windows\SYSTEM32\WINMM.dll
0x00007fff7de30000 - 0x00007fff7de39000 	C:\Windows\SYSTEM32\WSOCK32.dll
0x00007fff94de0000 - 0x00007fff94e4b000 	C:\Windows\System32\WS2_32.dll
0x00007fff90f10000 - 0x00007fff90f22000 	C:\Windows\SYSTEM32\kernel.appcore.dll
0x00007fff66d90000 - 0x00007fff66d9a000 	C:\Program Files\Java\jdk-15.0.1\bin\jimage.dll
0x00007fff901c0000 - 0x00007fff903a4000 	C:\Windows\SYSTEM32\DBGHELP.DLL
0x00007fff90190000 - 0x00007fff901bc000 	C:\Windows\SYSTEM32\dbgcore.DLL
0x00007fff92660000 - 0x00007fff926df000 	C:\Windows\System32\bcryptPrimitives.dll
0x00007fff61060000 - 0x00007fff61085000 	C:\Program Files\Java\jdk-15.0.1\bin\java.dll
0x00007fff92f50000 - 0x00007fff93691000 	C:\Windows\System32\SHELL32.dll
0x00007fff90760000 - 0x00007fff90ef5000 	C:\Windows\SYSTEM32\windows.storage.dll
0x00007fff93790000 - 0x00007fff93ae5000 	C:\Windows\System32\combase.dll
0x00007fff920a0000 - 0x00007fff920cc000 	C:\Windows\SYSTEM32\Wldp.dll
0x00007fff94790000 - 0x00007fff9483e000 	C:\Windows\System32\SHCORE.dll
0x00007fff93730000 - 0x00007fff93785000 	C:\Windows\System32\shlwapi.dll
0x00007fff92560000 - 0x00007fff92586000 	C:\Windows\SYSTEM32\profapi.dll
0x00007fff61040000 - 0x00007fff61059000 	C:\Program Files\Java\jdk-15.0.1\bin\net.dll
0x00007fff82170000 - 0x00007fff82270000 	C:\Windows\SYSTEM32\WINHTTP.dll
0x00007fff91e20000 - 0x00007fff91e8a000 	C:\Windows\system32\mswsock.dll
0x00007fff61020000 - 0x00007fff61032000 	C:\Program Files\Java\jdk-15.0.1\bin\nio.dll
0x00007fff61000000 - 0x00007fff61018000 	C:\Program Files\Java\jdk-15.0.1\bin\zip.dll
0x00007fff66a30000 - 0x00007fff66a40000 	C:\Program Files\Java\jdk-15.0.1\bin\verify.dll
0x00007fff80450000 - 0x00007fff80477000 	C:\Users\crims\.gradle\native\f6784746aeab05261644944871eae4fe03e0ef1612fff0a4a95f87b438bc6780\windows-amd64\native-platform.dll
0x00007fff5a910000 - 0x00007fff5a919000 	C:\Program Files\Java\jdk-15.0.1\bin\management.dll
0x00007fff522e0000 - 0x00007fff522eb000 	C:\Program Files\Java\jdk-15.0.1\bin\management_ext.dll
0x00007fff91ff0000 - 0x00007fff92008000 	C:\Windows\SYSTEM32\CRYPTSP.dll
0x00007fff91740000 - 0x00007fff91774000 	C:\Windows\system32\rsaenh.dll
0x00007fff92a40000 - 0x00007fff92a67000 	C:\Windows\System32\bcrypt.dll
0x00007fff92520000 - 0x00007fff9254e000 	C:\Windows\SYSTEM32\USERENV.dll
0x00007fff92010000 - 0x00007fff9201c000 	C:\Windows\SYSTEM32\CRYPTBASE.dll
0x00007fff91ac0000 - 0x00007fff91afb000 	C:\Windows\SYSTEM32\IPHLPAPI.DLL
0x00007fff94d10000 - 0x00007fff94d18000 	C:\Windows\System32\NSI.dll
0x00007fff842a0000 - 0x00007fff842b7000 	C:\Windows\SYSTEM32\dhcpcsvc6.DLL
0x00007fff88a70000 - 0x00007fff88a8d000 	C:\Windows\SYSTEM32\dhcpcsvc.DLL
0x00007fff91b00000 - 0x00007fff91bcb000 	C:\Windows\SYSTEM32\DNSAPI.dll
0x00007fff8af20000 - 0x00007fff8af2b000 	C:\Windows\SYSTEM32\WINNSI.DLL

dbghelp: loaded successfully - version: 4.0.5 - missing functions: none
symbol engine: initialized successfully - sym options: 0x614 - pdb path: .;C:\Program Files\Java\jdk-15.0.1\bin;C:\Windows\SYSTEM32;C:\Windows\WinSxS\amd64_microsoft.windows.common-controls_6595b64144ccf1df_6.0.19041.488_none_ca04af081b815d21;C:\Program Files\Java\jdk-15.0.1\bin\server;C:\Users\crims\.gradle\native\f6784746aeab05261644944871eae4fe03e0ef1612fff0a4a95f87b438bc6780\windows-amd64

VM Arguments:
jvm_args: --add-opens=java.base/java.util=ALL-UNNAMED --add-opens=java.base/java.lang=ALL-UNNAMED --add-opens=java.base/java.lang.invoke=ALL-UNNAMED --add-opens=java.prefs/java.util.prefs=ALL-UNNAMED -Xmx2048m -Dfile.encoding=windows-1252 -Duser.country=US -Duser.language=en -Duser.variant 
java_command: org.gradle.launcher.daemon.bootstrap.GradleDaemon 6.5
java_class_path (initial): C:\Users\crims\.gradle\wrapper\dists\gradle-6.5-bin\6nifqtx7604sqp1q6g8wikw7p\gradle-6.5\lib\gradle-launcher-6.5.jar
Launcher Type: SUN_STANDARD

[Global flags]
     intx CICompilerCount                          = 4                                         {product} {ergonomic}
     uint ConcGCThreads                            = 2                                         {product} {ergonomic}
     uint G1ConcRefinementThreads                  = 8                                         {product} {ergonomic}
   size_t G1HeapRegionSize                         = 1048576                                   {product} {ergonomic}
    uintx GCDrainStackTargetSize                   = 64                                        {product} {ergonomic}
   size_t InitialHeapSize                          = 132120576                                 {product} {ergonomic}
   size_t MarkStackSize                            = 4194304                                   {product} {ergonomic}
   size_t MaxHeapSize                              = 2147483648                                {product} {command line}
   size_t MaxNewSize                               = 1287651328                                {product} {ergonomic}
   size_t MinHeapDeltaBytes                        = 1048576                                   {product} {ergonomic}
   size_t MinHeapSize                              = 8388608                                   {product} {ergonomic}
    uintx NonNMethodCodeHeapSize                   = 5839372                                {pd product} {ergonomic}
    uintx NonProfiledCodeHeapSize                  = 122909434                              {pd product} {ergonomic}
    uintx ProfiledCodeHeapSize                     = 122909434                              {pd product} {ergonomic}
    uintx ReservedCodeCacheSize                    = 251658240                              {pd product} {ergonomic}
     bool SegmentedCodeCache                       = true                                      {product} {ergonomic}
   size_t SoftMaxHeapSize                          = 2147483648                             {manageable} {ergonomic}
     bool UseCompressedClassPointers               = true                                 {lp64_product} {ergonomic}
     bool UseCompressedOops                        = true                                 {lp64_product} {ergonomic}
     bool UseG1GC                                  = true                                      {product} {ergonomic}
     bool UseLargePagesIndividualAllocation        = false                                  {pd product} {ergonomic}

Logging:
Log output configuration:
 #0: stdout all=warning uptime,level,tags
 #1: stderr all=off uptime,level,tags

Environment Variables:
CLASSPATH=C:\Program Files\Java\jdk-15.0.1\lib
PATH=C:\Program Files\Common Files\Oracle\Java\javapath;C:\Program Files (x86)\Common Files\Oracle\Java\javapath;C:\Windows\system32;C:\Windows;C:\Windows\System32\Wbem;C:\Windows\System32\WindowsPowerShell\v1.0\;C:\Windows\System32\OpenSSH\;C:\Program Files\Git\cmd;C:\Program Files\Java\jdk-15.0.1\bin;D:\Microsoft VS Code\bin
USERNAME=crims
OS=Windows_NT
PROCESSOR_IDENTIFIER=Intel64 Family 6 Model 126 Stepping 5, GenuineIntel



---------------  S Y S T E M  ---------------

OS:
 Windows 10 , 64 bit Build 19041 (10.0.19041.546)
OS uptime: 0 days 2:46 hours

CPU: total 8 (initial active 8) (4 cores per cpu, 2 threads per core) family 6 model 126 stepping 5 microcode 0xa0, cmov, cx8, fxsr, mmx, sse, sse2, sse3, ssse3, sse4.1, sse4.2, popcnt, vzeroupper, avx, avx2, aes, clmul, erms, 3dnowpref, lzcnt, ht, tsc, tscinvbit, bmi1, bmi2, adx, avx512f, avx512dq, avx512cd, avx512bw, avx512vl, avx512_vpopcntdq, avx512_vpclmulqdq, avx512_vbmi, avx512_vbmi2, avx512_vaes, avx512_vnni, sha, fma, clflush, clflushopt

Memory: 4k page, system-wide physical 7959M (296M free)
TotalPageFile size 23527M (AvailPageFile size 45M)
current process WorkingSet (physical memory assigned to process): 405M, peak: 440M
current process commit charge ("private bytes"): 613M, peak: 876M

vm_info: Java HotSpot(TM) 64-Bit Server VM (15.0.1+9-18) for windows-amd64 JRE (15.0.1+9-18), built on Sep 15 2020 14:43:54 by "mach5one" with unknown MS VC++:1925

END.
