#
# There is insufficient memory for the Java Runtime Environment to continue.
# Native memory allocation (malloc) failed to allocate 32744 bytes for ChunkPool::allocate
# Possible reasons:
#   The system is out of physical RAM or swap space
#   The process is running with CompressedOops enabled, and the Java Heap may be blocking the growth of the native heap
# Possible solutions:
#   Reduce memory load on the system
#   Increase physical memory or swap space
#   Check if swap backing store is full
#   Decrease Java heap size (-Xmx/-Xms)
#   Decrease number of Java threads
#   Decrease Java thread stack sizes (-Xss)
#   Set larger code cache with -XX:ReservedCodeCacheSize=
#   JVM is running with Unscaled Compressed Oops mode in which the Java heap is
#     placed in the first 4GB address space. The Java Heap base address is the
#     maximum limit for the native heap growth. Please use -XX:HeapBaseMinAddress
#     to set the Java Heap base and to place the Java Heap above 4GB virtual address.
# This output file may be truncated or incomplete.
#
#  Out of Memory Error (./open/src/hotspot/share/memory/arena.cpp:79), pid=19080, tid=3444
#
# JRE version: Java(TM) SE Runtime Environment (15.0.1+9) (build 15.0.1+9-18)
# Java VM: Java HotSpot(TM) 64-Bit Server VM (15.0.1+9-18, mixed mode, sharing, tiered, compressed oops, g1 gc, windows-amd64)
# No core dump will be written. Minidumps are not enabled by default on client versions of Windows
#

---------------  S U M M A R Y ------------

Command Line: --add-opens=java.base/java.util=ALL-UNNAMED --add-opens=java.base/java.lang=ALL-UNNAMED --add-opens=java.base/java.lang.invoke=ALL-UNNAMED --add-opens=java.prefs/java.util.prefs=ALL-UNNAMED -Xmx2048m -Dfile.encoding=windows-1252 -Duser.country=US -Duser.language=en -Duser.variant org.gradle.launcher.daemon.bootstrap.GradleDaemon 6.5

Host: Intel(R) Core(TM) i5-1035G1 CPU @ 1.00GHz, 8 cores, 7G,  Windows 10 , 64 bit Build 19041 (10.0.19041.546)
Time: Tue Dec 22 09:42:41 2020 SE Asia Standard Time elapsed time: 1.691402 seconds (0d 0h 0m 1s)

---------------  T H R E A D  ---------------

Current thread (0x0000024fce029400):  JavaThread "Daemon worker" [_thread_in_vm, id=3444, stack(0x000000516a800000,0x000000516a900000)]

Stack: [0x000000516a800000,0x000000516a900000]
Native frames: (J=compiled Java code, j=interpreted, Vv=VM code, C=native code)
V  [jvm.dll+0x62ae9a]
V  [jvm.dll+0x781389]
V  [jvm.dll+0x782ae3]
V  [jvm.dll+0x783143]
V  [jvm.dll+0x216265]
V  [jvm.dll+0x9828f]
V  [jvm.dll+0x985dc]
V  [jvm.dll+0x1b56a2]
V  [jvm.dll+0x1b4b62]
V  [jvm.dll+0x504cfd]
V  [jvm.dll+0x707481]
V  [jvm.dll+0x3d9d3b]
V  [jvm.dll+0x3dfdb4]
C  [java.dll+0x1780]

Java frames: (J=compiled Java code, j=interpreted, Vv=VM code)
J 721  java.lang.ClassLoader.defineClass1(Ljava/lang/ClassLoader;Ljava/lang/String;[BIILjava/security/ProtectionDomain;Ljava/lang/String;)Ljava/lang/Class; java.base@15.0.1 (0 bytes) @ 0x0000024fbca9180b [0x0000024fbca91740+0x00000000000000cb]
J 1112 c1 java.lang.ClassLoader.defineClass(Ljava/lang/String;[BIILjava/security/ProtectionDomain;)Ljava/lang/Class; java.base@15.0.1 (43 bytes) @ 0x0000024fb575a2d4 [0x0000024fb5759f80+0x0000000000000354]
J 844 c1 java.security.SecureClassLoader.defineClass(Ljava/lang/String;[BIILjava/security/CodeSource;)Ljava/lang/Class; java.base@15.0.1 (16 bytes) @ 0x0000024fb569f40c [0x0000024fb569f340+0x00000000000000cc]
J 713 c1 java.net.URLClassLoader.defineClass(Ljava/lang/String;Ljdk/internal/loader/Resource;)Ljava/lang/Class; java.base@15.0.1 (224 bytes) @ 0x0000024fb56450ac [0x0000024fb56439a0+0x000000000000170c]
J 649 c1 java.net.URLClassLoader$1.run()Ljava/lang/Class; java.base@15.0.1 (63 bytes) @ 0x0000024fb56213b4 [0x0000024fb5620940+0x0000000000000a74]
J 592 c1 java.net.URLClassLoader$1.run()Ljava/lang/Object; java.base@15.0.1 (5 bytes) @ 0x0000024fb5608cc4 [0x0000024fb5608c40+0x0000000000000084]
J 543 c1 java.security.AccessController.doPrivileged(Ljava/security/PrivilegedExceptionAction;Ljava/security/AccessControlContext;)Ljava/lang/Object; java.base@15.0.1 (26 bytes) @ 0x0000024fb55e8c84 [0x0000024fb55e8aa0+0x00000000000001e4]
J 590 c1 java.net.URLClassLoader.findClass(Ljava/lang/String;)Ljava/lang/Class; java.base@15.0.1 (47 bytes) @ 0x0000024fb560469c [0x0000024fb5604500+0x000000000000019c]
J 1922 c1 org.gradle.internal.classloader.TransformingClassLoader.findClass(Ljava/lang/String;)Ljava/lang/Class; (203 bytes) @ 0x0000024fb58c5f94 [0x0000024fb58c4f40+0x0000000000001054]
J 556 c1 java.lang.ClassLoader.loadClass(Ljava/lang/String;Z)Ljava/lang/Class; java.base@15.0.1 (122 bytes) @ 0x0000024fb55ef7ac [0x0000024fb55ef140+0x000000000000066c]
J 645 c1 java.lang.ClassLoader.loadClass(Ljava/lang/String;)Ljava/lang/Class; java.base@15.0.1 (7 bytes) @ 0x0000024fb561fbcc [0x0000024fb561fac0+0x000000000000010c]
v  ~StubRoutines::call_stub
j  org.gradle.api.internal.artifacts.DependencyManagementBuildScopeServices.createVersionParser()Lorg/gradle/api/internal/artifacts/ivyservice/ivyresolve/strategy/VersionParser;+0
v  ~StubRoutines::call_stub
j  jdk.internal.reflect.NativeMethodAccessorImpl.invoke0(Ljava/lang/reflect/Method;Ljava/lang/Object;[Ljava/lang/Object;)Ljava/lang/Object;+0 java.base@15.0.1
j  jdk.internal.reflect.NativeMethodAccessorImpl.invoke(Ljava/lang/Object;[Ljava/lang/Object;)Ljava/lang/Object;+113 java.base@15.0.1
J 1663 c1 jdk.internal.reflect.DelegatingMethodAccessorImpl.invoke(Ljava/lang/Object;[Ljava/lang/Object;)Ljava/lang/Object; java.base@15.0.1 (10 bytes) @ 0x0000024fb584c64c [0x0000024fb584c540+0x000000000000010c]
J 1662 c1 java.lang.reflect.Method.invoke(Ljava/lang/Object;[Ljava/lang/Object;)Ljava/lang/Object; java.base@15.0.1 (65 bytes) @ 0x0000024fb584b344 [0x0000024fb584b000+0x0000000000000344]
j  org.gradle.internal.reflect.JavaMethod.invoke(Ljava/lang/Object;[Ljava/lang/Object;)Ljava/lang/Object;+6
j  org.gradle.internal.service.ReflectionBasedServiceMethod.invoke(Ljava/lang/Object;[Ljava/lang/Object;)Ljava/lang/Object;+6
j  org.gradle.internal.service.DefaultServiceRegistry$FactoryMethodService.invokeMethod([Ljava/lang/Object;)Ljava/lang/Object;+9
j  org.gradle.internal.service.DefaultServiceRegistry$FactoryService.create()Ljava/lang/Object;+7
J 1838 c1 org.gradle.internal.service.DefaultServiceRegistry$ManagedObjectServiceProvider.getInstance()Ljava/lang/Object; (81 bytes) @ 0x0000024fb5893afc [0x0000024fb5893940+0x00000000000001bc]
J 1837 c1 org.gradle.internal.service.DefaultServiceRegistry$SingletonService.get()Ljava/lang/Object; (5 bytes) @ 0x0000024fb5893634 [0x0000024fb58935c0+0x0000000000000074]
j  org.gradle.internal.service.DefaultServiceRegistry$FactoryService.assembleParameters()[Ljava/lang/Object;+44
j  org.gradle.internal.service.DefaultServiceRegistry$FactoryService.create()Ljava/lang/Object;+1
J 1838 c1 org.gradle.internal.service.DefaultServiceRegistry$ManagedObjectServiceProvider.getInstance()Ljava/lang/Object; (81 bytes) @ 0x0000024fb5893afc [0x0000024fb5893940+0x00000000000001bc]
J 1837 c1 org.gradle.internal.service.DefaultServiceRegistry$SingletonService.get()Ljava/lang/Object; (5 bytes) @ 0x0000024fb5893634 [0x0000024fb58935c0+0x0000000000000074]
j  org.gradle.internal.service.DefaultServiceRegistry$FactoryService.assembleParameters()[Ljava/lang/Object;+44
j  org.gradle.internal.service.DefaultServiceRegistry$FactoryService.create()Ljava/lang/Object;+1
J 1838 c1 org.gradle.internal.service.DefaultServiceRegistry$ManagedObjectServiceProvider.getInstance()Ljava/lang/Object; (81 bytes) @ 0x0000024fb5893afc [0x0000024fb5893940+0x00000000000001bc]
J 1837 c1 org.gradle.internal.service.DefaultServiceRegistry$SingletonService.get()Ljava/lang/Object; (5 bytes) @ 0x0000024fb5893634 [0x0000024fb58935c0+0x0000000000000074]
j  org.gradle.internal.service.DefaultServiceRegistry$FactoryService.assembleParameters()[Ljava/lang/Object;+44
j  org.gradle.internal.service.DefaultServiceRegistry$FactoryService.create()Ljava/lang/Object;+1
J 1838 c1 org.gradle.internal.service.DefaultServiceRegistry$ManagedObjectServiceProvider.getInstance()Ljava/lang/Object; (81 bytes) @ 0x0000024fb5893afc [0x0000024fb5893940+0x00000000000001bc]
J 1837 c1 org.gradle.internal.service.DefaultServiceRegistry$SingletonService.get()Ljava/lang/Object; (5 bytes) @ 0x0000024fb5893634 [0x0000024fb58935c0+0x0000000000000074]
j  org.gradle.internal.service.DefaultServiceRegistry.find(Ljava/lang/reflect/Type;)Ljava/lang/Object;+22
j  org.gradle.internal.service.DefaultServiceRegistry.get(Ljava/lang/reflect/Type;)Ljava/lang/Object;+2
j  org.gradle.internal.service.DefaultServiceRegistry.get(Ljava/lang/Class;)Ljava/lang/Object;+3
j  org.gradle.internal.service.scopes.BuildScopeServices.defaultScriptPluginFactory()Lorg/gradle/configuration/DefaultScriptPluginFactory;+32
j  org.gradle.internal.service.scopes.BuildScopeServices.createScriptPluginFactory(Lorg/gradle/internal/instantiation/InstantiatorFactory;Lorg/gradle/internal/operations/BuildOperationExecutor;Lorg/gradle/configuration/internal/UserCodeApplicationContext;)Lorg/gradle/configuration/ScriptPluginFactory;+1
v  ~StubRoutines::call_stub
j  jdk.internal.reflect.NativeMethodAccessorImpl.invoke0(Ljava/lang/reflect/Method;Ljava/lang/Object;[Ljava/lang/Object;)Ljava/lang/Object;+0 java.base@15.0.1
j  jdk.internal.reflect.NativeMethodAccessorImpl.invoke(Ljava/lang/Object;[Ljava/lang/Object;)Ljava/lang/Object;+113 java.base@15.0.1
J 1663 c1 jdk.internal.reflect.DelegatingMethodAccessorImpl.invoke(Ljava/lang/Object;[Ljava/lang/Object;)Ljava/lang/Object; java.base@15.0.1 (10 bytes) @ 0x0000024fb584c64c [0x0000024fb584c540+0x000000000000010c]
J 1662 c1 java.lang.reflect.Method.invoke(Ljava/lang/Object;[Ljava/lang/Object;)Ljava/lang/Object; java.base@15.0.1 (65 bytes) @ 0x0000024fb584b344 [0x0000024fb584b000+0x0000000000000344]
j  org.gradle.internal.reflect.JavaMethod.invoke(Ljava/lang/Object;[Ljava/lang/Object;)Ljava/lang/Object;+6
j  org.gradle.internal.service.ReflectionBasedServiceMethod.invoke(Ljava/lang/Object;[Ljava/lang/Object;)Ljava/lang/Object;+6
j  org.gradle.internal.service.DefaultServiceRegistry$FactoryMethodService.invokeMethod([Ljava/lang/Object;)Ljava/lang/Object;+9
j  org.gradle.internal.service.DefaultServiceRegistry$FactoryService.create()Ljava/lang/Object;+7
J 1838 c1 org.gradle.internal.service.DefaultServiceRegistry$ManagedObjectServiceProvider.getInstance()Ljava/lang/Object; (81 bytes) @ 0x0000024fb5893afc [0x0000024fb5893940+0x00000000000001bc]
J 1837 c1 org.gradle.internal.service.DefaultServiceRegistry$SingletonService.get()Ljava/lang/Object; (5 bytes) @ 0x0000024fb5893634 [0x0000024fb58935c0+0x0000000000000074]
j  org.gradle.internal.service.DefaultServiceRegistry$FactoryService.assembleParameters()[Ljava/lang/Object;+44
j  org.gradle.internal.service.DefaultServiceRegistry$FactoryService.create()Ljava/lang/Object;+1
J 1838 c1 org.gradle.internal.service.DefaultServiceRegistry$ManagedObjectServiceProvider.getInstance()Ljava/lang/Object; (81 bytes) @ 0x0000024fb5893afc [0x0000024fb5893940+0x00000000000001bc]
J 1837 c1 org.gradle.internal.service.DefaultServiceRegistry$SingletonService.get()Ljava/lang/Object; (5 bytes) @ 0x0000024fb5893634 [0x0000024fb58935c0+0x0000000000000074]
j  org.gradle.internal.service.DefaultServiceRegistry$FactoryService.assembleParameters()[Ljava/lang/Object;+44
j  org.gradle.internal.service.DefaultServiceRegistry$FactoryService.create()Ljava/lang/Object;+1
J 1838 c1 org.gradle.internal.service.DefaultServiceRegistry$ManagedObjectServiceProvider.getInstance()Ljava/lang/Object; (81 bytes) @ 0x0000024fb5893afc [0x0000024fb5893940+0x00000000000001bc]
J 1837 c1 org.gradle.internal.service.DefaultServiceRegistry$SingletonService.get()Ljava/lang/Object; (5 bytes) @ 0x0000024fb5893634 [0x0000024fb58935c0+0x0000000000000074]
j  org.gradle.internal.service.DefaultServiceRegistry.find(Ljava/lang/reflect/Type;)Ljava/lang/Object;+22
j  org.gradle.internal.service.DefaultServiceRegistry.get(Ljava/lang/reflect/Type;)Ljava/lang/Object;+2
j  org.gradle.internal.service.DefaultServiceRegistry.get(Ljava/lang/Class;)Ljava/lang/Object;+3
j  org.gradle.initialization.DefaultGradleLauncherFactory.doNewInstance(Lorg/gradle/api/internal/BuildDefinition;Lorg/gradle/internal/build/BuildState;Lorg/gradle/initialization/GradleLauncher;Lorg/gradle/internal/service/scopes/BuildTreeScopeServices;Ljava/util/List;)Lorg/gradle/initialization/DefaultGradleLauncher;+231
j  org.gradle.initialization.DefaultGradleLauncherFactory.newInstance(Lorg/gradle/api/internal/BuildDefinition;Lorg/gradle/internal/build/RootBuildState;Lorg/gradle/internal/service/scopes/BuildTreeScopeServices;)Lorg/gradle/initialization/GradleLauncher;+33
j  org.gradle.composite.internal.DefaultRootBuildState.<init>(Lorg/gradle/api/internal/BuildDefinition;Lorg/gradle/initialization/GradleLauncherFactory;Lorg/gradle/internal/event/ListenerManager;Lorg/gradle/internal/service/scopes/BuildTreeScopeServices;)V+15
j  org.gradle.composite.internal.DefaultIncludedBuildRegistry.createRootBuild(Lorg/gradle/api/internal/BuildDefinition;)Lorg/gradle/internal/build/RootBuildState;+35
j  org.gradle.launcher.exec.InProcessBuildActionExecuter.execute(Lorg/gradle/internal/invocation/BuildAction;Lorg/gradle/initialization/BuildRequestContext;Lorg/gradle/launcher/exec/BuildActionParameters;Lorg/gradle/internal/service/ServiceRegistry;)Lorg/gradle/launcher/exec/BuildActionResult;+61
j  org.gradle.launcher.exec.InProcessBuildActionExecuter.execute(Lorg/gradle/internal/invocation/BuildAction;Lorg/gradle/initialization/BuildRequestContext;Ljava/lang/Object;Lorg/gradle/internal/service/ServiceRegistry;)Lorg/gradle/launcher/exec/BuildActionResult;+9
j  org.gradle.launcher.exec.BuildTreeScopeBuildActionExecuter.execute(Lorg/gradle/internal/invocation/BuildAction;Lorg/gradle/initialization/BuildRequestContext;Lorg/gradle/launcher/exec/BuildActionParameters;Lorg/gradle/internal/service/ServiceRegistry;)Lorg/gradle/launcher/exec/BuildActionResult;+38
j  org.gradle.launcher.exec.BuildTreeScopeBuildActionExecuter.execute(Lorg/gradle/internal/invocation/BuildAction;Lorg/gradle/initialization/BuildRequestContext;Ljava/lang/Object;Lorg/gradle/internal/service/ServiceRegistry;)Lorg/gradle/launcher/exec/BuildActionResult;+9
j  org.gradle.tooling.internal.provider.ContinuousBuildActionExecuter.execute(Lorg/gradle/internal/invocation/BuildAction;Lorg/gradle/initialization/BuildRequestContext;Lorg/gradle/launcher/exec/BuildActionParameters;Lorg/gradle/internal/service/ServiceRegistry;)Lorg/gradle/launcher/exec/BuildActionResult;+58
j  org.gradle.tooling.internal.provider.ContinuousBuildActionExecuter.execute(Lorg/gradle/internal/invocation/BuildAction;Lorg/gradle/initialization/BuildRequestContext;Ljava/lang/Object;Lorg/gradle/internal/service/ServiceRegistry;)Lorg/gradle/launcher/exec/BuildActionResult;+9
j  org.gradle.tooling.internal.provider.SubscribableBuildActionExecuter.execute(Lorg/gradle/internal/invocation/BuildAction;Lorg/gradle/initialization/BuildRequestContext;Lorg/gradle/launcher/exec/BuildActionParameters;Lorg/gradle/internal/service/ServiceRegistry;)Lorg/gradle/launcher/exec/BuildActionResult;+41
j  org.gradle.tooling.internal.provider.SubscribableBuildActionExecuter.execute(Lorg/gradle/internal/invocation/BuildAction;Lorg/gradle/initialization/BuildRequestContext;Ljava/lang/Object;Lorg/gradle/internal/service/ServiceRegistry;)Lorg/gradle/launcher/exec/BuildActionResult;+9
j  org.gradle.tooling.internal.provider.SessionScopeBuildActionExecuter.execute(Lorg/gradle/internal/invocation/BuildAction;Lorg/gradle/initialization/BuildRequestContext;Lorg/gradle/launcher/exec/BuildActionParameters;Lorg/gradle/internal/service/ServiceRegistry;)Lorg/gradle/launcher/exec/BuildActionResult;+117
j  org.gradle.tooling.internal.provider.SessionScopeBuildActionExecuter.execute(Lorg/gradle/internal/invocation/BuildAction;Lorg/gradle/initialization/BuildRequestContext;Ljava/lang/Object;Lorg/gradle/internal/service/ServiceRegistry;)Lorg/gradle/launcher/exec/BuildActionResult;+9
j  org.gradle.tooling.internal.provider.GradleThreadBuildActionExecuter.execute(Lorg/gradle/internal/invocation/BuildAction;Lorg/gradle/initialization/BuildRequestContext;Lorg/gradle/launcher/exec/BuildActionParameters;Lorg/gradle/internal/service/ServiceRegistry;)Lorg/gradle/launcher/exec/BuildActionResult;+12
j  org.gradle.tooling.internal.provider.GradleThreadBuildActionExecuter.execute(Lorg/gradle/internal/invocation/BuildAction;Lorg/gradle/initialization/BuildRequestContext;Ljava/lang/Object;Lorg/gradle/internal/service/ServiceRegistry;)Lorg/gradle/launcher/exec/BuildActionResult;+9
j  org.gradle.tooling.internal.provider.StartParamsValidatingActionExecuter.execute(Lorg/gradle/internal/invocation/BuildAction;Lorg/gradle/initialization/BuildRequestContext;Lorg/gradle/launcher/exec/BuildActionParameters;Lorg/gradle/internal/service/ServiceRegistry;)Lorg/gradle/launcher/exec/BuildActionResult;+177
j  org.gradle.tooling.internal.provider.StartParamsValidatingActionExecuter.execute(Lorg/gradle/internal/invocation/BuildAction;Lorg/gradle/initialization/BuildRequestContext;Ljava/lang/Object;Lorg/gradle/internal/service/ServiceRegistry;)Lorg/gradle/launcher/exec/BuildActionResult;+9
j  org.gradle.tooling.internal.provider.SessionFailureReportingActionExecuter.execute(Lorg/gradle/internal/invocation/BuildAction;Lorg/gradle/initialization/BuildRequestContext;Lorg/gradle/launcher/exec/BuildActionParameters;Lorg/gradle/internal/service/ServiceRegistry;)Lorg/gradle/launcher/exec/BuildActionResult;+9
j  org.gradle.tooling.internal.provider.SessionFailureReportingActionExecuter.execute(Lorg/gradle/internal/invocation/BuildAction;Lorg/gradle/initialization/BuildRequestContext;Ljava/lang/Object;Lorg/gradle/internal/service/ServiceRegistry;)Lorg/gradle/launcher/exec/BuildActionResult;+9
j  org.gradle.tooling.internal.provider.SetupLoggingActionExecuter.execute(Lorg/gradle/internal/invocation/BuildAction;Lorg/gradle/initialization/BuildRequestContext;Lorg/gradle/launcher/exec/BuildActionParameters;Lorg/gradle/internal/service/ServiceRegistry;)Lorg/gradle/launcher/exec/BuildActionResult;+52
j  org.gradle.tooling.internal.provider.SetupLoggingActionExecuter.execute(Lorg/gradle/internal/invocation/BuildAction;Lorg/gradle/initialization/BuildRequestContext;Ljava/lang/Object;Lorg/gradle/internal/service/ServiceRegistry;)Lorg/gradle/launcher/exec/BuildActionResult;+9
j  org.gradle.launcher.daemon.server.exec.ExecuteBuild.doBuild(Lorg/gradle/launcher/daemon/server/api/DaemonCommandExecution;Lorg/gradle/launcher/daemon/protocol/Build;)V+118
j  org.gradle.launcher.daemon.server.exec.BuildCommandOnly.execute(Lorg/gradle/launcher/daemon/server/api/DaemonCommandExecution;)V+49
j  org.gradle.launcher.daemon.server.api.DaemonCommandExecution.proceed()Z+23
j  org.gradle.launcher.daemon.server.exec.WatchForDisconnection.execute(Lorg/gradle/launcher/daemon/server/api/DaemonCommandExecution;)V+19
j  org.gradle.launcher.daemon.server.api.DaemonCommandExecution.proceed()Z+23
j  org.gradle.launcher.daemon.server.exec.ResetDeprecationLogger.execute(Lorg/gradle/launcher/daemon/server/api/DaemonCommandExecution;)V+7
j  org.gradle.launcher.daemon.server.api.DaemonCommandExecution.proceed()Z+23
j  org.gradle.launcher.daemon.server.exec.RequestStopIfSingleUsedDaemon.execute(Lorg/gradle/launcher/daemon/server/api/DaemonCommandExecution;)V+33
j  org.gradle.launcher.daemon.server.api.DaemonCommandExecution.proceed()Z+23
j  org.gradle.launcher.daemon.server.exec.ForwardClientInput$2.create()Ljava/lang/Void;+4
j  org.gradle.launcher.daemon.server.exec.ForwardClientInput$2.create()Ljava/lang/Object;+1
j  org.gradle.util.Swapper.swap(Ljava/lang/Object;Lorg/gradle/internal/Factory;)Ljava/lang/Object;+21
j  org.gradle.launcher.daemon.server.exec.ForwardClientInput.execute(Lorg/gradle/launcher/daemon/server/api/DaemonCommandExecution;)V+63
j  org.gradle.launcher.daemon.server.api.DaemonCommandExecution.proceed()Z+23
j  org.gradle.launcher.daemon.server.exec.LogAndCheckHealth.execute(Lorg/gradle/launcher/daemon/server/api/DaemonCommandExecution;)V+28
j  org.gradle.launcher.daemon.server.api.DaemonCommandExecution.proceed()Z+23
j  org.gradle.launcher.daemon.server.exec.LogToClient.doBuild(Lorg/gradle/launcher/daemon/server/api/DaemonCommandExecution;Lorg/gradle/launcher/daemon/protocol/Build;)V+87
j  org.gradle.launcher.daemon.server.exec.BuildCommandOnly.execute(Lorg/gradle/launcher/daemon/server/api/DaemonCommandExecution;)V+49
j  org.gradle.launcher.daemon.server.api.DaemonCommandExecution.proceed()Z+23
j  org.gradle.launcher.daemon.server.exec.EstablishBuildEnvironment.doBuild(Lorg/gradle/launcher/daemon/server/api/DaemonCommandExecution;Lorg/gradle/launcher/daemon/protocol/Build;)V+351
j  org.gradle.launcher.daemon.server.exec.BuildCommandOnly.execute(Lorg/gradle/launcher/daemon/server/api/DaemonCommandExecution;)V+49
j  org.gradle.launcher.daemon.server.api.DaemonCommandExecution.proceed()Z+23
j  org.gradle.launcher.daemon.server.exec.StartBuildOrRespondWithBusy$1.run()V+44
j  org.gradle.launcher.daemon.server.DaemonStateCoordinator$1.run()V+4
j  org.gradle.internal.concurrent.ExecutorPolicy$CatchAndRecordFailures.onExecute(Ljava/lang/Runnable;)V+1
j  org.gradle.internal.concurrent.ManagedExecutorImpl$1.run()V+25
j  java.util.concurrent.ThreadPoolExecutor.runWorker(Ljava/util/concurrent/ThreadPoolExecutor$Worker;)V+92 java.base@15.0.1
j  java.util.concurrent.ThreadPoolExecutor$Worker.run()V+5 java.base@15.0.1
j  org.gradle.internal.concurrent.ThreadFactoryImpl$ManagedThreadRunnable.run()V+7
j  java.lang.Thread.run()V+11 java.base@15.0.1
v  ~StubRoutines::call_stub

---------------  P R O C E S S  ---------------

Threads class SMR info:
_java_thread_list=0x0000024fce6908a0, length=25, elements={
0x0000024facd55bd0, 0x0000024fcb919980, 0x0000024fcb91a450, 0x0000024fcb935fa0,
0x0000024fcb937960, 0x0000024fcb938310, 0x0000024fcb938ff0, 0x0000024fcb93baa0,
0x0000024fcb93e4a0, 0x0000024fcc39a720, 0x0000024fcc3d3b60, 0x0000024fcd889ee0,
0x0000024fcd877990, 0x0000024fcdde99e0, 0x0000024fce21f750, 0x0000024fcd347ff0,
0x0000024fcdde4020, 0x0000024fce029400, 0x0000024fce19a960, 0x0000024fce1db250,
0x0000024fce1ef490, 0x0000024fce1f1b10, 0x0000024fce1f1fe0, 0x0000024fce1eeaf0,
0x0000024fce31d170
}

Java Threads: ( => current thread )
  0x0000024facd55bd0 JavaThread "main" [_thread_blocked, id=16924, stack(0x0000005168b00000,0x0000005168c00000)]
  0x0000024fcb919980 JavaThread "Reference Handler" daemon [_thread_blocked, id=18520, stack(0x0000005169200000,0x0000005169300000)]
  0x0000024fcb91a450 JavaThread "Finalizer" daemon [_thread_blocked, id=18536, stack(0x0000005169300000,0x0000005169400000)]
  0x0000024fcb935fa0 JavaThread "Signal Dispatcher" daemon [_thread_blocked, id=18444, stack(0x0000005169400000,0x0000005169500000)]
  0x0000024fcb937960 JavaThread "Attach Listener" daemon [_thread_blocked, id=20376, stack(0x0000005169500000,0x0000005169600000)]
  0x0000024fcb938310 JavaThread "Service Thread" daemon [_thread_blocked, id=17336, stack(0x0000005169600000,0x0000005169700000)]
  0x0000024fcb938ff0 JavaThread "C2 CompilerThread0" daemon [_thread_in_native, id=18672, stack(0x0000005169700000,0x0000005169800000)]
  0x0000024fcb93baa0 JavaThread "C1 CompilerThread0" daemon [_thread_blocked, id=12356, stack(0x0000005169800000,0x0000005169900000)]
  0x0000024fcb93e4a0 JavaThread "Sweeper thread" daemon [_thread_blocked, id=20432, stack(0x0000005169900000,0x0000005169a00000)]
  0x0000024fcc39a720 JavaThread "Common-Cleaner" daemon [_thread_blocked, id=20032, stack(0x0000005169a00000,0x0000005169b00000)]
  0x0000024fcc3d3b60 JavaThread "Notification Thread" daemon [_thread_blocked, id=1788, stack(0x0000005169b00000,0x0000005169c00000)]
  0x0000024fcd889ee0 JavaThread "Daemon health stats" [_thread_blocked, id=20404, stack(0x000000516a000000,0x000000516a100000)]
  0x0000024fcd877990 JavaThread "Incoming local TCP Connector on port 65511" [_thread_in_native, id=8076, stack(0x000000516a300000,0x000000516a400000)]
  0x0000024fcdde99e0 JavaThread "Daemon periodic checks" [_thread_blocked, id=17068, stack(0x000000516a400000,0x000000516a500000)]
  0x0000024fce21f750 JavaThread "Daemon" [_thread_blocked, id=14392, stack(0x000000516a500000,0x000000516a600000)]
  0x0000024fcd347ff0 JavaThread "Handler for socket connection from /127.0.0.1:65511 to /127.0.0.1:65512" [_thread_in_native, id=18800, stack(0x000000516a600000,0x000000516a700000)]
  0x0000024fcdde4020 JavaThread "Cancel handler" [_thread_blocked, id=18176, stack(0x000000516a700000,0x000000516a800000)]
=>0x0000024fce029400 JavaThread "Daemon worker" [_thread_in_vm, id=3444, stack(0x000000516a800000,0x000000516a900000)]
  0x0000024fce19a960 JavaThread "Asynchronous log dispatcher for DefaultDaemonConnection: socket connection from /127.0.0.1:65511 to /127.0.0.1:65512" [_thread_blocked, id=17168, stack(0x000000516a900000,0x000000516aa00000)]
  0x0000024fce1db250 JavaThread "Stdin handler" [_thread_blocked, id=17628, stack(0x000000516aa00000,0x000000516ab00000)]
  0x0000024fce1ef490 JavaThread "Thread-8" [_thread_blocked, id=19928, stack(0x000000516ab00000,0x000000516ac00000)]
  0x0000024fce1f1b10 JavaThread "Cache worker for journal cache (C:\Users\crims\.gradle\caches\journal-1)" [_thread_blocked, id=1524, stack(0x000000516ac00000,0x000000516ad00000)]
  0x0000024fce1f1fe0 JavaThread "File lock request listener" [_thread_in_native, id=8884, stack(0x000000516ad00000,0x000000516ae00000)]
  0x0000024fce1eeaf0 JavaThread "Cache worker for file hash cache (C:\Users\crims\.gradle\caches\6.5\fileHashes)" [_thread_blocked, id=11948, stack(0x0000005169d00000,0x0000005169e00000)]
  0x0000024fce31d170 JavaThread "C2 CompilerThread1" daemon [_thread_in_native, id=13204, stack(0x000000516ae00000,0x000000516af00000)]

Other Threads:
  0x0000024fcb917200 VMThread "VM Thread" [stack: 0x0000005169100000,0x0000005169200000] [id=19384]
  0x0000024fcc3d4700 WatcherThread [stack: 0x0000005169c00000,0x0000005169d00000] [id=18992]
  0x0000024facd8f180 GCTaskThread "GC Thread#0" [stack: 0x0000005168c00000,0x0000005168d00000] [id=10972]
  0x0000024fcc8c3160 GCTaskThread "GC Thread#1" [stack: 0x0000005169e00000,0x0000005169f00000] [id=1464]
  0x0000024fcc8c2170 GCTaskThread "GC Thread#2" [stack: 0x0000005169f00000,0x000000516a000000] [id=16620]
  0x0000024facda11e0 ConcurrentGCThread "G1 Main Marker" [stack: 0x0000005168d00000,0x0000005168e00000] [id=18780]
  0x0000024facda1cd0 ConcurrentGCThread "G1 Conc#0" [stack: 0x0000005168e00000,0x0000005168f00000] [id=19860]
  0x0000024face1dd60 ConcurrentGCThread "G1 Refine#0" [stack: 0x0000005168f00000,0x0000005169000000] [id=19268]
  0x0000024face1e5a0 ConcurrentGCThread "G1 Young RemSet Sampling" [stack: 0x0000005169000000,0x0000005169100000] [id=18348]

Threads with active compile tasks:
C2 CompilerThread0     1699 1924   !   4       java.lang.ClassLoader::loadClass (122 bytes)
C2 CompilerThread1     1699 2027 %     4       sun.nio.cs.UTF_8$Decoder::decodeArrayLoop @ 73 (691 bytes)

VM state: not at safepoint (normal execution)

VM Mutex/Monitor currently owned by a thread: None

Heap address: 0x0000000080000000, size: 2048 MB, Compressed Oops mode: 32-bit
CDS archive(s) mapped at: [0x0000000800000000-0x0000000800b50000-0x0000000800b50000), size 11862016, SharedBaseAddress: 0x0000000800000000, ArchiveRelocationMode: 0.
Compressed class space mapped at: 0x0000000800b50000-0x0000000840b50000, size: 1073741824
Narrow klass base: 0x0000000800000000, Narrow klass shift: 3, Narrow klass range: 0x100000000

GC Precious Log:
 CPUs: 8 total, 8 available
 Memory: 7959M
 Large Page Support: Disabled
 NUMA Support: Disabled
 Compressed Oops: Enabled (32-bit)
 Heap Region Size: 1M
 Heap Min Capacity: 8M
 Heap Initial Capacity: 126M
 Heap Max Capacity: 2G
 Pre-touch: Disabled
 Parallel Workers: 8
 Concurrent Workers: 2
 Concurrent Refinement Workers: 8
 Periodic GC: Disabled

Heap:
 garbage-first heap   total 129024K, used 60957K [0x0000000080000000, 0x0000000100000000)
  region size 1024K, 52 young (53248K), 4 survivors (4096K)
 Metaspace       used 15179K, capacity 15600K, committed 15872K, reserved 1062912K
  class space    used 2072K, capacity 2218K, committed 2304K, reserved 1048576K

Heap Regions: E=young(eden), S=young(survivor), O=old, HS=humongous(starts), HC=humongous(continues), CS=collection set, F=free, OA=open archive, CA=closed archive, TAMS=top-at-mark-start (previous, next)
|   0|0x0000000080000000, 0x0000000080100000, 0x0000000080100000|100%| O|  |TAMS 0x0000000080000000, 0x0000000080000000| Untracked 
|   1|0x0000000080100000, 0x0000000080200000, 0x0000000080200000|100%| O|  |TAMS 0x0000000080100000, 0x0000000080100000| Untracked 
|   2|0x0000000080200000, 0x0000000080287600, 0x0000000080300000| 52%| O|  |TAMS 0x0000000080200000, 0x0000000080200000| Untracked 
|   3|0x0000000080300000, 0x0000000080400000, 0x0000000080400000|100%|HS|  |TAMS 0x0000000080300000, 0x0000000080300000| Complete 
|   4|0x0000000080400000, 0x0000000080500000, 0x0000000080500000|100%|HC|  |TAMS 0x0000000080400000, 0x0000000080400000| Complete 
|   5|0x0000000080500000, 0x0000000080600000, 0x0000000080600000|100%|HC|  |TAMS 0x0000000080500000, 0x0000000080500000| Complete 
|   6|0x0000000080600000, 0x0000000080700000, 0x0000000080700000|100%| O|  |TAMS 0x0000000080600000, 0x0000000080600000| Untracked 
|   7|0x0000000080700000, 0x0000000080800000, 0x0000000080800000|100%| O|  |TAMS 0x0000000080700000, 0x0000000080700000| Untracked 
|   8|0x0000000080800000, 0x0000000080900000, 0x0000000080900000|100%| O|  |TAMS 0x0000000080800000, 0x0000000080800000| Untracked 
|   9|0x0000000080900000, 0x0000000080a00000, 0x0000000080a00000|100%|HS|  |TAMS 0x0000000080900000, 0x0000000080900000| Complete 
|  10|0x0000000080a00000, 0x0000000080a00000, 0x0000000080b00000|  0%| F|  |TAMS 0x0000000080a00000, 0x0000000080a00000| Untracked 
|  11|0x0000000080b00000, 0x0000000080b00000, 0x0000000080c00000|  0%| F|  |TAMS 0x0000000080b00000, 0x0000000080b00000| Untracked 
|  12|0x0000000080c00000, 0x0000000080c00000, 0x0000000080d00000|  0%| F|  |TAMS 0x0000000080c00000, 0x0000000080c00000| Untracked 
|  13|0x0000000080d00000, 0x0000000080d00000, 0x0000000080e00000|  0%| F|  |TAMS 0x0000000080d00000, 0x0000000080d00000| Untracked 
|  14|0x0000000080e00000, 0x0000000080e00000, 0x0000000080f00000|  0%| F|  |TAMS 0x0000000080e00000, 0x0000000080e00000| Untracked 
|  15|0x0000000080f00000, 0x0000000080f00000, 0x0000000081000000|  0%| F|  |TAMS 0x0000000080f00000, 0x0000000080f00000| Untracked 
|  16|0x0000000081000000, 0x0000000081000000, 0x0000000081100000|  0%| F|  |TAMS 0x0000000081000000, 0x0000000081000000| Untracked 
|  17|0x0000000081100000, 0x0000000081100000, 0x0000000081200000|  0%| F|  |TAMS 0x0000000081100000, 0x0000000081100000| Untracked 
|  18|0x0000000081200000, 0x0000000081200000, 0x0000000081300000|  0%| F|  |TAMS 0x0000000081200000, 0x0000000081200000| Untracked 
|  19|0x0000000081300000, 0x0000000081300000, 0x0000000081400000|  0%| F|  |TAMS 0x0000000081300000, 0x0000000081300000| Untracked 
|  20|0x0000000081400000, 0x0000000081400000, 0x0000000081500000|  0%| F|  |TAMS 0x0000000081400000, 0x0000000081400000| Untracked 
|  21|0x0000000081500000, 0x0000000081500000, 0x0000000081600000|  0%| F|  |TAMS 0x0000000081500000, 0x0000000081500000| Untracked 
|  22|0x0000000081600000, 0x0000000081600000, 0x0000000081700000|  0%| F|  |TAMS 0x0000000081600000, 0x0000000081600000| Untracked 
|  23|0x0000000081700000, 0x0000000081700000, 0x0000000081800000|  0%| F|  |TAMS 0x0000000081700000, 0x0000000081700000| Untracked 
|  24|0x0000000081800000, 0x0000000081800000, 0x0000000081900000|  0%| F|  |TAMS 0x0000000081800000, 0x0000000081800000| Untracked 
|  25|0x0000000081900000, 0x0000000081900000, 0x0000000081a00000|  0%| F|  |TAMS 0x0000000081900000, 0x0000000081900000| Untracked 
|  26|0x0000000081a00000, 0x0000000081a00000, 0x0000000081b00000|  0%| F|  |TAMS 0x0000000081a00000, 0x0000000081a00000| Untracked 
|  27|0x0000000081b00000, 0x0000000081b00000, 0x0000000081c00000|  0%| F|  |TAMS 0x0000000081b00000, 0x0000000081b00000| Untracked 
|  28|0x0000000081c00000, 0x0000000081c00000, 0x0000000081d00000|  0%| F|  |TAMS 0x0000000081c00000, 0x0000000081c00000| Untracked 
|  29|0x0000000081d00000, 0x0000000081d00000, 0x0000000081e00000|  0%| F|  |TAMS 0x0000000081d00000, 0x0000000081d00000| Untracked 
|  30|0x0000000081e00000, 0x0000000081e00000, 0x0000000081f00000|  0%| F|  |TAMS 0x0000000081e00000, 0x0000000081e00000| Untracked 
|  31|0x0000000081f00000, 0x0000000081f00000, 0x0000000082000000|  0%| F|  |TAMS 0x0000000081f00000, 0x0000000081f00000| Untracked 
|  32|0x0000000082000000, 0x0000000082000000, 0x0000000082100000|  0%| F|  |TAMS 0x0000000082000000, 0x0000000082000000| Untracked 
|  33|0x0000000082100000, 0x0000000082100000, 0x0000000082200000|  0%| F|  |TAMS 0x0000000082100000, 0x0000000082100000| Untracked 
|  34|0x0000000082200000, 0x0000000082200000, 0x0000000082300000|  0%| F|  |TAMS 0x0000000082200000, 0x0000000082200000| Untracked 
|  35|0x0000000082300000, 0x0000000082300000, 0x0000000082400000|  0%| F|  |TAMS 0x0000000082300000, 0x0000000082300000| Untracked 
|  36|0x0000000082400000, 0x0000000082400000, 0x0000000082500000|  0%| F|  |TAMS 0x0000000082400000, 0x0000000082400000| Untracked 
|  37|0x0000000082500000, 0x0000000082500000, 0x0000000082600000|  0%| F|  |TAMS 0x0000000082500000, 0x0000000082500000| Untracked 
|  38|0x0000000082600000, 0x0000000082600000, 0x0000000082700000|  0%| F|  |TAMS 0x0000000082600000, 0x0000000082600000| Untracked 
|  39|0x0000000082700000, 0x0000000082700000, 0x0000000082800000|  0%| F|  |TAMS 0x0000000082700000, 0x0000000082700000| Untracked 
|  40|0x0000000082800000, 0x0000000082800000, 0x0000000082900000|  0%| F|  |TAMS 0x0000000082800000, 0x0000000082800000| Untracked 
|  41|0x0000000082900000, 0x0000000082900000, 0x0000000082a00000|  0%| F|  |TAMS 0x0000000082900000, 0x0000000082900000| Untracked 
|  42|0x0000000082a00000, 0x0000000082a00000, 0x0000000082b00000|  0%| F|  |TAMS 0x0000000082a00000, 0x0000000082a00000| Untracked 
|  43|0x0000000082b00000, 0x0000000082b00000, 0x0000000082c00000|  0%| F|  |TAMS 0x0000000082b00000, 0x0000000082b00000| Untracked 
|  44|0x0000000082c00000, 0x0000000082c00000, 0x0000000082d00000|  0%| F|  |TAMS 0x0000000082c00000, 0x0000000082c00000| Untracked 
|  45|0x0000000082d00000, 0x0000000082d00000, 0x0000000082e00000|  0%| F|  |TAMS 0x0000000082d00000, 0x0000000082d00000| Untracked 
|  46|0x0000000082e00000, 0x0000000082e00000, 0x0000000082f00000|  0%| F|  |TAMS 0x0000000082e00000, 0x0000000082e00000| Untracked 
|  47|0x0000000082f00000, 0x0000000082f00000, 0x0000000083000000|  0%| F|  |TAMS 0x0000000082f00000, 0x0000000082f00000| Untracked 
|  48|0x0000000083000000, 0x0000000083000000, 0x0000000083100000|  0%| F|  |TAMS 0x0000000083000000, 0x0000000083000000| Untracked 
|  49|0x0000000083100000, 0x0000000083100000, 0x0000000083200000|  0%| F|  |TAMS 0x0000000083100000, 0x0000000083100000| Untracked 
|  50|0x0000000083200000, 0x0000000083200000, 0x0000000083300000|  0%| F|  |TAMS 0x0000000083200000, 0x0000000083200000| Untracked 
|  51|0x0000000083300000, 0x0000000083300000, 0x0000000083400000|  0%| F|  |TAMS 0x0000000083300000, 0x0000000083300000| Untracked 
|  52|0x0000000083400000, 0x0000000083400000, 0x0000000083500000|  0%| F|  |TAMS 0x0000000083400000, 0x0000000083400000| Untracked 
|  53|0x0000000083500000, 0x0000000083500000, 0x0000000083600000|  0%| F|  |TAMS 0x0000000083500000, 0x0000000083500000| Untracked 
|  54|0x0000000083600000, 0x0000000083600000, 0x0000000083700000|  0%| F|  |TAMS 0x0000000083600000, 0x0000000083600000| Untracked 
|  55|0x0000000083700000, 0x0000000083700000, 0x0000000083800000|  0%| F|  |TAMS 0x0000000083700000, 0x0000000083700000| Untracked 
|  56|0x0000000083800000, 0x0000000083800000, 0x0000000083900000|  0%| F|  |TAMS 0x0000000083800000, 0x0000000083800000| Untracked 
|  57|0x0000000083900000, 0x0000000083900000, 0x0000000083a00000|  0%| F|  |TAMS 0x0000000083900000, 0x0000000083900000| Untracked 
|  58|0x0000000083a00000, 0x0000000083a00000, 0x0000000083b00000|  0%| F|  |TAMS 0x0000000083a00000, 0x0000000083a00000| Untracked 
|  59|0x0000000083b00000, 0x0000000083b00000, 0x0000000083c00000|  0%| F|  |TAMS 0x0000000083b00000, 0x0000000083b00000| Untracked 
|  60|0x0000000083c00000, 0x0000000083c00000, 0x0000000083d00000|  0%| F|  |TAMS 0x0000000083c00000, 0x0000000083c00000| Untracked 
|  61|0x0000000083d00000, 0x0000000083d00000, 0x0000000083e00000|  0%| F|  |TAMS 0x0000000083d00000, 0x0000000083d00000| Untracked 
|  62|0x0000000083e00000, 0x0000000083e00000, 0x0000000083f00000|  0%| F|  |TAMS 0x0000000083e00000, 0x0000000083e00000| Untracked 
|  63|0x0000000083f00000, 0x0000000083f00000, 0x0000000084000000|  0%| F|  |TAMS 0x0000000083f00000, 0x0000000083f00000| Untracked 
|  64|0x0000000084000000, 0x0000000084000000, 0x0000000084100000|  0%| F|  |TAMS 0x0000000084000000, 0x0000000084000000| Untracked 
|  65|0x0000000084100000, 0x0000000084100000, 0x0000000084200000|  0%| F|  |TAMS 0x0000000084100000, 0x0000000084100000| Untracked 
|  66|0x0000000084200000, 0x0000000084200000, 0x0000000084300000|  0%| F|  |TAMS 0x0000000084200000, 0x0000000084200000| Untracked 
|  67|0x0000000084300000, 0x0000000084300000, 0x0000000084400000|  0%| F|  |TAMS 0x0000000084300000, 0x0000000084300000| Untracked 
|  68|0x0000000084400000, 0x0000000084400000, 0x0000000084500000|  0%| F|  |TAMS 0x0000000084400000, 0x0000000084400000| Untracked 
|  69|0x0000000084500000, 0x0000000084500000, 0x0000000084600000|  0%| F|  |TAMS 0x0000000084500000, 0x0000000084500000| Untracked 
|  70|0x0000000084600000, 0x0000000084600000, 0x0000000084700000|  0%| F|  |TAMS 0x0000000084600000, 0x0000000084600000| Untracked 
|  71|0x0000000084700000, 0x0000000084700000, 0x0000000084800000|  0%| F|  |TAMS 0x0000000084700000, 0x0000000084700000| Untracked 
|  72|0x0000000084800000, 0x0000000084800000, 0x0000000084900000|  0%| F|  |TAMS 0x0000000084800000, 0x0000000084800000| Untracked 
|  73|0x0000000084900000, 0x0000000084900000, 0x0000000084a00000|  0%| F|  |TAMS 0x0000000084900000, 0x0000000084900000| Untracked 
|  74|0x0000000084a00000, 0x0000000084a80800, 0x0000000084b00000| 50%| E|  |TAMS 0x0000000084a00000, 0x0000000084a00000| Complete 
|  75|0x0000000084b00000, 0x0000000084c00000, 0x0000000084c00000|100%| E|CS|TAMS 0x0000000084b00000, 0x0000000084b00000| Complete 
|  76|0x0000000084c00000, 0x0000000084d00000, 0x0000000084d00000|100%| E|CS|TAMS 0x0000000084c00000, 0x0000000084c00000| Complete 
|  77|0x0000000084d00000, 0x0000000084e00000, 0x0000000084e00000|100%| E|CS|TAMS 0x0000000084d00000, 0x0000000084d00000| Complete 
|  78|0x0000000084e00000, 0x0000000084f00000, 0x0000000084f00000|100%| E|CS|TAMS 0x0000000084e00000, 0x0000000084e00000| Complete 
|  79|0x0000000084f00000, 0x0000000085000000, 0x0000000085000000|100%| E|CS|TAMS 0x0000000084f00000, 0x0000000084f00000| Complete 
|  80|0x0000000085000000, 0x0000000085100000, 0x0000000085100000|100%| E|CS|TAMS 0x0000000085000000, 0x0000000085000000| Complete 
|  81|0x0000000085100000, 0x0000000085200000, 0x0000000085200000|100%| E|CS|TAMS 0x0000000085100000, 0x0000000085100000| Complete 
|  82|0x0000000085200000, 0x0000000085300000, 0x0000000085300000|100%| E|CS|TAMS 0x0000000085200000, 0x0000000085200000| Complete 
|  83|0x0000000085300000, 0x0000000085400000, 0x0000000085400000|100%| E|CS|TAMS 0x0000000085300000, 0x0000000085300000| Complete 
|  84|0x0000000085400000, 0x0000000085500000, 0x0000000085500000|100%| E|CS|TAMS 0x0000000085400000, 0x0000000085400000| Complete 
|  85|0x0000000085500000, 0x0000000085600000, 0x0000000085600000|100%| E|CS|TAMS 0x0000000085500000, 0x0000000085500000| Complete 
|  86|0x0000000085600000, 0x0000000085700000, 0x0000000085700000|100%| E|CS|TAMS 0x0000000085600000, 0x0000000085600000| Complete 
|  87|0x0000000085700000, 0x0000000085800000, 0x0000000085800000|100%| E|CS|TAMS 0x0000000085700000, 0x0000000085700000| Complete 
|  88|0x0000000085800000, 0x0000000085900000, 0x0000000085900000|100%| E|CS|TAMS 0x0000000085800000, 0x0000000085800000| Complete 
|  89|0x0000000085900000, 0x0000000085a00000, 0x0000000085a00000|100%| E|CS|TAMS 0x0000000085900000, 0x0000000085900000| Complete 
|  90|0x0000000085a00000, 0x0000000085b00000, 0x0000000085b00000|100%| S|CS|TAMS 0x0000000085a00000, 0x0000000085a00000| Complete 
|  91|0x0000000085b00000, 0x0000000085c00000, 0x0000000085c00000|100%| S|CS|TAMS 0x0000000085b00000, 0x0000000085b00000| Complete 
|  92|0x0000000085c00000, 0x0000000085d00000, 0x0000000085d00000|100%| S|CS|TAMS 0x0000000085c00000, 0x0000000085c00000| Complete 
|  93|0x0000000085d00000, 0x0000000085e00000, 0x0000000085e00000|100%| S|CS|TAMS 0x0000000085d00000, 0x0000000085d00000| Complete 
|  94|0x0000000085e00000, 0x0000000085f00000, 0x0000000085f00000|100%| E|CS|TAMS 0x0000000085e00000, 0x0000000085e00000| Complete 
|  95|0x0000000085f00000, 0x0000000086000000, 0x0000000086000000|100%| E|  |TAMS 0x0000000085f00000, 0x0000000085f00000| Complete 
|  96|0x0000000086000000, 0x0000000086100000, 0x0000000086100000|100%| E|CS|TAMS 0x0000000086000000, 0x0000000086000000| Complete 
|  97|0x0000000086100000, 0x0000000086200000, 0x0000000086200000|100%| E|CS|TAMS 0x0000000086100000, 0x0000000086100000| Complete 
|  98|0x0000000086200000, 0x0000000086300000, 0x0000000086300000|100%| E|CS|TAMS 0x0000000086200000, 0x0000000086200000| Complete 
|  99|0x0000000086300000, 0x0000000086400000, 0x0000000086400000|100%| E|CS|TAMS 0x0000000086300000, 0x0000000086300000| Complete 
| 100|0x0000000086400000, 0x0000000086500000, 0x0000000086500000|100%| E|CS|TAMS 0x0000000086400000, 0x0000000086400000| Complete 
| 101|0x0000000086500000, 0x0000000086600000, 0x0000000086600000|100%| E|CS|TAMS 0x0000000086500000, 0x0000000086500000| Complete 
| 102|0x0000000086600000, 0x0000000086700000, 0x0000000086700000|100%| E|CS|TAMS 0x0000000086600000, 0x0000000086600000| Complete 
| 103|0x0000000086700000, 0x0000000086800000, 0x0000000086800000|100%| E|CS|TAMS 0x0000000086700000, 0x0000000086700000| Complete 
| 104|0x0000000086800000, 0x0000000086900000, 0x0000000086900000|100%| E|CS|TAMS 0x0000000086800000, 0x0000000086800000| Complete 
| 105|0x0000000086900000, 0x0000000086a00000, 0x0000000086a00000|100%| E|CS|TAMS 0x0000000086900000, 0x0000000086900000| Complete 
| 106|0x0000000086a00000, 0x0000000086b00000, 0x0000000086b00000|100%| E|CS|TAMS 0x0000000086a00000, 0x0000000086a00000| Complete 
| 107|0x0000000086b00000, 0x0000000086c00000, 0x0000000086c00000|100%| E|CS|TAMS 0x0000000086b00000, 0x0000000086b00000| Complete 
| 108|0x0000000086c00000, 0x0000000086d00000, 0x0000000086d00000|100%| E|CS|TAMS 0x0000000086c00000, 0x0000000086c00000| Complete 
| 109|0x0000000086d00000, 0x0000000086e00000, 0x0000000086e00000|100%| E|CS|TAMS 0x0000000086d00000, 0x0000000086d00000| Complete 
| 110|0x0000000086e00000, 0x0000000086f00000, 0x0000000086f00000|100%| E|CS|TAMS 0x0000000086e00000, 0x0000000086e00000| Complete 
| 111|0x0000000086f00000, 0x0000000087000000, 0x0000000087000000|100%| E|CS|TAMS 0x0000000086f00000, 0x0000000086f00000| Complete 
| 112|0x0000000087000000, 0x0000000087100000, 0x0000000087100000|100%| E|CS|TAMS 0x0000000087000000, 0x0000000087000000| Complete 
| 113|0x0000000087100000, 0x0000000087200000, 0x0000000087200000|100%| E|CS|TAMS 0x0000000087100000, 0x0000000087100000| Complete 
| 114|0x0000000087200000, 0x0000000087300000, 0x0000000087300000|100%| E|CS|TAMS 0x0000000087200000, 0x0000000087200000| Complete 
| 115|0x0000000087300000, 0x0000000087400000, 0x0000000087400000|100%| E|CS|TAMS 0x0000000087300000, 0x0000000087300000| Complete 
| 116|0x0000000087400000, 0x0000000087500000, 0x0000000087500000|100%| E|CS|TAMS 0x0000000087400000, 0x0000000087400000| Complete 
| 117|0x0000000087500000, 0x0000000087600000, 0x0000000087600000|100%| E|CS|TAMS 0x0000000087500000, 0x0000000087500000| Complete 
| 118|0x0000000087600000, 0x0000000087700000, 0x0000000087700000|100%| E|CS|TAMS 0x0000000087600000, 0x0000000087600000| Complete 
| 119|0x0000000087700000, 0x0000000087800000, 0x0000000087800000|100%| E|CS|TAMS 0x0000000087700000, 0x0000000087700000| Complete 
| 120|0x0000000087800000, 0x0000000087900000, 0x0000000087900000|100%| E|CS|TAMS 0x0000000087800000, 0x0000000087800000| Complete 
| 121|0x0000000087900000, 0x0000000087a00000, 0x0000000087a00000|100%| E|CS|TAMS 0x0000000087900000, 0x0000000087900000| Complete 
| 122|0x0000000087a00000, 0x0000000087b00000, 0x0000000087b00000|100%| E|CS|TAMS 0x0000000087a00000, 0x0000000087a00000| Complete 
| 123|0x0000000087b00000, 0x0000000087c00000, 0x0000000087c00000|100%| E|CS|TAMS 0x0000000087b00000, 0x0000000087b00000| Complete 
| 124|0x0000000087c00000, 0x0000000087d00000, 0x0000000087d00000|100%| E|CS|TAMS 0x0000000087c00000, 0x0000000087c00000| Complete 
| 125|0x0000000087d00000, 0x0000000087e00000, 0x0000000087e00000|100%| E|CS|TAMS 0x0000000087d00000, 0x0000000087d00000| Complete 

Card table byte_map: [0x0000024fc46b0000,0x0000024fc4ab0000] _byte_map_base: 0x0000024fc42b0000

Marking Bits (Prev, Next): (CMBitMap*) 0x0000024facd90880, (CMBitMap*) 0x0000024facd908c0
 Prev Bits: [0x0000024fc4eb0000, 0x0000024fc6eb0000)
 Next Bits: [0x0000024fc6eb0000, 0x0000024fc8eb0000)

Polling page: 0x0000024faace0000

Metaspace:

Usage:
  Non-class:     13.07 MB capacity,    12.80 MB ( 98%) used,   252.59 KB (  2%) free+waste,    22.06 KB ( <1%) overhead. 
      Class:      2.17 MB capacity,     2.02 MB ( 93%) used,   135.19 KB (  6%) free+waste,    10.62 KB ( <1%) overhead. 
       Both:     15.23 MB capacity,    14.82 MB ( 97%) used,   387.78 KB (  2%) free+waste,    32.69 KB ( <1%) overhead. 

Virtual space:
  Non-class space:       14.00 MB reserved,      13.25 MB ( 95%) committed 
      Class space:        1.00 GB reserved,       2.25 MB ( <1%) committed 
             Both:        1.01 GB reserved,      15.50 MB (  1%) committed 

Chunk freelists:
   Non-Class:  58.00 KB
       Class:  22.00 KB
        Both:  80.00 KB

MaxMetaspaceSize: 17179869184.00 GB
CompressedClassSpaceSize: 1.00 GB

CodeHeap 'non-profiled nmethods': size=120000Kb used=906Kb max_used=906Kb free=119093Kb
 bounds [0x0000024fbca50000, 0x0000024fbccc0000, 0x0000024fc3f80000]
CodeHeap 'profiled nmethods': size=120000Kb used=3972Kb max_used=3972Kb free=116027Kb
 bounds [0x0000024fb5520000, 0x0000024fb5910000, 0x0000024fbca50000]
CodeHeap 'non-nmethods': size=5760Kb used=1227Kb max_used=1246Kb free=4532Kb
 bounds [0x0000024fb4f80000, 0x0000024fb51f0000, 0x0000024fb5520000]
 total_blobs=2517 nmethods=2036 adapters=393
 compilation: enabled
              stopped_count=0, restarted_count=0
 full_count=0

Compilation events (20 events):
Event: 1.670 Thread 0x0000024fcb93baa0 2036       3       org.gradle.internal.service.DefaultServiceRegistry$ManagedObjectServiceProvider::requiredBy (20 bytes)
Event: 1.670 Thread 0x0000024fcb93baa0 nmethod 2036 0x0000024fb58fe610 code [0x0000024fb58fe7e0, 0x0000024fb58fece8]
Event: 1.670 Thread 0x0000024fcb93baa0 2037       3       org.gradle.internal.service.DefaultServiceRegistry$ManagedObjectServiceProvider::fromSameRegistry (27 bytes)
Event: 1.670 Thread 0x0000024fcb93baa0 nmethod 2037 0x0000024fb58fee10 code [0x0000024fb58fefc0, 0x0000024fb58ff378]
Event: 1.672 Thread 0x0000024fce31d170 nmethod 1963 0x0000024fbcb2f390 code [0x0000024fbcb2f5a0, 0x0000024fbcb30b70]
Event: 1.672 Thread 0x0000024fce31d170 1942       4       java.util.HashMap::get (19 bytes)
Event: 1.674 Thread 0x0000024fcb93baa0 2038       3       java.util.concurrent.locks.AbstractQueuedSynchronizer::release (19 bytes)
Event: 1.674 Thread 0x0000024fcb93baa0 nmethod 2038 0x0000024fb58ff490 code [0x0000024fb58ff680, 0x0000024fb58ffac8]
Event: 1.674 Thread 0x0000024fcb93baa0 2039       3       sun.invoke.util.BytecodeDescriptor::unparseMethod (66 bytes)
Event: 1.675 Thread 0x0000024fcb93baa0 nmethod 2039 0x0000024fb58ffc90 code [0x0000024fb58ffec0, 0x0000024fb5900528]
Event: 1.675 Thread 0x0000024fce31d170 nmethod 1942 0x0000024fbcb31810 code [0x0000024fbcb319a0, 0x0000024fbcb31c38]
Event: 1.675 Thread 0x0000024fce31d170 2013       4       java.lang.AbstractStringBuilder::appendChars (130 bytes)
Event: 1.676 Thread 0x0000024fcb93baa0 2040       3       java.util.concurrent.locks.AbstractQueuedSynchronizer::compareAndSetState (13 bytes)
Event: 1.677 Thread 0x0000024fcb93baa0 nmethod 2040 0x0000024fb5900810 code [0x0000024fb59009a0, 0x0000024fb5900ab8]
Event: 1.679 Thread 0x0000024fce31d170 nmethod 2013 0x0000024fbcb31f10 code [0x0000024fbcb320a0, 0x0000024fbcb323b8]
Event: 1.679 Thread 0x0000024fce31d170 2012       4       com.google.common.base.CharMatcher::indexIn (48 bytes)
Event: 1.681 Thread 0x0000024fce31d170 nmethod 2012 0x0000024fbcb32510 code [0x0000024fbcb326c0, 0x0000024fbcb32908]
Event: 1.681 Thread 0x0000024fce31d170 2027 %     4       sun.nio.cs.UTF_8$Decoder::decodeArrayLoop @ 73 (691 bytes)
Event: 1.683 Thread 0x0000024fcb93baa0 2041       3       java.util.concurrent.locks.ReentrantLock$Sync::tryRelease (51 bytes)
Event: 1.683 Thread 0x0000024fcb93baa0 nmethod 2041 0x0000024fb5900b90 code [0x0000024fb5900d40, 0x0000024fb5901088]

GC Heap History (4 events):
Event: 0.488 GC heap before
{Heap before GC invocations=0 (full 0):
 garbage-first heap   total 129024K, used 28672K [0x0000000080000000, 0x0000000100000000)
  region size 1024K, 23 young (23552K), 0 survivors (0K)
 Metaspace       used 3835K, capacity 6533K, committed 6656K, reserved 1056768K
  class space    used 474K, capacity 727K, committed 768K, reserved 1048576K
}
Event: 0.491 GC heap after
{Heap after GC invocations=1 (full 0):
 garbage-first heap   total 129024K, used 8263K [0x0000000080000000, 0x0000000100000000)
  region size 1024K, 3 young (3072K), 3 survivors (3072K)
 Metaspace       used 3835K, capacity 6533K, committed 6656K, reserved 1056768K
  class space    used 474K, capacity 727K, committed 768K, reserved 1048576K
}
Event: 0.729 GC heap before
{Heap before GC invocations=1 (full 0):
 garbage-first heap   total 129024K, used 36935K [0x0000000080000000, 0x0000000100000000)
  region size 1024K, 32 young (32768K), 3 survivors (3072K)
 Metaspace       used 4165K, capacity 6653K, committed 6656K, reserved 1056768K
  class space    used 512K, capacity 767K, committed 768K, reserved 1048576K
}
Event: 0.733 GC heap after
{Heap after GC invocations=2 (full 0):
 garbage-first heap   total 129024K, used 12829K [0x0000000080000000, 0x0000000100000000)
  region size 1024K, 4 young (4096K), 4 survivors (4096K)
 Metaspace       used 4165K, capacity 6653K, committed 6656K, reserved 1056768K
  class space    used 512K, capacity 767K, committed 768K, reserved 1048576K
}

Deoptimization events (20 events):
Event: 1.472 Thread 0x0000024fce1f1fe0 Uncommon trap: trap_request=0xffffffc6 fr.pc=0x0000024fbcb155cc relative=0x000000000000184c
Event: 1.472 Thread 0x0000024fce1f1fe0 Uncommon trap: reason=bimorphic_or_optimized_type_check action=maybe_recompile pc=0x0000024fbcb155cc method=java.util.HashMap.putVal(ILjava/lang/Object;Ljava/lang/Object;ZZ)Ljava/lang/Object; @ 91 c2
Event: 1.472 Thread 0x0000024fce1f1fe0 DEOPT PACKING pc=0x0000024fbcb155cc sp=0x000000516adfe840
Event: 1.472 Thread 0x0000024fce1f1fe0 DEOPT UNPACKING pc=0x0000024fb4f8852f sp=0x000000516adfe7e0 mode 2
Event: 1.484 Thread 0x0000024fce029400 Uncommon trap: trap_request=0xffffffc6 fr.pc=0x0000024fbcab1124 relative=0x0000000000000084
Event: 1.484 Thread 0x0000024fce029400 Uncommon trap: reason=bimorphic_or_optimized_type_check action=maybe_recompile pc=0x0000024fbcab1124 method=java.util.AbstractList$Itr.hasNext()Z @ 8 c2
Event: 1.484 Thread 0x0000024fce029400 DEOPT PACKING pc=0x0000024fbcab1124 sp=0x000000516a8fbdf0
Event: 1.484 Thread 0x0000024fce029400 DEOPT UNPACKING pc=0x0000024fb4f8852f sp=0x000000516a8fbd88 mode 2
Event: 1.484 Thread 0x0000024fce029400 Uncommon trap: trap_request=0xffffffc6 fr.pc=0x0000024fbcab14d4 relative=0x0000000000000134
Event: 1.484 Thread 0x0000024fce029400 Uncommon trap: reason=bimorphic_or_optimized_type_check action=maybe_recompile pc=0x0000024fbcab14d4 method=java.util.AbstractList$Itr.next()Ljava/lang/Object; @ 14 c2
Event: 1.484 Thread 0x0000024fce029400 DEOPT PACKING pc=0x0000024fbcab14d4 sp=0x000000516a8fbde0
Event: 1.484 Thread 0x0000024fce029400 DEOPT UNPACKING pc=0x0000024fb4f8852f sp=0x000000516a8fbd78 mode 2
Event: 1.484 Thread 0x0000024fce029400 Uncommon trap: trap_request=0xffffff45 fr.pc=0x0000024fbcaaf524 relative=0x0000000000000564
Event: 1.484 Thread 0x0000024fce029400 Uncommon trap: reason=unstable_if action=reinterpret pc=0x0000024fbcaaf524 method=java.io.File.getName()Ljava/lang/String; @ 16 c2
Event: 1.484 Thread 0x0000024fce029400 DEOPT PACKING pc=0x0000024fbcaaf524 sp=0x000000516a8fc8f0
Event: 1.484 Thread 0x0000024fce029400 DEOPT UNPACKING pc=0x0000024fb4f8852f sp=0x000000516a8fc8c0 mode 2
Event: 1.609 Thread 0x0000024fce029400 Uncommon trap: trap_request=0xffffff45 fr.pc=0x0000024fbcaafb5c relative=0x000000000000005c
Event: 1.609 Thread 0x0000024fce029400 Uncommon trap: reason=unstable_if action=reinterpret pc=0x0000024fbcaafb5c method=java.util.LinkedHashMap.afterNodeInsertion(Z)V @ 1 c2
Event: 1.609 Thread 0x0000024fce029400 DEOPT PACKING pc=0x0000024fbcaafb5c sp=0x000000516a8fc450
Event: 1.609 Thread 0x0000024fce029400 DEOPT UNPACKING pc=0x0000024fb4f8852f sp=0x000000516a8fc3d0 mode 2

Classes unloaded (0 events):
No events

Classes redefined (0 events):
No events

Internal exceptions (20 events):
Event: 1.117 Thread 0x0000024fcd347ff0 Exception <a 'java/lang/NoSuchMethodError'{0x0000000086fae340}: static Lorg/gradle/tooling/internal/provider/SubscribableBuildAction;.<clinit>()V> (0x0000000086fae340) 
thrown [./open/src/hotspot/share/prims/jni.cpp, line 1204]
Event: 1.118 Thread 0x0000024fcd347ff0 Exception <a 'java/lang/NoSuchMethodError'{0x0000000086fb6598}: static Lorg/gradle/tooling/internal/provider/BuildModelAction;.<clinit>()V> (0x0000000086fb6598) 
thrown [./open/src/hotspot/share/prims/jni.cpp, line 1204]
Event: 1.120 Thread 0x0000024fcd347ff0 Exception <a 'java/lang/NoSuchMethodError'{0x0000000086fc2930}: static Lorg/gradle/internal/build/event/BuildEventSubscriptions;.<clinit>()V> (0x0000000086fc2930) 
thrown [./open/src/hotspot/share/prims/jni.cpp, line 1204]
Event: 1.125 Thread 0x0000024fcd347ff0 Exception <a 'java/lang/NoSuchMethodError'{0x0000000086ff72e8}: static Ljava/lang/Object;.<clinit>()V> (0x0000000086ff72e8) 
thrown [./open/src/hotspot/share/prims/jni.cpp, line 1204]
Event: 1.127 Thread 0x0000024fcd347ff0 Exception <a 'java/lang/NoSuchMethodError'{0x0000000086e11c10}: static Lorg/gradle/api/internal/StartParameterInternal;.<clinit>()V> (0x0000000086e11c10) 
thrown [./open/src/hotspot/share/prims/jni.cpp, line 1204]
Event: 1.131 Thread 0x0000024fcd347ff0 Exception <a 'java/lang/NoSuchMethodError'{0x0000000086e4acc8}: static Lorg/gradle/internal/logging/DefaultLoggingConfiguration;.<clinit>()V> (0x0000000086e4acc8) 
thrown [./open/src/hotspot/share/prims/jni.cpp, line 1204]
Event: 1.132 Thread 0x0000024fcd347ff0 Exception <a 'java/lang/NoSuchMethodError'{0x0000000086e57fc0}: static Ljava/lang/Object;.<clinit>()V> (0x0000000086e57fc0) 
thrown [./open/src/hotspot/share/prims/jni.cpp, line 1204]
Event: 1.134 Thread 0x0000024fcd347ff0 Exception <a 'java/lang/NoSuchMethodError'{0x0000000086e7bfe0}: static Lorg/gradle/internal/DefaultTaskExecutionRequest;.<clinit>()V> (0x0000000086e7bfe0) 
thrown [./open/src/hotspot/share/prims/jni.cpp, line 1204]
Event: 1.135 Thread 0x0000024fcd347ff0 Exception <a 'java/lang/NoSuchMethodError'{0x0000000086e87260}: static Lorg/gradle/internal/deprecation/LoggingDeprecatable;.<clinit>()V> (0x0000000086e87260) 
thrown [./open/src/hotspot/share/prims/jni.cpp, line 1204]
Event: 1.176 Thread 0x0000024fce029400 Exception <a 'java/lang/NoSuchMethodError'{0x0000000086b01638}: 'void java.lang.invoke.DirectMethodHandle$Holder.invokeVirtual(java.lang.Object, java.lang.Object, java.lang.Object, java.lang.Object)'> (0x0000000086b01638) 
thrown [./open/src/hotspot/share/interpreter/linkResolver.cpp, line 782]
Event: 1.177 Thread 0x0000024fce029400 Exception <a 'java/lang/NoSuchMethodError'{0x0000000086b0b3b8}: 'void java.lang.invoke.DirectMethodHandle$Holder.invokeSpecial(java.lang.Object, java.lang.Object, java.lang.Object, java.lang.Object, java.lang.Object)'> (0x0000000086b0b3b8) 
thrown [./open/src/hotspot/share/interpreter/linkResolver.cpp, line 782]
Event: 1.178 Thread 0x0000024fce029400 Exception <a 'java/lang/NoSuchMethodError'{0x0000000086b12e40}: 'java.lang.Object java.lang.invoke.Invokers$Holder.invoker(java.lang.Object, java.lang.Object, java.lang.Object, java.lang.Object)'> (0x0000000086b12e40) 
thrown [./open/src/hotspot/share/interpreter/linkResolver.cpp, line 782]
Event: 1.182 Thread 0x0000024fce029400 Exception <a 'java/lang/NoSuchMethodError'{0x0000000086b482c8}: 'long java.lang.invoke.DirectMethodHandle$Holder.invokeInterface(java.lang.Object, java.lang.Object)'> (0x0000000086b482c8) 
thrown [./open/src/hotspot/share/interpreter/linkResolver.cpp, line 782]
Event: 1.185 Thread 0x0000024fce029400 Exception <a 'java/lang/NoSuchMethodError'{0x0000000086b63878}: 'void java.lang.invoke.DelegatingMethodHandle$Holder.reinvoke_L(java.lang.Object, java.lang.Object, java.lang.Object, java.lang.Object, java.lang.Object, java.lang.Object, java.lang.Object)'> (0x0000000086b63878) 
thrown [./open/src/hotspot/share/interpreter/linkResolver.cpp, line 782]
Event: 1.246 Thread 0x0000024fce029400 Exception <a 'java/lang/NoSuchMethodError'{0x000000008678ecd8}: 'java.lang.Object java.lang.invoke.DirectMethodHandle$Holder.invokeVirtual(java.lang.Object, java.lang.Object, java.lang.Object)'> (0x000000008678ecd8) 
thrown [./open/src/hotspot/share/interpreter/linkResolver.cpp, line 782]
Event: 1.314 Thread 0x0000024fce029400 Exception <a 'java/lang/NoSuchMethodError'{0x000000008627c298}: 'void java.lang.invoke.DirectMethodHandle$Holder.invokeStaticInit(java.lang.Object)'> (0x000000008627c298) 
thrown [./open/src/hotspot/share/interpreter/linkResolver.cpp, line 782]
Event: 1.507 Thread 0x0000024fce029400 Exception <a 'java/lang/NoSuchMethodError'{0x000000008573ff20}: 'int java.lang.invoke.DirectMethodHandle$Holder.invokeSpecialIFC(java.lang.Object, java.lang.Object, java.lang.Object, java.lang.Object)'> (0x000000008573ff20) 
thrown [./open/src/hotspot/share/interpreter/linkResolver.cpp, line 782]
Event: 1.510 Thread 0x0000024fce029400 Exception <a 'java/lang/NoSuchMethodError'{0x000000008574f3f0}: 'java.lang.Object java.lang.invoke.DirectMethodHandle$Holder.invokeInterface(java.lang.Object, java.lang.Object, java.lang.Object)'> (0x000000008574f3f0) 
thrown [./open/src/hotspot/share/interpreter/linkResolver.cpp, line 782]
Event: 1.510 Thread 0x0000024fce029400 Exception <a 'java/lang/IncompatibleClassChangeError'{0x0000000085752f30}: Found class java.lang.Object, but interface was expected> (0x0000000085752f30) 
thrown [./open/src/hotspot/share/interpreter/linkResolver.cpp, line 848]
Event: 1.593 Thread 0x0000024fce029400 Exception <a 'java/lang/NoSuchMethodError'{0x00000000851545e8}: 'java.lang.Object java.lang.invoke.DirectMethodHandle$Holder.invokeVirtual(java.lang.Object, java.lang.Object, java.lang.Object, java.lang.Object)'> (0x00000000851545e8) 
thrown [./open/src/hotspot/share/interpreter/linkResolver.cpp, line 782]

Events (20 events):
Event: 1.505 loading class java/util/concurrent/locks/ReadWriteLock done
Event: 1.506 loading class java/nio/file/FileVisitor
Event: 1.507 loading class java/nio/file/FileVisitor done
Event: 1.507 loading class java/nio/file/FileVisitOption
Event: 1.507 loading class java/nio/file/FileVisitOption done
Event: 1.509 Executing VM operation: ICBufferFull
Event: 1.509 Executing VM operation: ICBufferFull done
Event: 1.509 Executing VM operation: HandshakeAllThreads
Event: 1.509 Executing VM operation: HandshakeAllThreads done
Event: 1.511 loading class java/util/stream/ReduceOps$1
Event: 1.511 loading class java/util/stream/ReduceOps$1 done
Event: 1.511 loading class java/util/stream/ReduceOps$1ReducingSink
Event: 1.511 loading class java/util/stream/ReduceOps$1ReducingSink done
Event: 1.608 loading class java/lang/annotation/Target
Event: 1.608 loading class java/lang/annotation/Target done
Event: 1.650 Thread 0x0000024fce31d170 Thread added: 0x0000024fce31d170
Event: 1.668 loading class java/util/DualPivotQuicksort
Event: 1.668 loading class java/util/DualPivotQuicksort done
Event: 1.686 loading class java/lang/invoke/SerializedLambda
Event: 1.687 loading class java/lang/invoke/SerializedLambda done


Dynamic libraries:
0x00007ff6cf360000 - 0x00007ff6cf36f000 	C:\Program Files\Java\jdk-15.0.1\bin\java.exe
0x00007fff94ef0000 - 0x00007fff950e6000 	C:\Windows\SYSTEM32\ntdll.dll
0x00007fff94d20000 - 0x00007fff94ddd000 	C:\Windows\System32\KERNEL32.DLL
0x00007fff92c80000 - 0x00007fff92f48000 	C:\Windows\System32\KERNELBASE.dll
0x00007fff8f8c0000 - 0x00007fff8f950000 	C:\Windows\SYSTEM32\apphelp.dll
0x00007fff926e0000 - 0x00007fff927e0000 	C:\Windows\System32\ucrtbase.dll
0x00007fff61150000 - 0x00007fff61169000 	C:\Program Files\Java\jdk-15.0.1\bin\VCRUNTIME140.dll
0x00007fff61130000 - 0x00007fff61148000 	C:\Program Files\Java\jdk-15.0.1\bin\jli.dll
0x00007fff94b60000 - 0x00007fff94c0c000 	C:\Windows\System32\ADVAPI32.dll
0x00007fff93c40000 - 0x00007fff93cde000 	C:\Windows\System32\msvcrt.dll
0x00007fff93e80000 - 0x00007fff93f1b000 	C:\Windows\System32\sechost.dll
0x00007fff93fd0000 - 0x00007fff940f4000 	C:\Windows\System32\RPCRT4.dll
0x00007fff93ce0000 - 0x00007fff93e80000 	C:\Windows\System32\USER32.dll
0x00007fff92630000 - 0x00007fff92652000 	C:\Windows\System32\win32u.dll
0x00007fff94ce0000 - 0x00007fff94d0a000 	C:\Windows\System32\GDI32.dll
0x00007fff7cf90000 - 0x00007fff7d22b000 	C:\Windows\WinSxS\amd64_microsoft.windows.common-controls_6595b64144ccf1df_6.0.19041.488_none_ca04af081b815d21\COMCTL32.dll
0x00007fff927e0000 - 0x00007fff928e9000 	C:\Windows\System32\gdi32full.dll
0x00007fff928f0000 - 0x00007fff9298d000 	C:\Windows\System32\msvcp_win.dll
0x00007fff8afe0000 - 0x00007fff8afea000 	C:\Windows\SYSTEM32\VERSION.dll
0x00007fff94760000 - 0x00007fff94790000 	C:\Windows\System32\IMM32.DLL
0x00007fff6e800000 - 0x00007fff6e80c000 	C:\Program Files\Java\jdk-15.0.1\bin\vcruntime140_1.dll
0x00007fff61090000 - 0x00007fff61121000 	C:\Program Files\Java\jdk-15.0.1\bin\msvcp140.dll
0x00007fff46610000 - 0x00007fff4716e000 	C:\Program Files\Java\jdk-15.0.1\bin\server\jvm.dll
0x00007fff94920000 - 0x00007fff94928000 	C:\Windows\System32\PSAPI.DLL
0x00007fff903b0000 - 0x00007fff903d7000 	C:\Windows\SYSTEM32\WINMM.dll
0x00007fff7de30000 - 0x00007fff7de39000 	C:\Windows\SYSTEM32\WSOCK32.dll
0x00007fff94de0000 - 0x00007fff94e4b000 	C:\Windows\System32\WS2_32.dll
0x00007fff90f10000 - 0x00007fff90f22000 	C:\Windows\SYSTEM32\kernel.appcore.dll
0x00007fff66d90000 - 0x00007fff66d9a000 	C:\Program Files\Java\jdk-15.0.1\bin\jimage.dll
0x00007fff901c0000 - 0x00007fff903a4000 	C:\Windows\SYSTEM32\DBGHELP.DLL
0x00007fff90190000 - 0x00007fff901bc000 	C:\Windows\SYSTEM32\dbgcore.DLL
0x00007fff92660000 - 0x00007fff926df000 	C:\Windows\System32\bcryptPrimitives.dll
0x00007fff61060000 - 0x00007fff61085000 	C:\Program Files\Java\jdk-15.0.1\bin\java.dll
0x00007fff92f50000 - 0x00007fff93691000 	C:\Windows\System32\SHELL32.dll
0x00007fff90760000 - 0x00007fff90ef5000 	C:\Windows\SYSTEM32\windows.storage.dll
0x00007fff93790000 - 0x00007fff93ae5000 	C:\Windows\System32\combase.dll
0x00007fff920a0000 - 0x00007fff920cc000 	C:\Windows\SYSTEM32\Wldp.dll
0x00007fff94790000 - 0x00007fff9483e000 	C:\Windows\System32\SHCORE.dll
0x00007fff93730000 - 0x00007fff93785000 	C:\Windows\System32\shlwapi.dll
0x00007fff92560000 - 0x00007fff92586000 	C:\Windows\SYSTEM32\profapi.dll
0x00007fff61040000 - 0x00007fff61059000 	C:\Program Files\Java\jdk-15.0.1\bin\net.dll
0x00007fff82170000 - 0x00007fff82270000 	C:\Windows\SYSTEM32\WINHTTP.dll
0x00007fff91e20000 - 0x00007fff91e8a000 	C:\Windows\system32\mswsock.dll
0x00007fff61020000 - 0x00007fff61032000 	C:\Program Files\Java\jdk-15.0.1\bin\nio.dll
0x00007fff61000000 - 0x00007fff61018000 	C:\Program Files\Java\jdk-15.0.1\bin\zip.dll
0x00007fff66a30000 - 0x00007fff66a40000 	C:\Program Files\Java\jdk-15.0.1\bin\verify.dll
0x00007fff80450000 - 0x00007fff80477000 	C:\Users\crims\.gradle\native\f6784746aeab05261644944871eae4fe03e0ef1612fff0a4a95f87b438bc6780\windows-amd64\native-platform.dll
0x00007fff5a910000 - 0x00007fff5a919000 	C:\Program Files\Java\jdk-15.0.1\bin\management.dll
0x00007fff522e0000 - 0x00007fff522eb000 	C:\Program Files\Java\jdk-15.0.1\bin\management_ext.dll
0x00007fff91ff0000 - 0x00007fff92008000 	C:\Windows\SYSTEM32\CRYPTSP.dll
0x00007fff91740000 - 0x00007fff91774000 	C:\Windows\system32\rsaenh.dll
0x00007fff92a40000 - 0x00007fff92a67000 	C:\Windows\System32\bcrypt.dll
0x00007fff92520000 - 0x00007fff9254e000 	C:\Windows\SYSTEM32\USERENV.dll
0x00007fff92010000 - 0x00007fff9201c000 	C:\Windows\SYSTEM32\CRYPTBASE.dll
0x00007fff91ac0000 - 0x00007fff91afb000 	C:\Windows\SYSTEM32\IPHLPAPI.DLL
0x00007fff94d10000 - 0x00007fff94d18000 	C:\Windows\System32\NSI.dll
0x00007fff842a0000 - 0x00007fff842b7000 	C:\Windows\SYSTEM32\dhcpcsvc6.DLL
0x00007fff88a70000 - 0x00007fff88a8d000 	C:\Windows\SYSTEM32\dhcpcsvc.DLL
0x00007fff91b00000 - 0x00007fff91bcb000 	C:\Windows\SYSTEM32\DNSAPI.dll
0x00007fff8af20000 - 0x00007fff8af2b000 	C:\Windows\SYSTEM32\WINNSI.DLL

dbghelp: loaded successfully - version: 4.0.5 - missing functions: none
symbol engine: initialized successfully - sym options: 0x614 - pdb path: .;C:\Program Files\Java\jdk-15.0.1\bin;C:\Windows\SYSTEM32;C:\Windows\WinSxS\amd64_microsoft.windows.common-controls_6595b64144ccf1df_6.0.19041.488_none_ca04af081b815d21;C:\Program Files\Java\jdk-15.0.1\bin\server;C:\Users\crims\.gradle\native\f6784746aeab05261644944871eae4fe03e0ef1612fff0a4a95f87b438bc6780\windows-amd64

VM Arguments:
jvm_args: --add-opens=java.base/java.util=ALL-UNNAMED --add-opens=java.base/java.lang=ALL-UNNAMED --add-opens=java.base/java.lang.invoke=ALL-UNNAMED --add-opens=java.prefs/java.util.prefs=ALL-UNNAMED -Xmx2048m -Dfile.encoding=windows-1252 -Duser.country=US -Duser.language=en -Duser.variant 
java_command: org.gradle.launcher.daemon.bootstrap.GradleDaemon 6.5
java_class_path (initial): C:\Users\crims\.gradle\wrapper\dists\gradle-6.5-bin\6nifqtx7604sqp1q6g8wikw7p\gradle-6.5\lib\gradle-launcher-6.5.jar
Launcher Type: SUN_STANDARD

[Global flags]
     intx CICompilerCount                          = 4                                         {product} {ergonomic}
     uint ConcGCThreads                            = 2                                         {product} {ergonomic}
     uint G1ConcRefinementThreads                  = 8                                         {product} {ergonomic}
   size_t G1HeapRegionSize                         = 1048576                                   {product} {ergonomic}
    uintx GCDrainStackTargetSize                   = 64                                        {product} {ergonomic}
   size_t InitialHeapSize                          = 132120576                                 {product} {ergonomic}
   size_t MarkStackSize                            = 4194304                                   {product} {ergonomic}
   size_t MaxHeapSize                              = 2147483648                                {product} {command line}
   size_t MaxNewSize                               = 1287651328                                {product} {ergonomic}
   size_t MinHeapDeltaBytes                        = 1048576                                   {product} {ergonomic}
   size_t MinHeapSize                              = 8388608                                   {product} {ergonomic}
    uintx NonNMethodCodeHeapSize                   = 5839372                                {pd product} {ergonomic}
    uintx NonProfiledCodeHeapSize                  = 122909434                              {pd product} {ergonomic}
    uintx ProfiledCodeHeapSize                     = 122909434                              {pd product} {ergonomic}
    uintx ReservedCodeCacheSize                    = 251658240                              {pd product} {ergonomic}
     bool SegmentedCodeCache                       = true                                      {product} {ergonomic}
   size_t SoftMaxHeapSize                          = 2147483648                             {manageable} {ergonomic}
     bool UseCompressedClassPointers               = true                                 {lp64_product} {ergonomic}
     bool UseCompressedOops                        = true                                 {lp64_product} {ergonomic}
     bool UseG1GC                                  = true                                      {product} {ergonomic}
     bool UseLargePagesIndividualAllocation        = false                                  {pd product} {ergonomic}

Logging:
Log output configuration:
 #0: stdout all=warning uptime,level,tags
 #1: stderr all=off uptime,level,tags

Environment Variables:
CLASSPATH=C:\Program Files\Java\jdk-15.0.1\lib
PATH=C:\Program Files\Common Files\Oracle\Java\javapath;C:\Program Files (x86)\Common Files\Oracle\Java\javapath;C:\Windows\system32;C:\Windows;C:\Windows\System32\Wbem;C:\Windows\System32\WindowsPowerShell\v1.0\;C:\Windows\System32\OpenSSH\;C:\Program Files\Git\cmd;C:\Program Files\Java\jdk-15.0.1\bin;D:\Microsoft VS Code\bin
USERNAME=crims
OS=Windows_NT
PROCESSOR_IDENTIFIER=Intel64 Family 6 Model 126 Stepping 5, GenuineIntel



---------------  S Y S T E M  ---------------

OS:
 Windows 10 , 64 bit Build 19041 (10.0.19041.546)
OS uptime: 0 days 1:39 hours

CPU: total 8 (initial active 8) (4 cores per cpu, 2 threads per core) family 6 model 126 stepping 5 microcode 0xa0, cmov, cx8, fxsr, mmx, sse, sse2, sse3, ssse3, sse4.1, sse4.2, popcnt, vzeroupper, avx, avx2, aes, clmul, erms, 3dnowpref, lzcnt, ht, tsc, tscinvbit, bmi1, bmi2, adx, avx512f, avx512dq, avx512cd, avx512bw, avx512vl, avx512_vpopcntdq, avx512_vpclmulqdq, avx512_vbmi, avx512_vbmi2, avx512_vaes, avx512_vnni, sha, fma, clflush, clflushopt

Memory: 4k page, system-wide physical 7959M (430M free)
TotalPageFile size 23527M (AvailPageFile size 5M)
current process WorkingSet (physical memory assigned to process): 151M, peak: 151M
current process commit charge ("private bytes"): 266M, peak: 266M

vm_info: Java HotSpot(TM) 64-Bit Server VM (15.0.1+9-18) for windows-amd64 JRE (15.0.1+9-18), built on Sep 15 2020 14:43:54 by "mach5one" with unknown MS VC++:1925

END.
